WARNING: HADOOP_PREFIX has been replaced by HADOOP_HOME. Using value of HADOOP_PREFIX.
WARNING: /.clojurians-org/opt/hadoop/logs does not exist. Creating.
2016-11-19 08:39:46,239 INFO resourcemanager.ResourceManager: STARTUP_MSG: 
/************************************************************
STARTUP_MSG: Starting ResourceManager
STARTUP_MSG:   user = root
STARTUP_MSG:   host = node3/192.168.1.3
STARTUP_MSG:   args = []
STARTUP_MSG:   version = 3.0.0-alpha1
STARTUP_MSG:   classpath = /.clojurians-org/opt/hadoop/etc/hadoop:/.clojurians-org/opt/hadoop/share/hadoop/common/lib/slf4j-log4j12-1.7.10.jar:/.clojurians-org/opt/hadoop/share/hadoop/common/lib/jetty-6.1.26.jar:/.clojurians-org/opt/hadoop/share/hadoop/common/lib/json-smart-1.1.1.jar:/.clojurians-org/opt/hadoop/share/hadoop/common/lib/jets3t-0.9.0.jar:/.clojurians-org/opt/hadoop/share/hadoop/common/lib/jsp-api-2.1.jar:/.clojurians-org/opt/hadoop/share/hadoop/common/lib/zookeeper-3.4.6.jar:/.clojurians-org/opt/hadoop/share/hadoop/common/lib/kerb-crypto-1.0.0-RC2.jar:/.clojurians-org/opt/hadoop/share/hadoop/common/lib/commons-lang-2.6.jar:/.clojurians-org/opt/hadoop/share/hadoop/common/lib/re2j-1.0.jar:/.clojurians-org/opt/hadoop/share/hadoop/common/lib/jsch-0.1.51.jar:/.clojurians-org/opt/hadoop/share/hadoop/common/lib/commons-math3-3.1.1.jar:/.clojurians-org/opt/hadoop/share/hadoop/common/lib/curator-recipes-2.7.1.jar:/.clojurians-org/opt/hadoop/share/hadoop/common/lib/kerb-admin-1.0.0-RC2.jar:/.clojurians-org/opt/hadoop/share/hadoop/common/lib/jersey-json-1.19.jar:/.clojurians-org/opt/hadoop/share/hadoop/common/lib/jetty-util-6.1.26.jar:/.clojurians-org/opt/hadoop/share/hadoop/common/lib/snappy-java-1.0.4.1.jar:/.clojurians-org/opt/hadoop/share/hadoop/common/lib/xz-1.0.jar:/.clojurians-org/opt/hadoop/share/hadoop/common/lib/curator-client-2.7.1.jar:/.clojurians-org/opt/hadoop/share/hadoop/common/lib/kerb-core-1.0.0-RC2.jar:/.clojurians-org/opt/hadoop/share/hadoop/common/lib/jaxb-api-2.2.2.jar:/.clojurians-org/opt/hadoop/share/hadoop/common/lib/jetty-sslengine-6.1.26.jar:/.clojurians-org/opt/hadoop/share/hadoop/common/lib/avro-1.7.4.jar:/.clojurians-org/opt/hadoop/share/hadoop/common/lib/htrace-core4-4.0.1-incubating.jar:/.clojurians-org/opt/hadoop/share/hadoop/common/lib/kerb-client-1.0.0-RC2.jar:/.clojurians-org/opt/hadoop/share/hadoop/common/lib/jsr305-3.0.0.jar:/.clojurians-org/opt/hadoop/share/hadoop/common/lib/hadoop-annotations-3.0.0-alpha1.jar:/.clojurians-org/opt/hadoop/share/hadoop/common/lib/jsr311-api-1.1.1.jar:/.clojurians-org/opt/hadoop/share/hadoop/common/lib/jackson-xc-1.9.13.jar:/.clojurians-org/opt/hadoop/share/hadoop/common/lib/commons-io-2.4.jar:/.clojurians-org/opt/hadoop/share/hadoop/common/lib/jettison-1.1.jar:/.clojurians-org/opt/hadoop/share/hadoop/common/lib/jersey-servlet-1.19.jar:/.clojurians-org/opt/hadoop/share/hadoop/common/lib/kerby-pkix-1.0.0-RC2.jar:/.clojurians-org/opt/hadoop/share/hadoop/common/lib/log4j-1.2.17.jar:/.clojurians-org/opt/hadoop/share/hadoop/common/lib/jaxb-impl-2.2.3-1.jar:/.clojurians-org/opt/hadoop/share/hadoop/common/lib/paranamer-2.3.jar:/.clojurians-org/opt/hadoop/share/hadoop/common/lib/commons-beanutils-core-1.8.0.jar:/.clojurians-org/opt/hadoop/share/hadoop/common/lib/servlet-api-2.5.jar:/.clojurians-org/opt/hadoop/share/hadoop/common/lib/commons-configuration-1.6.jar:/.clojurians-org/opt/hadoop/share/hadoop/common/lib/java-xmlbuilder-0.4.jar:/.clojurians-org/opt/hadoop/share/hadoop/common/lib/jersey-server-1.19.jar:/.clojurians-org/opt/hadoop/share/hadoop/common/lib/hadoop-auth-3.0.0-alpha1.jar:/.clojurians-org/opt/hadoop/share/hadoop/common/lib/mockito-all-1.8.5.jar:/.clojurians-org/opt/hadoop/share/hadoop/common/lib/commons-codec-1.4.jar:/.clojurians-org/opt/hadoop/share/hadoop/common/lib/commons-cli-1.2.jar:/.clojurians-org/opt/hadoop/share/hadoop/common/lib/junit-4.11.jar:/.clojurians-org/opt/hadoop/share/hadoop/common/lib/commons-beanutils-1.7.0.jar:/.clojurians-org/opt/hadoop/share/hadoop/common/lib/jackson-mapper-asl-1.9.13.jar:/.clojurians-org/opt/hadoop/share/hadoop/common/lib/httpcore-4.4.4.jar:/.clojurians-org/opt/hadoop/share/hadoop/common/lib/kerby-util-1.0.0-RC2.jar:/.clojurians-org/opt/hadoop/share/hadoop/common/lib/netty-3.10.5.Final.jar:/.clojurians-org/opt/hadoop/share/hadoop/common/lib/commons-collections-3.2.2.jar:/.clojurians-org/opt/hadoop/share/hadoop/common/lib/commons-digester-1.8.jar:/.clojurians-org/opt/hadoop/share/hadoop/common/lib/commons-compress-1.4.1.jar:/.clojurians-org/opt/hadoop/share/hadoop/common/lib/gson-2.2.4.jar:/.clojurians-org/opt/hadoop/share/hadoop/common/lib/kerby-config-1.0.0-RC2.jar:/.clojurians-org/opt/hadoop/share/hadoop/common/lib/commons-logging-1.1.3.jar:/.clojurians-org/opt/hadoop/share/hadoop/common/lib/curator-framework-2.7.1.jar:/.clojurians-org/opt/hadoop/share/hadoop/common/lib/nimbus-jose-jwt-3.9.jar:/.clojurians-org/opt/hadoop/share/hadoop/common/lib/kerb-simplekdc-1.0.0-RC2.jar:/.clojurians-org/opt/hadoop/share/hadoop/common/lib/kerb-common-1.0.0-RC2.jar:/.clojurians-org/opt/hadoop/share/hadoop/common/lib/httpclient-4.5.2.jar:/.clojurians-org/opt/hadoop/share/hadoop/common/lib/commons-net-3.1.jar:/.clojurians-org/opt/hadoop/share/hadoop/common/lib/kerb-util-1.0.0-RC2.jar:/.clojurians-org/opt/hadoop/share/hadoop/common/lib/activation-1.1.jar:/.clojurians-org/opt/hadoop/share/hadoop/common/lib/jackson-core-asl-1.9.13.jar:/.clojurians-org/opt/hadoop/share/hadoop/common/lib/hamcrest-core-1.3.jar:/.clojurians-org/opt/hadoop/share/hadoop/common/lib/slf4j-api-1.7.10.jar:/.clojurians-org/opt/hadoop/share/hadoop/common/lib/jcip-annotations-1.0.jar:/.clojurians-org/opt/hadoop/share/hadoop/common/lib/stax-api-1.0-2.jar:/.clojurians-org/opt/hadoop/share/hadoop/common/lib/kerb-identity-1.0.0-RC2.jar:/.clojurians-org/opt/hadoop/share/hadoop/common/lib/xmlenc-0.52.jar:/.clojurians-org/opt/hadoop/share/hadoop/common/lib/protobuf-java-2.5.0.jar:/.clojurians-org/opt/hadoop/share/hadoop/common/lib/kerby-asn1-1.0.0-RC2.jar:/.clojurians-org/opt/hadoop/share/hadoop/common/lib/kerb-server-1.0.0-RC2.jar:/.clojurians-org/opt/hadoop/share/hadoop/common/lib/jackson-jaxrs-1.9.13.jar:/.clojurians-org/opt/hadoop/share/hadoop/common/lib/jersey-core-1.19.jar:/.clojurians-org/opt/hadoop/share/hadoop/common/lib/guava-11.0.2.jar:/.clojurians-org/opt/hadoop/share/hadoop/common/hadoop-common-3.0.0-alpha1-tests.jar:/.clojurians-org/opt/hadoop/share/hadoop/common/hadoop-nfs-3.0.0-alpha1.jar:/.clojurians-org/opt/hadoop/share/hadoop/common/hadoop-common-3.0.0-alpha1.jar:/.clojurians-org/opt/hadoop/share/hadoop/hdfs:/.clojurians-org/opt/hadoop/share/hadoop/hdfs/lib/commons-daemon-1.0.13.jar:/.clojurians-org/opt/hadoop/share/hadoop/hdfs/lib/okio-1.4.0.jar:/.clojurians-org/opt/hadoop/share/hadoop/hdfs/lib/leveldbjni-all-1.8.jar:/.clojurians-org/opt/hadoop/share/hadoop/hdfs/lib/xml-apis-1.3.04.jar:/.clojurians-org/opt/hadoop/share/hadoop/hdfs/lib/netty-all-4.1.0.Beta5.jar:/.clojurians-org/opt/hadoop/share/hadoop/hdfs/lib/hadoop-hdfs-client-3.0.0-alpha1.jar:/.clojurians-org/opt/hadoop/share/hadoop/hdfs/lib/hpack-0.11.0.jar:/.clojurians-org/opt/hadoop/share/hadoop/hdfs/lib/okhttp-2.4.0.jar:/.clojurians-org/opt/hadoop/share/hadoop/hdfs/lib/xercesImpl-2.9.1.jar:/.clojurians-org/opt/hadoop/share/hadoop/hdfs/hadoop-hdfs-native-client-3.0.0-alpha1.jar:/.clojurians-org/opt/hadoop/share/hadoop/hdfs/hadoop-hdfs-nfs-3.0.0-alpha1.jar:/.clojurians-org/opt/hadoop/share/hadoop/hdfs/hadoop-hdfs-native-client-3.0.0-alpha1-tests.jar:/.clojurians-org/opt/hadoop/share/hadoop/hdfs/hadoop-hdfs-client-3.0.0-alpha1-tests.jar:/.clojurians-org/opt/hadoop/share/hadoop/hdfs/hadoop-hdfs-3.0.0-alpha1.jar:/.clojurians-org/opt/hadoop/share/hadoop/hdfs/hadoop-hdfs-3.0.0-alpha1-tests.jar:/.clojurians-org/opt/hadoop/share/hadoop/mapreduce/hadoop-mapreduce-client-hs-plugins-3.0.0-alpha1.jar:/.clojurians-org/opt/hadoop/share/hadoop/mapreduce/hadoop-mapreduce-client-jobclient-3.0.0-alpha1.jar:/.clojurians-org/opt/hadoop/share/hadoop/mapreduce/hadoop-mapreduce-client-common-3.0.0-alpha1.jar:/.clojurians-org/opt/hadoop/share/hadoop/mapreduce/hadoop-mapreduce-client-core-3.0.0-alpha1.jar:/.clojurians-org/opt/hadoop/share/hadoop/mapreduce/hadoop-mapreduce-client-shuffle-3.0.0-alpha1.jar:/.clojurians-org/opt/hadoop/share/hadoop/mapreduce/hadoop-mapreduce-examples-3.0.0-alpha1.jar:/.clojurians-org/opt/hadoop/share/hadoop/mapreduce/hadoop-mapreduce-client-app-3.0.0-alpha1.jar:/.clojurians-org/opt/hadoop/share/hadoop/mapreduce/hadoop-mapreduce-client-hs-3.0.0-alpha1.jar:/.clojurians-org/opt/hadoop/share/hadoop/mapreduce/hadoop-mapreduce-client-jobclient-3.0.0-alpha1-tests.jar:/.clojurians-org/opt/hadoop/share/hadoop/mapreduce/hadoop-mapreduce-client-nativetask-3.0.0-alpha1.jar:/.clojurians-org/opt/hadoop/share/hadoop/yarn/lib/twill-discovery-core-0.6.0-incubating.jar:/.clojurians-org/opt/hadoop/share/hadoop/yarn/lib/guice-4.0.jar:/.clojurians-org/opt/hadoop/share/hadoop/yarn/lib/metrics-core-2.2.0.jar:/.clojurians-org/opt/hadoop/share/hadoop/yarn/lib/servlet-api-2.5-6.1.14.jar:/.clojurians-org/opt/hadoop/share/hadoop/yarn/lib/zookeeper-3.4.6-tests.jar:/.clojurians-org/opt/hadoop/share/hadoop/yarn/lib/joni-2.1.2.jar:/.clojurians-org/opt/hadoop/share/hadoop/yarn/lib/metrics-core-3.1.0.jar:/.clojurians-org/opt/hadoop/share/hadoop/yarn/lib/annotations-1.3.2.jar:/.clojurians-org/opt/hadoop/share/hadoop/yarn/lib/tephra-core-0.7.0.jar:/.clojurians-org/opt/hadoop/share/hadoop/yarn/lib/hbase-prefix-tree-1.1.3.jar:/.clojurians-org/opt/hadoop/share/hadoop/yarn/lib/hbase-hadoop2-compat-1.1.3.jar:/.clojurians-org/opt/hadoop/share/hadoop/yarn/lib/metrics-core-3.0.1.jar:/.clojurians-org/opt/hadoop/share/hadoop/yarn/lib/stringtemplate-3.2.1.jar:/.clojurians-org/opt/hadoop/share/hadoop/yarn/lib/antlr-3.5.jar:/.clojurians-org/opt/hadoop/share/hadoop/yarn/lib/commons-httpclient-3.1.jar:/.clojurians-org/opt/hadoop/share/hadoop/yarn/lib/commons-math-2.2.jar:/.clojurians-org/opt/hadoop/share/hadoop/yarn/lib/sqlline-1.1.8.jar:/.clojurians-org/opt/hadoop/share/hadoop/yarn/lib/ST4-4.0.7.jar:/.clojurians-org/opt/hadoop/share/hadoop/yarn/lib/twill-core-0.6.0-incubating.jar:/.clojurians-org/opt/hadoop/share/hadoop/yarn/lib/findbugs-annotations-1.3.9-1.jar:/.clojurians-org/opt/hadoop/share/hadoop/yarn/lib/commons-el-1.0.jar:/.clojurians-org/opt/hadoop/share/hadoop/yarn/lib/jsp-api-2.1-6.1.14.jar:/.clojurians-org/opt/hadoop/share/hadoop/yarn/lib/objenesis-2.1.jar:/.clojurians-org/opt/hadoop/share/hadoop/yarn/lib/jcodings-1.0.8.jar:/.clojurians-org/opt/hadoop/share/hadoop/yarn/lib/hbase-server-1.1.3.jar:/.clojurians-org/opt/hadoop/share/hadoop/yarn/lib/hbase-common-1.1.3.jar:/.clojurians-org/opt/hadoop/share/hadoop/yarn/lib/twill-discovery-api-0.6.0-incubating.jar:/.clojurians-org/opt/hadoop/share/hadoop/yarn/lib/javax.inject-1.jar:/.clojurians-org/opt/hadoop/share/hadoop/yarn/lib/guice-assistedinject-3.0.jar:/.clojurians-org/opt/hadoop/share/hadoop/yarn/lib/twill-api-0.6.0-incubating.jar:/.clojurians-org/opt/hadoop/share/hadoop/yarn/lib/twill-common-0.6.0-incubating.jar:/.clojurians-org/opt/hadoop/share/hadoop/yarn/lib/phoenix-core-4.7.0-HBase-1.1.jar:/.clojurians-org/opt/hadoop/share/hadoop/yarn/lib/jasper-runtime-5.5.23.jar:/.clojurians-org/opt/hadoop/share/hadoop/yarn/lib/jersey-guice-1.19.jar:/.clojurians-org/opt/hadoop/share/hadoop/yarn/lib/hbase-procedure-1.1.3.jar:/.clojurians-org/opt/hadoop/share/hadoop/yarn/lib/fst-2.24.jar:/.clojurians-org/opt/hadoop/share/hadoop/yarn/lib/tephra-hbase-compat-1.1-0.7.0.jar:/.clojurians-org/opt/hadoop/share/hadoop/yarn/lib/hbase-hadoop-compat-1.1.3.jar:/.clojurians-org/opt/hadoop/share/hadoop/yarn/lib/antlr-2.7.7.jar:/.clojurians-org/opt/hadoop/share/hadoop/yarn/lib/antlr-runtime-3.5.jar:/.clojurians-org/opt/hadoop/share/hadoop/yarn/lib/commons-csv-1.0.jar:/.clojurians-org/opt/hadoop/share/hadoop/yarn/lib/curator-test-2.7.1.jar:/.clojurians-org/opt/hadoop/share/hadoop/yarn/lib/jsp-2.1-6.1.14.jar:/.clojurians-org/opt/hadoop/share/hadoop/yarn/lib/tephra-api-0.7.0.jar:/.clojurians-org/opt/hadoop/share/hadoop/yarn/lib/javassist-3.18.1-GA.jar:/.clojurians-org/opt/hadoop/share/hadoop/yarn/lib/fastutil-6.5.6.jar:/.clojurians-org/opt/hadoop/share/hadoop/yarn/lib/hbase-client-1.1.3.jar:/.clojurians-org/opt/hadoop/share/hadoop/yarn/lib/snappy-0.3.jar:/.clojurians-org/opt/hadoop/share/hadoop/yarn/lib/hbase-protocol-1.1.3.jar:/.clojurians-org/opt/hadoop/share/hadoop/yarn/lib/disruptor-3.3.0.jar:/.clojurians-org/opt/hadoop/share/hadoop/yarn/lib/jersey-client-1.19.jar:/.clojurians-org/opt/hadoop/share/hadoop/yarn/lib/hbase-annotations-1.1.3.jar:/.clojurians-org/opt/hadoop/share/hadoop/yarn/lib/guice-servlet-4.0.jar:/.clojurians-org/opt/hadoop/share/hadoop/yarn/lib/asm-all-5.0.2.jar:/.clojurians-org/opt/hadoop/share/hadoop/yarn/lib/jamon-runtime-2.3.1.jar:/.clojurians-org/opt/hadoop/share/hadoop/yarn/lib/aopalliance-1.0.jar:/.clojurians-org/opt/hadoop/share/hadoop/yarn/lib/libthrift-0.9.0.jar:/.clojurians-org/opt/hadoop/share/hadoop/yarn/lib/twill-zookeeper-0.6.0-incubating.jar:/.clojurians-org/opt/hadoop/share/hadoop/yarn/lib/htrace-core-3.1.0-incubating.jar:/.clojurians-org/opt/hadoop/share/hadoop/yarn/lib/jasper-compiler-5.5.23.jar:/.clojurians-org/opt/hadoop/share/hadoop/yarn/hadoop-yarn-server-nodemanager-3.0.0-alpha1.jar:/.clojurians-org/opt/hadoop/share/hadoop/yarn/hadoop-yarn-server-web-proxy-3.0.0-alpha1.jar:/.clojurians-org/opt/hadoop/share/hadoop/yarn/hadoop-yarn-client-3.0.0-alpha1.jar:/.clojurians-org/opt/hadoop/share/hadoop/yarn/hadoop-yarn-common-3.0.0-alpha1.jar:/.clojurians-org/opt/hadoop/share/hadoop/yarn/hadoop-yarn-server-applicationhistoryservice-3.0.0-alpha1.jar:/.clojurians-org/opt/hadoop/share/hadoop/yarn/hadoop-yarn-server-timelineservice-3.0.0-alpha1.jar:/.clojurians-org/opt/hadoop/share/hadoop/yarn/hadoop-yarn-server-sharedcachemanager-3.0.0-alpha1.jar:/.clojurians-org/opt/hadoop/share/hadoop/yarn/hadoop-yarn-registry-3.0.0-alpha1.jar:/.clojurians-org/opt/hadoop/share/hadoop/yarn/hadoop-yarn-applications-distributedshell-3.0.0-alpha1.jar:/.clojurians-org/opt/hadoop/share/hadoop/yarn/hadoop-yarn-server-tests-3.0.0-alpha1.jar:/.clojurians-org/opt/hadoop/share/hadoop/yarn/hadoop-yarn-api-3.0.0-alpha1.jar:/.clojurians-org/opt/hadoop/share/hadoop/yarn/hadoop-yarn-server-common-3.0.0-alpha1.jar:/.clojurians-org/opt/hadoop/share/hadoop/yarn/hadoop-yarn-server-timelineservice-hbase-tests-3.0.0-alpha1.jar:/.clojurians-org/opt/hadoop/share/hadoop/yarn/hadoop-yarn-server-timeline-pluginstorage-3.0.0-alpha1.jar:/.clojurians-org/opt/hadoop/share/hadoop/yarn/hadoop-yarn-server-resourcemanager-3.0.0-alpha1.jar:/.clojurians-org/opt/hadoop/share/hadoop/yarn/hadoop-yarn-applications-unmanaged-am-launcher-3.0.0-alpha1.jar
STARTUP_MSG:   build = https://github.com/clojurians-org/spiderdt-env.git -r b77bb136a9c75333fe93ea30e3fcb56ebc0fe763; compiled by 'spiderdt' on 2016-11-19T05:41Z
STARTUP_MSG:   java = 1.8.0_60
************************************************************/
2016-11-19 08:39:46,244 INFO resourcemanager.ResourceManager: registered UNIX signal handlers for [TERM, HUP, INT]
2016-11-19 08:39:46,411 INFO conf.Configuration: found resource core-site.xml at file:/.clojurians-org/opt/hadoop-3.0.0-alpha1/etc/hadoop/core-site.xml
2016-11-19 08:39:46,436 WARN util.NativeCodeLoader: Unable to load native-hadoop library for your platform... using builtin-java classes where applicable
2016-11-19 08:39:46,451 INFO security.Groups: clearing userToGroupsMap cache
2016-11-19 08:39:46,486 INFO conf.Configuration: found resource yarn-site.xml at file:/.clojurians-org/opt/hadoop-3.0.0-alpha1/etc/hadoop/yarn-site.xml
2016-11-19 08:39:46,575 INFO event.AsyncDispatcher: Registering class org.apache.hadoop.yarn.server.resourcemanager.RMFatalEventType for class org.apache.hadoop.yarn.server.resourcemanager.ResourceManager$RMFatalEventDispatcher
2016-11-19 08:39:46,667 INFO security.NMTokenSecretManagerInRM: NMTokenKeyRollingInterval: 86400000ms and NMTokenKeyActivationDelay: 900000ms
2016-11-19 08:39:46,669 INFO security.RMContainerTokenSecretManager: ContainerTokenKeyRollingInterval: 86400000ms and ContainerTokenKeyActivationDelay: 900000ms
2016-11-19 08:39:46,672 INFO security.AMRMTokenSecretManager: AMRMTokenKeyRollingInterval: 86400000ms and AMRMTokenKeyActivationDelay: 900000 ms
2016-11-19 08:39:46,689 INFO event.AsyncDispatcher: Registering class org.apache.hadoop.yarn.server.resourcemanager.recovery.RMStateStoreEventType for class org.apache.hadoop.yarn.server.resourcemanager.recovery.RMStateStore$ForwardingEventHandler
2016-11-19 08:39:46,690 INFO event.AsyncDispatcher: Registering class org.apache.hadoop.yarn.server.resourcemanager.NodesListManagerEventType for class org.apache.hadoop.yarn.server.resourcemanager.NodesListManager
2016-11-19 08:39:46,691 INFO resourcemanager.ResourceManager: Using Scheduler: org.apache.hadoop.yarn.server.resourcemanager.scheduler.capacity.CapacityScheduler
2016-11-19 08:39:46,704 INFO event.AsyncDispatcher: Registering class org.apache.hadoop.yarn.server.resourcemanager.scheduler.event.SchedulerEventType for class org.apache.hadoop.yarn.event.EventDispatcher
2016-11-19 08:39:46,704 INFO event.AsyncDispatcher: Registering class org.apache.hadoop.yarn.server.resourcemanager.rmapp.RMAppEventType for class org.apache.hadoop.yarn.server.resourcemanager.ResourceManager$ApplicationEventDispatcher
2016-11-19 08:39:46,705 INFO event.AsyncDispatcher: Registering class org.apache.hadoop.yarn.server.resourcemanager.rmapp.attempt.RMAppAttemptEventType for class org.apache.hadoop.yarn.server.resourcemanager.ResourceManager$ApplicationAttemptEventDispatcher
2016-11-19 08:39:46,705 INFO event.AsyncDispatcher: Registering class org.apache.hadoop.yarn.server.resourcemanager.rmnode.RMNodeEventType for class org.apache.hadoop.yarn.server.resourcemanager.ResourceManager$NodeEventDispatcher
2016-11-19 08:39:46,736 INFO impl.MetricsConfig: loaded properties from hadoop-metrics2.properties
2016-11-19 08:39:46,772 INFO impl.MetricsSystemImpl: Scheduled snapshot period at 10 second(s).
2016-11-19 08:39:46,772 INFO impl.MetricsSystemImpl: ResourceManager metrics system started
2016-11-19 08:39:46,780 INFO security.YarnAuthorizationProvider: org.apache.hadoop.yarn.security.ConfiguredYarnAuthorizer is instiantiated.
2016-11-19 08:39:46,781 INFO event.AsyncDispatcher: Registering class org.apache.hadoop.yarn.server.resourcemanager.RMAppManagerEventType for class org.apache.hadoop.yarn.server.resourcemanager.RMAppManager
2016-11-19 08:39:46,785 INFO event.AsyncDispatcher: Registering class org.apache.hadoop.yarn.server.resourcemanager.amlauncher.AMLauncherEventType for class org.apache.hadoop.yarn.server.resourcemanager.amlauncher.ApplicationMasterLauncher
2016-11-19 08:39:46,786 INFO resourcemanager.RMNMInfo: Registered RMNMInfo MBean
2016-11-19 08:39:46,789 INFO util.HostsFileReader: Refreshing hosts (include/exclude) list
2016-11-19 08:39:46,792 INFO conf.Configuration: found resource capacity-scheduler.xml at file:/.clojurians-org/opt/hadoop-3.0.0-alpha1/etc/hadoop/capacity-scheduler.xml
2016-11-19 08:39:46,829 INFO capacity.CapacitySchedulerConfiguration: max alloc mb per queue for root is undefined
2016-11-19 08:39:46,829 INFO capacity.CapacitySchedulerConfiguration: max alloc vcore per queue for root is undefined
2016-11-19 08:39:46,835 INFO capacity.ParentQueue: root, capacity=1.0, asboluteCapacity=1.0, maxCapacity=1.0, asboluteMaxCapacity=1.0, state=RUNNING, acls=ADMINISTER_QUEUE:*SUBMIT_APP:*, labels=*,
, reservationsContinueLooking=true
2016-11-19 08:39:46,835 INFO capacity.ParentQueue: Initialized parent-queue root name=root, fullname=root
2016-11-19 08:39:46,844 INFO capacity.CapacitySchedulerConfiguration: max alloc mb per queue for root.default is undefined
2016-11-19 08:39:46,844 INFO capacity.CapacitySchedulerConfiguration: max alloc vcore per queue for root.default is undefined
2016-11-19 08:39:46,845 INFO capacity.LeafQueue: Initializing default
capacity = 1.0 [= (float) configuredCapacity / 100 ]
asboluteCapacity = 1.0 [= parentAbsoluteCapacity * capacity ]
maxCapacity = 1.0 [= configuredMaxCapacity ]
absoluteMaxCapacity = 1.0 [= 1.0 maximumCapacity undefined, (parentAbsoluteMaxCapacity * maximumCapacity) / 100 otherwise ]
userLimit = 100 [= configuredUserLimit ]
userLimitFactor = 1.0 [= configuredUserLimitFactor ]
maxApplications = 10000 [= configuredMaximumSystemApplicationsPerQueue or (int)(configuredMaximumSystemApplications * absoluteCapacity)]
maxApplicationsPerUser = 10000 [= (int)(maxApplications * (userLimit / 100.0f) * userLimitFactor) ]
usedCapacity = 0.0 [= usedResourcesMemory / (clusterResourceMemory * absoluteCapacity)]
absoluteUsedCapacity = 0.0 [= usedResourcesMemory / clusterResourceMemory]
maxAMResourcePerQueuePercent = 0.1 [= configuredMaximumAMResourcePercent ]
minimumAllocationFactor = 0.96875 [= (float)(maximumAllocationMemory - minimumAllocationMemory) / maximumAllocationMemory ]
maximumAllocation = <memory:16384, vCores:4> [= configuredMaxAllocation ]
numContainers = 0 [= currentNumContainers ]
state = RUNNING [= configuredState ]
acls = ADMINISTER_QUEUE:*SUBMIT_APP:* [= configuredAcls ]
nodeLocalityDelay = 40
labels=*,
reservationsContinueLooking = true
preemptionDisabled = true
defaultAppPriorityPerQueue = 0
2016-11-19 08:39:46,845 INFO capacity.CapacityScheduler: Initialized queue: default: capacity=1.0, absoluteCapacity=1.0, usedResources=<memory:0, vCores:0>, usedCapacity=0.0, absoluteUsedCapacity=0.0, numApps=0, numContainers=0
2016-11-19 08:39:46,845 INFO capacity.CapacityScheduler: Initialized queue: root: numChildQueue= 1, capacity=1.0, absoluteCapacity=1.0, usedResources=<memory:0, vCores:0>usedCapacity=0.0, numApps=0, numContainers=0
2016-11-19 08:39:46,846 INFO capacity.CapacityScheduler: Initialized root queue root: numChildQueue= 1, capacity=1.0, absoluteCapacity=1.0, usedResources=<memory:0, vCores:0>usedCapacity=0.0, numApps=0, numContainers=0
2016-11-19 08:39:46,846 INFO capacity.CapacityScheduler: Initialized queue mappings, override: false
2016-11-19 08:39:46,847 INFO capacity.CapacityScheduler: Initialized CapacityScheduler with calculator=class org.apache.hadoop.yarn.util.resource.DefaultResourceCalculator, minimumAllocation=<<memory:512, vCores:1>>, maximumAllocation=<<memory:16384, vCores:4>>, asynchronousScheduling=false, asyncScheduleInterval=5ms
2016-11-19 08:39:46,848 INFO conf.Configuration: dynamic-resources.xml not found
2016-11-19 08:39:46,853 INFO resourcemanager.ResourceManager: TimelineServicePublisher is not configured
2016-11-19 08:39:46,853 INFO resourcemanager.ResourceManager: Transitioning to active state
2016-11-19 08:39:46,871 INFO recovery.RMStateStore: Updating AMRMToken
2016-11-19 08:39:46,871 INFO security.RMContainerTokenSecretManager: Rolling master-key for container-tokens
2016-11-19 08:39:46,871 INFO security.NMTokenSecretManagerInRM: Rolling master-key for nm-tokens
2016-11-19 08:39:46,871 INFO delegation.AbstractDelegationTokenSecretManager: Updating the current master key for generating delegation tokens
2016-11-19 08:39:46,872 INFO security.RMDelegationTokenSecretManager: storing master key with keyID 1
2016-11-19 08:39:46,872 INFO recovery.RMStateStore: Storing RMDTMasterKey.
2016-11-19 08:39:46,872 INFO delegation.AbstractDelegationTokenSecretManager: Starting expired delegation token remover thread, tokenRemoverScanInterval=60 min(s)
2016-11-19 08:39:46,872 INFO delegation.AbstractDelegationTokenSecretManager: Updating the current master key for generating delegation tokens
2016-11-19 08:39:46,872 INFO security.RMDelegationTokenSecretManager: storing master key with keyID 2
2016-11-19 08:39:46,872 INFO recovery.RMStateStore: Storing RMDTMasterKey.
2016-11-19 08:39:46,873 INFO event.AsyncDispatcher: Registering class org.apache.hadoop.yarn.nodelabels.event.NodeLabelsStoreEventType for class org.apache.hadoop.yarn.nodelabels.CommonNodeLabelsManager$ForwardingEventHandler
2016-11-19 08:39:46,893 INFO ipc.CallQueueManager: Using callQueue: class java.util.concurrent.LinkedBlockingQueue queueCapacity: 5000 scheduler: class org.apache.hadoop.ipc.DefaultRpcScheduler
2016-11-19 08:39:46,900 INFO ipc.Server: Starting Socket Reader #1 for port 8031
2016-11-19 08:39:46,907 INFO pb.RpcServerFactoryPBImpl: Adding protocol org.apache.hadoop.yarn.server.api.ResourceTrackerPB to the server
2016-11-19 08:39:46,907 INFO ipc.Server: IPC Server Responder: starting
2016-11-19 08:39:46,907 INFO ipc.Server: IPC Server listener on 8031: starting
2016-11-19 08:39:46,911 INFO util.JvmPauseMonitor: Starting JVM pause monitor
2016-11-19 08:39:46,919 INFO ipc.CallQueueManager: Using callQueue: class java.util.concurrent.LinkedBlockingQueue queueCapacity: 5000 scheduler: class org.apache.hadoop.ipc.DefaultRpcScheduler
2016-11-19 08:39:46,923 INFO ipc.Server: Starting Socket Reader #1 for port 8030
2016-11-19 08:39:46,927 INFO pb.RpcServerFactoryPBImpl: Adding protocol org.apache.hadoop.yarn.api.ApplicationMasterProtocolPB to the server
2016-11-19 08:39:46,927 INFO ipc.Server: IPC Server Responder: starting
2016-11-19 08:39:46,927 INFO ipc.Server: IPC Server listener on 8030: starting
2016-11-19 08:39:46,964 INFO ipc.CallQueueManager: Using callQueue: class java.util.concurrent.LinkedBlockingQueue queueCapacity: 5000 scheduler: class org.apache.hadoop.ipc.DefaultRpcScheduler
2016-11-19 08:39:46,965 INFO ipc.Server: Starting Socket Reader #1 for port 8032
2016-11-19 08:39:46,966 INFO pb.RpcServerFactoryPBImpl: Adding protocol org.apache.hadoop.yarn.api.ApplicationClientProtocolPB to the server
2016-11-19 08:39:46,966 INFO ipc.Server: IPC Server Responder: starting
2016-11-19 08:39:46,973 INFO ipc.Server: IPC Server listener on 8032: starting
2016-11-19 08:39:46,975 INFO resourcemanager.ResourceManager: Transitioned to active state
2016-11-19 08:39:47,013 INFO mortbay.log: Logging to org.slf4j.impl.Log4jLoggerAdapter(org.mortbay.log) via org.mortbay.log.Slf4jLog
2016-11-19 08:39:47,017 INFO server.AuthenticationFilter: Unable to initialize FileSignerSecretProvider, falling back to use random secrets.
2016-11-19 08:39:47,020 INFO http.HttpRequestLog: Http request log for http.requests.resourcemanager is not defined
2016-11-19 08:39:47,024 INFO http.HttpServer2: Added global filter 'safety' (class=org.apache.hadoop.http.HttpServer2$QuotingInputFilter)
2016-11-19 08:39:47,027 INFO http.HttpServer2: Added filter RMAuthenticationFilter (class=org.apache.hadoop.yarn.server.security.http.RMAuthenticationFilter) to context cluster
2016-11-19 08:39:47,027 INFO http.HttpServer2: Added filter RMAuthenticationFilter (class=org.apache.hadoop.yarn.server.security.http.RMAuthenticationFilter) to context static
2016-11-19 08:39:47,027 INFO http.HttpServer2: Added filter RMAuthenticationFilter (class=org.apache.hadoop.yarn.server.security.http.RMAuthenticationFilter) to context logs
2016-11-19 08:39:47,027 INFO http.HttpServer2: Added filter static_user_filter (class=org.apache.hadoop.http.lib.StaticUserWebFilter$StaticUserFilter) to context cluster
2016-11-19 08:39:47,027 INFO http.HttpServer2: Added filter static_user_filter (class=org.apache.hadoop.http.lib.StaticUserWebFilter$StaticUserFilter) to context static
2016-11-19 08:39:47,027 INFO http.HttpServer2: Added filter static_user_filter (class=org.apache.hadoop.http.lib.StaticUserWebFilter$StaticUserFilter) to context logs
2016-11-19 08:39:47,029 INFO http.HttpServer2: adding path spec: /cluster/*
2016-11-19 08:39:47,029 INFO http.HttpServer2: adding path spec: /ws/*
2016-11-19 08:39:47,250 INFO webapp.WebApps: Registered webapp guice modules
2016-11-19 08:39:47,251 INFO http.HttpServer2: Jetty bound to port 8088
2016-11-19 08:39:47,251 INFO mortbay.log: jetty-6.1.26
2016-11-19 08:39:47,265 INFO mortbay.log: Extract jar:file:/.clojurians-org/opt/hadoop-3.0.0-alpha1/share/hadoop/yarn/hadoop-yarn-common-3.0.0-alpha1.jar!/webapps/cluster to /tmp/Jetty_0_0_0_0_8088_cluster____u0rgz3/webapp
2016-11-19 08:39:47,400 INFO delegation.AbstractDelegationTokenSecretManager: Updating the current master key for generating delegation tokens
2016-11-19 08:39:47,400 INFO delegation.AbstractDelegationTokenSecretManager: Starting expired delegation token remover thread, tokenRemoverScanInterval=60 min(s)
2016-11-19 08:39:47,400 INFO delegation.AbstractDelegationTokenSecretManager: Updating the current master key for generating delegation tokens
2016-11-19 08:39:53,106 INFO resourcemanager.ResourceTrackerService: NodeManager from node node4(cmPort: 43015 httpPort: 8042) registered with capability: <memory:16384, vCores:8>, assigned nodeId node4:43015
2016-11-19 08:39:55,272 INFO resourcemanager.ResourceTrackerService: NodeManager from node node6(cmPort: 39679 httpPort: 8042) registered with capability: <memory:16384, vCores:8>, assigned nodeId node6:39679
Nov 19, 2016 8:39:57 AM com.sun.jersey.guice.spi.container.GuiceComponentProviderFactory register
INFO: Registering org.apache.hadoop.yarn.server.resourcemanager.webapp.JAXBContextResolver as a provider class
Nov 19, 2016 8:39:57 AM com.sun.jersey.guice.spi.container.GuiceComponentProviderFactory register
INFO: Registering org.apache.hadoop.yarn.server.resourcemanager.webapp.RMWebServices as a root resource class
Nov 19, 2016 8:39:57 AM com.sun.jersey.guice.spi.container.GuiceComponentProviderFactory register
INFO: Registering org.apache.hadoop.yarn.webapp.GenericExceptionHandler as a provider class
Nov 19, 2016 8:39:57 AM com.sun.jersey.server.impl.application.WebApplicationImpl _initiate
INFO: Initiating Jersey application, version 'Jersey: 1.19 02/11/2015 03:25 AM'
Nov 19, 2016 8:39:57 AM com.sun.jersey.guice.spi.container.GuiceComponentProviderFactory getComponentProvider
INFO: Binding org.apache.hadoop.yarn.server.resourcemanager.webapp.JAXBContextResolver to GuiceManagedComponentProvider with the scope "Singleton"
Nov 19, 2016 8:39:57 AM com.sun.jersey.guice.spi.container.GuiceComponentProviderFactory getComponentProvider
INFO: Binding org.apache.hadoop.yarn.webapp.GenericExceptionHandler to GuiceManagedComponentProvider with the scope "Singleton"
Nov 19, 2016 8:39:57 AM com.sun.jersey.guice.spi.container.GuiceComponentProviderFactory getComponentProvider
INFO: Binding org.apache.hadoop.yarn.server.resourcemanager.webapp.RMWebServices to GuiceManagedComponentProvider with the scope "Singleton"
2016-11-19 08:39:57,926 INFO mortbay.log: Started SelectChannelConnector@0.0.0.0:8088
2016-11-19 08:39:57,926 INFO webapp.WebApps: Web app cluster started at 8088
2016-11-19 08:39:57,931 INFO rmnode.RMNodeImpl: node4:43015 Node Transitioned from NEW to RUNNING
2016-11-19 08:39:57,932 INFO rmnode.RMNodeImpl: node6:39679 Node Transitioned from NEW to RUNNING
2016-11-19 08:39:57,939 INFO capacity.CapacityScheduler: Added node node4:43015 clusterResource: <memory:16384, vCores:8>
2016-11-19 08:39:57,945 INFO capacity.CapacityScheduler: Added node node6:39679 clusterResource: <memory:32768, vCores:16>
2016-11-19 08:39:57,952 INFO ipc.CallQueueManager: Using callQueue: class java.util.concurrent.LinkedBlockingQueue queueCapacity: 100 scheduler: class org.apache.hadoop.ipc.DefaultRpcScheduler
2016-11-19 08:39:57,952 INFO ipc.Server: Starting Socket Reader #1 for port 8033
2016-11-19 08:39:57,953 INFO pb.RpcServerFactoryPBImpl: Adding protocol org.apache.hadoop.yarn.server.api.ResourceManagerAdministrationProtocolPB to the server
2016-11-19 08:39:57,954 INFO ipc.Server: IPC Server Responder: starting
2016-11-19 08:39:57,954 INFO ipc.Server: IPC Server listener on 8033: starting
2016-11-19 08:39:58,268 INFO resourcemanager.ResourceTrackerService: NodeManager from node node5(cmPort: 33637 httpPort: 8042) registered with capability: <memory:16384, vCores:8>, assigned nodeId node5:33637
2016-11-19 08:39:58,268 INFO rmnode.RMNodeImpl: node5:33637 Node Transitioned from NEW to RUNNING
2016-11-19 08:39:58,269 INFO capacity.CapacityScheduler: Added node node5:33637 clusterResource: <memory:49152, vCores:24>
2016-11-19 08:39:58,328 INFO resourcemanager.ResourceTrackerService: NodeManager from node node7(cmPort: 33233 httpPort: 8042) registered with capability: <memory:16384, vCores:8>, assigned nodeId node7:33233
2016-11-19 08:39:58,328 INFO rmnode.RMNodeImpl: node7:33233 Node Transitioned from NEW to RUNNING
2016-11-19 08:39:58,329 INFO capacity.CapacityScheduler: Added node node7:33233 clusterResource: <memory:65536, vCores:32>

