17-01-04 15:30:25 client INFO [cascading.flow.hadoop.util.HadoopUtil:319] - using default application jar, may cause class not found exceptions on the cluster
17-01-04 15:30:25 client INFO [cascading.flow.hadoop.planner.HadoopPlanner:205] - using application jar: /home/spiderdt/.m2/repository/cascading/cascading-hadoop/2.5.3/cascading-hadoop-2.5.3.jar
17-01-04 15:30:25 client DEBUG [cascading.flow.planner.ElementGraph:301] - adding pipe: Pipe(0485b35f-de96-43cb-9a1d-74b9c6b038a2)
17-01-04 15:30:25 client DEBUG [cascading.flow.planner.ElementGraph:321] - adding sink: StdoutTap["SequenceFile[[UNKNOWN]->[ALL]]"]["/tmp/temp896158976382521699825009637652418"]
17-01-04 15:30:25 client DEBUG [cascading.flow.planner.ElementGraph:326] - adding edge: Pipe(0485b35f-de96-43cb-9a1d-74b9c6b038a2) -> StdoutTap["SequenceFile[[UNKNOWN]->[ALL]]"]["/tmp/temp896158976382521699825009637652418"]
17-01-04 15:30:25 client DEBUG [cascading.flow.planner.ElementGraph:301] - adding pipe: Each(303e09da-807f-4ed7-8bed-6ee4a5061374)[FilterNull[decl:ALL]]
17-01-04 15:30:25 client DEBUG [cascading.flow.planner.ElementGraph:301] - adding pipe: Each(303e09da-807f-4ed7-8bed-6ee4a5061374)[Identity[decl:'?dw-dt', '?period', '?mbd', '?bg', '?bottler', '?channel', '?code', '?item', '?fact', '?value']]
17-01-04 15:30:25 client DEBUG [cascading.flow.planner.ElementGraph:301] - adding pipe: Each(303e09da-807f-4ed7-8bed-6ee4a5061374)[FilterNull[decl:ALL]]
17-01-04 15:30:25 client DEBUG [cascading.flow.planner.ElementGraph:301] - adding pipe: Each(303e09da-807f-4ed7-8bed-6ee4a5061374)[Identity[decl:'?dw-dt', '?period', '?mbd', '?bg', '?bottler', '?channel', '?code', '?item', '?fact', '?value']]
17-01-04 15:30:25 client DEBUG [cascading.flow.planner.ElementGraph:301] - adding pipe: Pipe(303e09da-807f-4ed7-8bed-6ee4a5061374)
17-01-04 15:30:25 client DEBUG [cascading.flow.planner.ElementGraph:301] - adding pipe: Pipe(7896c54e-ad67-486d-a762-73970331918a)
17-01-04 15:30:25 client DEBUG [cascading.flow.planner.ElementGraph:339] - adding source: JDBCTap{connectionUrl='jdbc:postgresql://192.168.1.3:5432/dw?useSSL=true&ssl=true&characterEncoding=utf-8&stringtype=unspecified&sslmode=require&sslkey=/d\
ata/ssl/client/client.key.pk8&sslcert=/data/ssl/client/client.cert.pem&sslrootcert=/data/ssl/client/root.cert.pem&sslfactory=org.postgresql.ssl.jdbc4.LibPQFactory', driverClassName='org.postgresql.Driver', tableDesc=TableDesc{tableName='d_cocac\
ola_score', columnNames=null, columnDefs=null, primaryKeys=null}}
17-01-04 15:30:25 client DEBUG [cascading.flow.planner.ElementGraph:344] - adding edge: JDBCTap{connectionUrl='jdbc:postgresql://192.168.1.3:5432/dw?useSSL=true&ssl=true&characterEncoding=utf-8&stringtype=unspecified&sslmode=require&sslkey=/dat\
a/ssl/client/client.key.pk8&sslcert=/data/ssl/client/client.cert.pem&sslrootcert=/data/ssl/client/root.cert.pem&sslfactory=org.postgresql.ssl.jdbc4.LibPQFactory', driverClassName='org.postgresql.Driver', tableDesc=TableDesc{tableName='d_cocacol\
a_score', columnNames=null, columnDefs=null, primaryKeys=null}} -> Pipe(7896c54e-ad67-486d-a762-73970331918a)
17-01-04 15:30:25 client DEBUG [cascading.flow.planner.ElementGraph:355] - adding edge: Pipe(7896c54e-ad67-486d-a762-73970331918a) -> Pipe(303e09da-807f-4ed7-8bed-6ee4a5061374)
17-01-04 15:30:25 client DEBUG [cascading.flow.planner.ElementGraph:355] - adding edge: Pipe(303e09da-807f-4ed7-8bed-6ee4a5061374) -> Each(303e09da-807f-4ed7-8bed-6ee4a5061374)[Identity[decl:'?dw-dt', '?period', '?mbd', '?bg', '?bottler', '?cha\
nnel', '?code', '?item', '?fact', '?value']]
17-01-04 15:30:25 client DEBUG [cascading.flow.planner.ElementGraph:355] - adding edge: Each(303e09da-807f-4ed7-8bed-6ee4a5061374)[Identity[decl:'?dw-dt', '?period', '?mbd', '?bg', '?bottler', '?channel', '?code', '?item', '?fact', '?value']] -\
> Each(303e09da-807f-4ed7-8bed-6ee4a5061374)[FilterNull[decl:ALL]]
17-01-04 15:30:25 client DEBUG [cascading.flow.planner.ElementGraph:355] - adding edge: Each(303e09da-807f-4ed7-8bed-6ee4a5061374)[FilterNull[decl:ALL]] -> Each(303e09da-807f-4ed7-8bed-6ee4a5061374)[Identity[decl:'?dw-dt', '?period', '?mbd', '?\
bg', '?bottler', '?channel', '?code', '?item', '?fact', '?value']]
17-01-04 15:30:25 client DEBUG [cascading.flow.planner.ElementGraph:355] - adding edge: Each(303e09da-807f-4ed7-8bed-6ee4a5061374)[Identity[decl:'?dw-dt', '?period', '?mbd', '?bg', '?bottler', '?channel', '?code', '?item', '?fact', '?value']] -\
> Each(303e09da-807f-4ed7-8bed-6ee4a5061374)[FilterNull[decl:ALL]]
17-01-04 15:30:25 client DEBUG [cascading.flow.planner.ElementGraph:355] - adding edge: Each(303e09da-807f-4ed7-8bed-6ee4a5061374)[FilterNull[decl:ALL]] -> Pipe(0485b35f-de96-43cb-9a1d-74b9c6b038a2)
17-01-04 15:30:25 client DEBUG [cascading.flow.planner.ElementGraph:559] - removing: Pipe(7896c54e-ad67-486d-a762-73970331918a)
17-01-04 15:30:25 client DEBUG [cascading.flow.planner.ElementGraph:559] - removing: Pipe(303e09da-807f-4ed7-8bed-6ee4a5061374)
17-01-04 15:30:25 client DEBUG [cascading.flow.planner.ElementGraph:559] - removing: Pipe(0485b35f-de96-43cb-9a1d-74b9c6b038a2)
17-01-04 15:30:25 client DEBUG [cascading.flow.planner.ElementGraph:632] - for modifier: JDBCTap{connectionUrl='jdbc:postgresql://192.168.1.3:5432/dw?useSSL=true&ssl=true&characterEncoding=utf-8&stringtype=unspecified&sslmode=require&sslkey=/da\
ta/ssl/client/client.key.pk8&sslcert=/data/ssl/client/client.cert.pem&sslrootcert=/data/ssl/client/root.cert.pem&sslfactory=org.postgresql.ssl.jdbc4.LibPQFactory', driverClassName='org.postgresql.Driver', tableDesc=TableDesc{tableName='d_cocaco\
la_score', columnNames=null, columnDefs=null, primaryKeys=null}}
17-01-04 15:30:25 client DEBUG [cascading.flow.planner.ElementGraph:632] - for modifier: Each(303e09da-807f-4ed7-8bed-6ee4a5061374)[Identity[decl:'?dw-dt', '?period', '?mbd', '?bg', '?bottler', '?channel', '?code', '?item', '?fact', '?value']]
17-01-04 15:30:25 client DEBUG [cascading.flow.planner.ElementGraph:634] - setting outgoing arguments: '?dw-dt', '?period', '?mbd', '?bg', '?bottler', '?channel', '?code', '?item', '?fact', '?value' | String, String, String, String, String, Str\
ing, String, String, String, String
17-01-04 15:30:25 client DEBUG [cascading.flow.planner.ElementGraph:636] - setting outgoing declared: '?dw-dt', '?period', '?mbd', '?bg', '?bottler', '?channel', '?code', '?item', '?fact', '?value'
17-01-04 15:30:25 client DEBUG [cascading.flow.planner.ElementGraph:640] - setting outgoing values: '?dw-dt', '?period', '?mbd', '?bg', '?bottler', '?channel', '?code', '?item', '?fact', '?value'
17-01-04 15:30:25 client DEBUG [cascading.flow.planner.ElementGraph:632] - for modifier: Each(303e09da-807f-4ed7-8bed-6ee4a5061374)[FilterNull[decl:ALL]]
17-01-04 15:30:25 client DEBUG [cascading.flow.planner.ElementGraph:634] - setting outgoing arguments: '?dw-dt', '?period', '?mbd', '?bg', '?bottler', '?channel', '?code', '?item', '?fact', '?value' | String, String, String, String, String, Str\
ing, String, String, String, String
17-01-04 15:30:25 client DEBUG [cascading.flow.planner.ElementGraph:636] - setting outgoing declared: '?dw-dt', '?period', '?mbd', '?bg', '?bottler', '?channel', '?code', '?item', '?fact', '?value'
17-01-04 15:30:25 client DEBUG [cascading.flow.planner.ElementGraph:640] - setting outgoing values: '?dw-dt', '?period', '?mbd', '?bg', '?bottler', '?channel', '?code', '?item', '?fact', '?value'
17-01-04 15:30:25 client DEBUG [cascading.flow.planner.ElementGraph:632] - for modifier: Each(303e09da-807f-4ed7-8bed-6ee4a5061374)[FilterNull[decl:ALL]]
17-01-04 15:30:25 client DEBUG [cascading.flow.planner.ElementGraph:634] - setting outgoing arguments: '?dw-dt', '?period', '?mbd', '?bg', '?bottler', '?channel', '?code', '?item', '?fact', '?value'
17-01-04 15:30:25 client DEBUG [cascading.flow.planner.ElementGraph:636] - setting outgoing declared: '?dw-dt', '?period', '?mbd', '?bg', '?bottler', '?channel', '?code', '?item', '?fact', '?value'
17-01-04 15:30:25 client DEBUG [cascading.flow.planner.ElementGraph:640] - setting outgoing values: '?dw-dt', '?period', '?mbd', '?bg', '?bottler', '?channel', '?code', '?item', '?fact', '?value'
17-01-04 15:30:25 client DEBUG [cascading.flow.planner.ElementGraph:632] - for modifier: Each(303e09da-807f-4ed7-8bed-6ee4a5061374)[Identity[decl:'?dw-dt', '?period', '?mbd', '?bg', '?bottler', '?channel', '?code', '?item', '?fact', '?value']]
17-01-04 15:30:25 client DEBUG [cascading.flow.planner.ElementGraph:634] - setting outgoing arguments: '?dw-dt', '?period', '?mbd', '?bg', '?bottler', '?channel', '?code', '?item', '?fact', '?value'
17-01-04 15:30:25 client DEBUG [cascading.flow.planner.ElementGraph:636] - setting outgoing declared: '?dw-dt', '?period', '?mbd', '?bg', '?bottler', '?channel', '?code', '?item', '?fact', '?value'
17-01-04 15:30:25 client DEBUG [cascading.flow.planner.ElementGraph:640] - setting outgoing values: '?dw-dt', '?period', '?mbd', '?bg', '?bottler', '?channel', '?code', '?item', '?fact', '?value'
17-01-04 15:30:25 client DEBUG [cascading.flow.planner.ElementGraph:632] - for modifier: Each(303e09da-807f-4ed7-8bed-6ee4a5061374)[FilterNull[decl:ALL]]
17-01-04 15:30:25 client DEBUG [cascading.flow.planner.ElementGraph:634] - setting outgoing arguments: '?dw-dt', '?period', '?mbd', '?bg', '?bottler', '?channel', '?code', '?item', '?fact', '?value'
17-01-04 15:30:25 client DEBUG [cascading.flow.planner.ElementGraph:636] - setting outgoing declared: '?dw-dt', '?period', '?mbd', '?bg', '?bottler', '?channel', '?code', '?item', '?fact', '?value'
17-01-04 15:30:25 client DEBUG [cascading.flow.planner.ElementGraph:640] - setting outgoing values: '?dw-dt', '?period', '?mbd', '?bg', '?bottler', '?channel', '?code', '?item', '?fact', '?value'
17-01-04 15:30:25 client DEBUG [cascading.flow.planner.ElementGraph:632] - for modifier: StdoutTap["SequenceFile[[UNKNOWN]->[ALL]]"]["/tmp/temp896158976382521699825009637652418"]
17-01-04 15:30:25 client DEBUG [cascading.flow.planner.ElementGraph:774] - found num paths: 1
17-01-04 15:30:25 client DEBUG [cascading.flow.planner.ElementGraph:796] - adding tap edge: JDBCTap{connectionUrl='jdbc:postgresql://192.168.1.3:5432/dw?useSSL=true&ssl=true&characterEncoding=utf-8&stringtype=unspecified&sslmode=require&sslkey=\
/data/ssl/client/client.key.pk8&sslcert=/data/ssl/client/client.cert.pem&sslrootcert=/data/ssl/client/root.cert.pem&sslfactory=org.postgresql.ssl.jdbc4.LibPQFactory', driverClassName='org.postgresql.Driver', tableDesc=TableDesc{tableName='d_coc\
acola_score', columnNames=null, columnDefs=null, primaryKeys=null}} -> StdoutTap["SequenceFile[[UNKNOWN]->['?dw-dt', '?period', '?mbd', '?bg', '?bottler', '?channel', '?code', '?item', '?fact', '?value']]"]["/tmp/temp896158976382521699825009637\
652418"]
17-01-04 15:30:25 client DEBUG [cascading.flow.hadoop.planner.HadoopStepGraph:92] - handling source: JDBCTap{connectionUrl='jdbc:postgresql://192.168.1.3:5432/dw?useSSL=true&ssl=true&characterEncoding=utf-8&stringtype=unspecified&sslmode=requir\
e&sslkey=/data/ssl/client/client.key.pk8&sslcert=/data/ssl/client/client.cert.pem&sslrootcert=/data/ssl/client/root.cert.pem&sslfactory=org.postgresql.ssl.jdbc4.LibPQFactory', driverClassName='org.postgresql.Driver', tableDesc=TableDesc{tableNa\
me='d_cocacola_score', columnNames=null, columnDefs=null, primaryKeys=null}}
17-01-04 15:30:25 client DEBUG [cascading.flow.hadoop.planner.HadoopStepGraph:98] - handling path: JDBCTap{connectionUrl='jdbc:postgresql://192.168.1.3:5432/dw?useSSL=true&ssl=true&characterEncoding=utf-8&stringtype=unspecified&sslmode=require&\
sslkey=/data/ssl/client/client.key.pk8&sslcert=/data/ssl/client/client.cert.pem&sslrootcert=/data/ssl/client/root.cert.pem&sslfactory=org.postgresql.ssl.jdbc4.LibPQFactory', driverClassName='org.postgresql.Driver', tableDesc=TableDesc{tableName\
='d_cocacola_score', columnNames=null, columnDefs=null, primaryKeys=null}} -> StdoutTap["SequenceFile[[UNKNOWN]->['?dw-dt', '?period', '?mbd', '?bg', '?bottler', '?channel', '?code', '?item', '?fact', '?value']]"]["/tmp/temp89615897638252169982\
5009637652418"]
17-01-04 15:30:25 client DEBUG [cascading.flow.planner.FlowStepGraph:83] - creating step: StdoutTap["SequenceFile[[UNKNOWN]->['?dw-dt', '?period', '?mbd', '?bg', '?bottler', '?channel', '?code', '?item', '?fact', '?value']]"]["/tmp/temp89615897\
6382521699825009637652418"]
17-01-04 15:30:25 client DEBUG [cascading.flow.hadoop.planner.HadoopStepGraph:92] - handling source: StdoutTap["SequenceFile[[UNKNOWN]->['?dw-dt', '?period', '?mbd', '?bg', '?bottler', '?channel', '?code', '?item', '?fact', '?value']]"]["/tmp/t\
emp896158976382521699825009637652418"]
17-01-04 15:30:25 client DEBUG [cascading.flow.FlowStep:829] - [] using polling interval: 10
17-01-04 15:30:25 client INFO [cascading.flow.Flow:1354] - [] starting
17-01-04 15:30:25 client INFO [cascading.flow.Flow:1354] - []  source: JDBCTap{connectionUrl='jdbc:postgresql://192.168.1.3:5432/dw?useSSL=true&ssl=true&characterEncoding=utf-8&stringtype=unspecified&sslmode=require&sslkey=/data/ssl/client/clie\
nt.key.pk8&sslcert=/data/ssl/client/client.cert.pem&sslrootcert=/data/ssl/client/root.cert.pem&sslfactory=org.postgresql.ssl.jdbc4.LibPQFactory', driverClassName='org.postgresql.Driver', tableDesc=TableDesc{tableName='d_cocacola_score', columnN\
ames=null, columnDefs=null, primaryKeys=null}}
17-01-04 15:30:25 client INFO [cascading.flow.Flow:1354] - []  sink: StdoutTap["SequenceFile[[UNKNOWN]->['?dw-dt', '?period', '?mbd', '?bg', '?bottler', '?channel', '?code', '?item', '?fact', '?value']]"]["/tmp/temp89615897638252169982500963765\
2418"]
17-01-04 15:30:25 client INFO [cascading.flow.Flow:1354] - []  parallel execution is enabled: false
17-01-04 15:30:25 client INFO [cascading.flow.Flow:1354] - []  starting jobs: 1
17-01-04 15:30:25 client INFO [cascading.flow.Flow:1354] - []  allocating threads: 1
17-01-04 15:30:25 client INFO [cascading.flow.FlowStep:834] - [] starting step: (1/1) ...6382521699825009637652418
17-01-04 15:30:25 client DEBUG [cascading.flow.hadoop.util.HadoopUtil:369] - merging key: mapred.input.format.class value: cascading.jdbc.db.DBInputFormat
17-01-04 15:30:25 client DEBUG [cascading.flow.hadoop.util.HadoopUtil:369] - merging key: mapred.jdbc.input.field.names value: dw_dt,period,mbd,bg,bottler,channel,code,item,fact,value
17-01-04 15:30:25 client DEBUG [cascading.flow.hadoop.util.HadoopUtil:369] - merging key: mapred.jdbc.input.table.alias value: true

17-01-04 15:30:25 client DEBUG [cascading.flow.hadoop.util.HadoopUtil:369] - merging key: cascading.step.source value: 304E488161AF459B8B823794756C8C3F
17-01-04 15:30:25 client DEBUG [cascading.flow.hadoop.util.HadoopUtil:369] - merging key: mapred.jdbc.username value: ms
17-01-04 15:30:25 client DEBUG [cascading.flow.hadoop.util.HadoopUtil:369] - merging key: mapred.jdbc.password value: spiderdt
17-01-04 15:30:25 client DEBUG [cascading.flow.hadoop.util.HadoopUtil:369] - merging key: mapred.jdbc.input.table.name value: d_cocacola_score
17-01-04 15:30:25 client DEBUG [cascading.flow.hadoop.util.HadoopUtil:369] - merging key: mapred.jdbc.concurrent.reads.num value: 0
17-01-04 15:30:25 client DEBUG [cascading.flow.hadoop.util.HadoopUtil:369] - merging key: mapred.jdbc.input.class value: cascading.jdbc.TupleRecord
17-01-04 15:30:25 client DEBUG [cascading.flow.hadoop.util.HadoopUtil:369] - merging key: mapred.jdbc.driver.class value: org.postgresql.Driver
17-01-04 15:30:25 client DEBUG [cascading.flow.hadoop.util.HadoopUtil:369] - merging key: mapred.mapper.new-api value: false
17-01-04 15:30:25 client DEBUG [cascading.flow.hadoop.util.HadoopUtil:369] - merging key: mapred.reducer.new-api value: false
17-01-04 15:30:25 client DEBUG [cascading.flow.hadoop.util.HadoopUtil:369] - merging key: mapred.jdbc.url value: jdbc:postgresql://192.168.1.3:5432/dw?useSSL=true&ssl=true&characterEncoding=utf-8&stringtype=unspecified&sslmode=require&sslkey=/d\
ata/ssl/client/client.key.pk8&sslcert=/data/ssl/client/client.cert.pem&sslrootcert=/data/ssl/client/root.cert.pem&sslfactory=org.postgresql.ssl.jdbc4.LibPQFactory
17-01-04 15:30:25 client INFO [cascading.jdbc.db.DBInputFormat:278] - creating DB input split with start: 0, end: 15582, chunks: 1
17-01-04 15:30:25 client INFO [cascading.flow.FlowStep:834] - [] submitted hadoop job: job_local608608556_0002
17-01-04 15:30:25 client INFO [cascading.flow.FlowStep:834] - [] tracking url: http://localhost:8080/
17-01-04 15:30:25 client DEBUG [cascading.tuple.hadoop.TupleSerialization:217] - using default comparator: cascalog.hadoop.DefaultComparator
17-01-04 15:30:25 client DEBUG [cascading.tap.hadoop.io.MultiInputSplit:135] - current split config diff:
17-01-04 15:30:25 client DEBUG [cascading.tap.hadoop.io.MultiInputSplit:137] - key: mapred.input.format.class, value: cascading.jdbc.db.DBInputFormat
17-01-04 15:30:25 client DEBUG [cascading.tap.hadoop.io.MultiInputSplit:137] - key: mapred.jdbc.input.field.names, value: dw_dt,period,mbd,bg,bottler,channel,code,item,fact,value
17-01-04 15:30:25 client DEBUG [cascading.tap.hadoop.io.MultiInputSplit:137] - key: mapred.jdbc.input.table.alias, value: true
17-01-04 15:30:25 client DEBUG [cascading.tap.hadoop.io.MultiInputSplit:137] - key: cascading.step.source, value: 304E488161AF459B8B823794756C8C3F
17-01-04 15:30:25 client DEBUG [cascading.tap.hadoop.io.MultiInputSplit:137] - key: mapred.jdbc.username, value: ms
17-01-04 15:30:25 client DEBUG [cascading.tap.hadoop.io.MultiInputSplit:137] - key: mapred.jdbc.password, value: spiderdt
17-01-04 15:30:25 client DEBUG [cascading.tap.hadoop.io.MultiInputSplit:137] - key: mapred.jdbc.input.table.name, value: d_cocacola_score
17-01-04 15:30:25 client DEBUG [cascading.tap.hadoop.io.MultiInputSplit:137] - key: mapred.jdbc.concurrent.reads.num, value: 0
17-01-04 15:30:25 client DEBUG [cascading.tap.hadoop.io.MultiInputSplit:137] - key: mapred.jdbc.input.class, value: cascading.jdbc.TupleRecord
17-01-04 15:30:25 client DEBUG [cascading.tap.hadoop.io.MultiInputSplit:137] - key: mapred.jdbc.driver.class, value: org.postgresql.Driver
17-01-04 15:30:25 client DEBUG [cascading.tap.hadoop.io.MultiInputSplit:137] - key: mapred.mapper.new-api, value: false
17-01-04 15:30:25 client DEBUG [cascading.tap.hadoop.io.MultiInputSplit:137] - key: mapred.reducer.new-api, value: false
17-01-04 15:30:25 client DEBUG [cascading.tap.hadoop.io.MultiInputSplit:137] - key: mapred.jdbc.url, value: jdbc:postgresql://192.168.1.3:5432/dw?useSSL=true&ssl=true&characterEncoding=utf-8&stringtype=unspecified&sslmode=require&sslkey=/data/s\
sl/client/client.key.pk8&sslcert=/data/ssl/client/client.cert.pem&sslrootcert=/data/ssl/client/root.cert.pem&sslfactory=org.postgresql.ssl.jdbc4.LibPQFactory
17-01-04 15:30:25 client DEBUG [cascading.flow.hadoop.util.HadoopUtil:369] - merging key: mapred.input.format.class value: cascading.jdbc.db.DBInputFormat
17-01-04 15:30:25 client DEBUG [cascading.flow.hadoop.util.HadoopUtil:369] - merging key: mapred.jdbc.input.field.names value: dw_dt,period,mbd,bg,bottler,channel,code,item,fact,value
17-01-04 15:30:25 client DEBUG [cascading.flow.hadoop.util.HadoopUtil:369] - merging key: mapred.jdbc.input.table.alias value: true
17-01-04 15:30:25 client DEBUG [cascading.flow.hadoop.util.HadoopUtil:369] - merging key: cascading.step.source value: 304E488161AF459B8B823794756C8C3F
17-01-04 15:30:25 client DEBUG [cascading.flow.hadoop.util.HadoopUtil:369] - merging key: mapred.jdbc.username value: ms
17-01-04 15:30:25 client DEBUG [cascading.flow.hadoop.util.HadoopUtil:369] - merging key: mapred.jdbc.password value: spiderdt
17-01-04 15:30:25 client DEBUG [cascading.flow.hadoop.util.HadoopUtil:369] - merging key: mapred.jdbc.input.table.name value: d_cocacola_score
17-01-04 15:30:25 client DEBUG [cascading.flow.hadoop.util.HadoopUtil:369] - merging key: mapred.jdbc.concurrent.reads.num value: 0
17-01-04 15:30:25 client DEBUG [cascading.flow.hadoop.util.HadoopUtil:369] - merging key: mapred.jdbc.input.class value: cascading.jdbc.TupleRecord
17-01-04 15:30:25 client DEBUG [cascading.flow.hadoop.util.HadoopUtil:369] - merging key: mapred.jdbc.driver.class value: org.postgresql.Driver
17-01-04 15:30:25 client DEBUG [cascading.flow.hadoop.util.HadoopUtil:369] - merging key: mapred.mapper.new-api value: false
17-01-04 15:30:25 client DEBUG [cascading.flow.hadoop.util.HadoopUtil:369] - merging key: mapred.reducer.new-api value: false
17-01-04 15:30:25 client DEBUG [cascading.flow.hadoop.util.HadoopUtil:369] - merging key: mapred.jdbc.url value: jdbc:postgresql://192.168.1.3:5432/dw?useSSL=true&ssl=true&characterEncoding=utf-8&stringtype=unspecified&sslmode=require&sslkey=/d\
ata/ssl/client/client.key.pk8&sslcert=/data/ssl/client/client.cert.pem&sslrootcert=/data/ssl/client/root.cert.pem&sslfactory=org.postgresql.ssl.jdbc4.LibPQFactory
17-01-04 15:30:25 client DEBUG [cascading.flow.hadoop.util.HadoopUtil:369] - merging key: mapred.input.format.class value: cascading.jdbc.db.DBInputFormat
17-01-04 15:30:25 client DEBUG [cascading.flow.hadoop.util.HadoopUtil:369] - merging key: mapred.jdbc.input.field.names value: dw_dt,period,mbd,bg,bottler,channel,code,item,fact,value

17-01-04 15:30:25 client DEBUG [cascading.flow.hadoop.util.HadoopUtil:369] - merging key: mapred.jdbc.input.table.alias value: true
17-01-04 15:30:25 client DEBUG [cascading.flow.hadoop.util.HadoopUtil:369] - merging key: cascading.step.source value: 304E488161AF459B8B823794756C8C3F
17-01-04 15:30:25 client DEBUG [cascading.flow.hadoop.util.HadoopUtil:369] - merging key: mapred.jdbc.username value: ms
17-01-04 15:30:25 client DEBUG [cascading.flow.hadoop.util.HadoopUtil:369] - merging key: mapred.jdbc.password value: spiderdt
17-01-04 15:30:25 client DEBUG [cascading.flow.hadoop.util.HadoopUtil:369] - merging key: mapred.jdbc.input.table.name value: d_cocacola_score
17-01-04 15:30:25 client DEBUG [cascading.flow.hadoop.util.HadoopUtil:369] - merging key: mapred.jdbc.concurrent.reads.num value: 0
17-01-04 15:30:25 client DEBUG [cascading.flow.hadoop.util.HadoopUtil:369] - merging key: mapred.jdbc.input.class value: cascading.jdbc.TupleRecord
17-01-04 15:30:25 client DEBUG [cascading.flow.hadoop.util.HadoopUtil:369] - merging key: mapred.jdbc.driver.class value: org.postgresql.Driver
17-01-04 15:30:25 client DEBUG [cascading.flow.hadoop.util.HadoopUtil:369] - merging key: mapred.mapper.new-api value: false
17-01-04 15:30:25 client DEBUG [cascading.flow.hadoop.util.HadoopUtil:369] - merging key: mapred.reducer.new-api value: false
17-01-04 15:30:25 client DEBUG [cascading.flow.hadoop.util.HadoopUtil:369] - merging key: mapred.jdbc.url value: jdbc:postgresql://192.168.1.3:5432/dw?useSSL=true&ssl=true&characterEncoding=utf-8&stringtype=unspecified&sslmode=require&sslkey=/d\
ata/ssl/client/client.key.pk8&sslcert=/data/ssl/client/client.cert.pem&sslrootcert=/data/ssl/client/root.cert.pem&sslfactory=org.postgresql.ssl.jdbc4.LibPQFactory
17-01-04 15:30:25 client INFO [cascading.jdbc.db.DBInputFormat:114] - Executing select query
17-01-04 15:30:25 client INFO [cascading.jdbc.db.DBInputFormat:92] - SELECT dw_dt, period, mbd, bg, bottler, channel, code, item, fact, value FROM d_cocacola_score d_cocacola_score
17-01-04 15:30:25 client DEBUG [cascading.jdbc.db.DBInputFormat:94] - done executing select query
17-01-04 15:30:25 client DEBUG [cascading.tuple.hadoop.TupleSerialization:217] - using default comparator: cascalog.hadoop.DefaultComparator
17-01-04 15:30:25 client DEBUG [cascading.tuple.hadoop.TupleSerialization:315] - using hadoop serializations from the job conf: cascading.tuple.hadoop.TupleSerialization,org.apache.hadoop.io.serializer.WritableSerialization,cascading.tuple.hado\
op.BytesSerialization,com.twitter.chill.hadoop.KryoSerialization
17-01-04 15:30:25 client DEBUG [cascading.tuple.hadoop.TupleSerialization:371] - adding serialization token: 127, for classname: org.apache.hadoop.io.BytesWritable
17-01-04 15:30:25 client DEBUG [cascading.tuple.hadoop.TupleSerialization:371] - adding serialization token: 126, for classname: [B
17-01-04 15:30:25 client INFO [cascading.flow.hadoop.FlowMapper:70] - cascading version: 2.5.3
17-01-04 15:30:25 client INFO [cascading.flow.hadoop.FlowMapper:71] - child jvm opts: -Xmx200m
17-01-04 15:30:25 client INFO [cascading.flow.hadoop.FlowMapper:86] - sourcing from: JDBCTap{connectionUrl='jdbc:postgresql://192.168.1.3:5432/dw?useSSL=true&ssl=true&characterEncoding=utf-8&stringtype=unspecified&sslmode=require&sslkey=/data/s\
sl/client/client.key.pk8&sslcert=/data/ssl/client/client.cert.pem&sslrootcert=/data/ssl/client/root.cert.pem&sslfactory=org.postgresql.ssl.jdbc4.LibPQFactory', driverClassName='org.postgresql.Driver', tableDesc=TableDesc{tableName='d_cocacola_s\
core', columnNames=null, columnDefs=null, primaryKeys=null}}
17-01-04 15:30:25 client INFO [cascading.flow.hadoop.FlowMapper:89] - sinking to: StdoutTap["SequenceFile[[UNKNOWN]->['?dw-dt', '?period', '?mbd', '?bg', '?bottler', '?channel', '?code', '?item', '?fact', '?value']]"]["/tmp/temp8961589763825216\
99825009637652418"]
17-01-04 15:30:25 client DEBUG [cascading.tuple.io.TupleOutputStream:122] - closing tuple output stream
17-01-04 15:30:25 client DEBUG [cascading.tuple.io.TupleOutputStream:122] - closing tuple output stream
17-01-04 15:30:25 client DEBUG [cascading.tap.hadoop.io.MultiRecordReaderIterator:110] - reading split: 0
17-01-04 15:30:25 client DEBUG [cascading.tuple.hadoop.TupleSerialization:217] - using default comparator: cascalog.hadoop.DefaultComparator
17-01-04 15:30:25 client DEBUG [cascading.tuple.hadoop.TupleSerialization:315] - using hadoop serializations from the job conf: cascading.tuple.hadoop.TupleSerialization,org.apache.hadoop.io.serializer.WritableSerialization,cascading.tuple.hado\
op.BytesSerialization,com.twitter.chill.hadoop.KryoSerialization
17-01-04 15:30:25 client DEBUG [cascading.tuple.hadoop.TupleSerialization:371] - adding serialization token: 127, for classname: org.apache.hadoop.io.BytesWritable
17-01-04 15:30:25 client DEBUG [cascading.tuple.hadoop.TupleSerialization:371] - adding serialization token: 126, for classname: [B
17-01-04 15:30:37 client DEBUG [cascading.tuple.io.TupleInputStream:124] - closing tuple input stream
17-01-04 15:30:37 client DEBUG [cascading.tuple.io.TupleInputStream:124] - closing tuple input stream
17-01-04 15:30:37 client INFO [cascading.tap.hadoop.util.Hadoop18TapUtil:219] - deleting temp path /tmp/temp896158976382521699825009637652418/_temporary
