16/11/06 10:12:46 INFO ipc.Server: Auth successful for appattempt_1473739536361_0643_000002 (auth:SIMPLE)
16/11/06 10:12:46 INFO containermanager.ContainerManagerImpl: Start request for container_1473739536361_0643_02_000001 by user spiderdt
16/11/06 10:12:46 INFO containermanager.ContainerManagerImpl: Creating a new application reference for app application_1473739536361_0643
16/11/06 10:12:46 INFO nodemanager.NMAuditLogger: USER=spiderdt	IP=192.168.1.3	OPERATION=Start Container Request	TARGET=ContainerManageImpl	RESULT=SUCCESS	APPID=application_1473739536361_0643	CONTAINERID=container_1473739536361_0643_02_000001
16/11/06 10:12:46 INFO application.ApplicationImpl: Application application_1473739536361_0643 transitioned from NEW to INITING
16/11/06 10:12:46 INFO application.ApplicationImpl: Adding container_1473739536361_0643_02_000001 to application application_1473739536361_0643
16/11/06 10:12:46 INFO application.ApplicationImpl: Application application_1473739536361_0643 transitioned from INITING to RUNNING
16/11/06 10:12:46 INFO container.ContainerImpl: Container container_1473739536361_0643_02_000001 transitioned from NEW to LOCALIZING
16/11/06 10:12:46 INFO containermanager.AuxServices: Got event CONTAINER_INIT for appId application_1473739536361_0643
16/11/06 10:12:46 INFO localizer.LocalizedResource: Resource hdfs://192.168.1.3:9000/user/spiderdt/.sparkStaging/application_1473739536361_0643/__spark_libs__9009044287822309953.zip transitioned from INIT to DOWNLOADING
16/11/06 10:12:46 INFO localizer.LocalizedResource: Resource hdfs://192.168.1.3:9000/user/spiderdt/.sparkStaging/application_1473739536361_0643/__spark_conf__.zip transitioned from INIT to DOWNLOADING
16/11/06 10:12:46 INFO localizer.ResourceLocalizationService: Created localizer for container_1473739536361_0643_02_000001
16/11/06 10:12:46 INFO localizer.ResourceLocalizationService: Writing credentials to the nmPrivate file /data/yarn/nodemanager/local-dirs/nmPrivate/container_1473739536361_0643_02_000001.tokens. Credentials list: 
16/11/06 10:12:46 INFO nodemanager.DefaultContainerExecutor: Initializing user spiderdt
16/11/06 10:12:46 INFO nodemanager.DefaultContainerExecutor: Copying from /data/yarn/nodemanager/local-dirs/nmPrivate/container_1473739536361_0643_02_000001.tokens to /data/yarn/nodemanager/local-dirs/usercache/spiderdt/appcache/application_1473739536361_0643/container_1473739536361_0643_02_000001.tokens
16/11/06 10:12:46 INFO nodemanager.DefaultContainerExecutor: Localizer CWD set to /data/yarn/nodemanager/local-dirs/usercache/spiderdt/appcache/application_1473739536361_0643 = file:/data/yarn/nodemanager/local-dirs/usercache/spiderdt/appcache/application_1473739536361_0643
16/11/06 10:12:46 WARN localizer.ResourceLocalizationService: { hdfs://192.168.1.3:9000/user/spiderdt/.sparkStaging/application_1473739536361_0643/__spark_libs__9009044287822309953.zip, 1478427215390, ARCHIVE, null } failed: No such file or directory
ENOENT: No such file or directory
	at org.apache.hadoop.io.nativeio.NativeIO$POSIX.chmodImpl(Native Method)
	at org.apache.hadoop.io.nativeio.NativeIO$POSIX.chmod(NativeIO.java:230)
	at org.apache.hadoop.fs.RawLocalFileSystem.setPermission(RawLocalFileSystem.java:724)
	at org.apache.hadoop.fs.DelegateToFileSystem.setPermission(DelegateToFileSystem.java:196)
	at org.apache.hadoop.fs.FilterFs.setPermission(FilterFs.java:251)
	at org.apache.hadoop.fs.FileContext$11.next(FileContext.java:1001)
	at org.apache.hadoop.fs.FileContext$11.next(FileContext.java:997)
	at org.apache.hadoop.fs.FSLinkResolver.resolve(FSLinkResolver.java:90)
	at org.apache.hadoop.fs.FileContext.setPermission(FileContext.java:997)
	at org.apache.hadoop.yarn.util.FSDownload$3.run(FSDownload.java:421)
	at org.apache.hadoop.yarn.util.FSDownload$3.run(FSDownload.java:419)
	at java.security.AccessController.doPrivileged(Native Method)
	at javax.security.auth.Subject.doAs(Subject.java:422)
	at org.apache.hadoop.security.UserGroupInformation.doAs(UserGroupInformation.java:1657)
	at org.apache.hadoop.yarn.util.FSDownload.changePermissions(FSDownload.java:419)
	at org.apache.hadoop.yarn.util.FSDownload.call(FSDownload.java:365)
	at org.apache.hadoop.yarn.util.FSDownload.call(FSDownload.java:62)
	at java.util.concurrent.FutureTask.run(FutureTask.java:266)
	at java.util.concurrent.Executors$RunnableAdapter.call(Executors.java:511)
	at java.util.concurrent.FutureTask.run(FutureTask.java:266)
	at java.util.concurrent.ThreadPoolExecutor.runWorker(ThreadPoolExecutor.java:1142)
	at java.util.concurrent.ThreadPoolExecutor$Worker.run(ThreadPoolExecutor.java:617)
	at java.lang.Thread.run(Thread.java:745)

16/11/06 10:12:46 INFO localizer.LocalizedResource: Resource hdfs://192.168.1.3:9000/user/spiderdt/.sparkStaging/application_1473739536361_0643/__spark_libs__9009044287822309953.zip(->/data/yarn/nodemanager/local-dirs/usercache/spiderdt/filecache/715/__spark_libs__9009044287822309953.zip) transitioned from DOWNLOADING to FAILED
16/11/06 10:12:46 INFO container.ContainerImpl: Container container_1473739536361_0643_02_000001 transitioned from LOCALIZING to LOCALIZATION_FAILED
16/11/06 10:12:46 INFO localizer.LocalResourcesTrackerImpl: Container container_1473739536361_0643_02_000001 sent RELEASE event on a resource request { hdfs://192.168.1.3:9000/user/spiderdt/.sparkStaging/application_1473739536361_0643/__spark_libs__9009044287822309953.zip, 1478427215390, ARCHIVE, null } not present in cache.
16/11/06 10:12:46 WARN nodemanager.NMAuditLogger: USER=spiderdt	OPERATION=Container Finished - Failed	TARGET=ContainerImpl	RESULT=FAILURE	DESCRIPTION=Container failed with state: LOCALIZATION_FAILED	APPID=application_1473739536361_0643	CONTAINERID=container_1473739536361_0643_02_000001
16/11/06 10:12:46 INFO container.ContainerImpl: Container container_1473739536361_0643_02_000001 transitioned from LOCALIZATION_FAILED to DONE
16/11/06 10:12:46 INFO application.ApplicationImpl: Removing container_1473739536361_0643_02_000001 from application application_1473739536361_0643
16/11/06 10:12:46 INFO containermanager.AuxServices: Got event CONTAINER_STOP for appId application_1473739536361_0643
16/11/06 10:12:46 WARN ipc.Client: interrupted waiting to send rpc request to server
java.lang.InterruptedException
	at java.util.concurrent.FutureTask.awaitDone(FutureTask.java:404)
	at java.util.concurrent.FutureTask.get(FutureTask.java:191)
	at org.apache.hadoop.ipc.Client$Connection.sendRpcRequest(Client.java:1054)
	at org.apache.hadoop.ipc.Client.call(Client.java:1449)
	at org.apache.hadoop.ipc.Client.call(Client.java:1407)
	at org.apache.hadoop.ipc.ProtobufRpcEngine$Invoker.invoke(ProtobufRpcEngine.java:229)
	at com.sun.proxy.$Proxy30.heartbeat(Unknown Source)
	at org.apache.hadoop.yarn.server.nodemanager.api.impl.pb.client.LocalizationProtocolPBClientImpl.heartbeat(LocalizationProtocolPBClientImpl.java:62)
	at org.apache.hadoop.yarn.server.nodemanager.containermanager.localizer.ContainerLocalizer.localizeFiles(ContainerLocalizer.java:255)
	at org.apache.hadoop.yarn.server.nodemanager.containermanager.localizer.ContainerLocalizer.runLocalization(ContainerLocalizer.java:169)
	at org.apache.hadoop.yarn.server.nodemanager.DefaultContainerExecutor.startLocalizer(DefaultContainerExecutor.java:129)
	at org.apache.hadoop.yarn.server.nodemanager.containermanager.localizer.ResourceLocalizationService$LocalizerRunner.run(ResourceLocalizationService.java:1112)
java.io.IOException: java.lang.InterruptedException
16/11/06 10:12:46 INFO localizer.ResourceLocalizationService: Unknown localizer with localizerId container_1473739536361_0643_02_000001 is sending heartbeat. Ordering it to DIE
	at org.apache.hadoop.ipc.Client.call(Client.java:1455)
	at org.apache.hadoop.ipc.Client.call(Client.java:1407)
	at org.apache.hadoop.ipc.ProtobufRpcEngine$Invoker.invoke(ProtobufRpcEngine.java:229)
	at com.sun.proxy.$Proxy30.heartbeat(Unknown Source)
	at org.apache.hadoop.yarn.server.nodemanager.api.impl.pb.client.LocalizationProtocolPBClientImpl.heartbeat(LocalizationProtocolPBClientImpl.java:62)
	at org.apache.hadoop.yarn.server.nodemanager.containermanager.localizer.ContainerLocalizer.localizeFiles(ContainerLocalizer.java:255)
	at org.apache.hadoop.yarn.server.nodemanager.containermanager.localizer.ContainerLocalizer.runLocalization(ContainerLocalizer.java:169)
	at org.apache.hadoop.yarn.server.nodemanager.DefaultContainerExecutor.startLocalizer(DefaultContainerExecutor.java:129)
	at org.apache.hadoop.yarn.server.nodemanager.containermanager.localizer.ResourceLocalizationService$LocalizerRunner.run(ResourceLocalizationService.java:1112)
Caused by: java.lang.InterruptedException
	at java.util.concurrent.FutureTask.awaitDone(FutureTask.java:404)
	at java.util.concurrent.FutureTask.get(FutureTask.java:191)
	at org.apache.hadoop.ipc.Client$Connection.sendRpcRequest(Client.java:1054)
	at org.apache.hadoop.ipc.Client.call(Client.java:1449)
	... 8 more
16/11/06 10:12:48 INFO nodemanager.NodeStatusUpdaterImpl: Removed completed containers from NM context: [container_1473739536361_0643_02_000001]
16/11/06 10:12:48 INFO application.ApplicationImpl: Application application_1473739536361_0643 transitioned from RUNNING to APPLICATION_RESOURCES_CLEANINGUP
16/11/06 10:12:48 INFO nodemanager.DefaultContainerExecutor: Deleting absolute path : /data/yarn/nodemanager/local-dirs/usercache/spiderdt/appcache/application_1473739536361_0643
16/11/06 10:12:48 INFO containermanager.AuxServices: Got event APPLICATION_STOP for appId application_1473739536361_0643
16/11/06 10:12:48 INFO application.ApplicationImpl: Application application_1473739536361_0643 transitioned from APPLICATION_RESOURCES_CLEANINGUP to FINISHED
16/11/06 10:12:48 INFO loghandler.NonAggregatingLogHandler: Scheduling Log Deletion for application: application_1473739536361_0643, with delay of 10800 seconds
16/11/06 10:12:48 INFO monitor.ContainersMonitorImpl: Stopping resource-monitoring for container_1473739536361_0643_02_000001
