2016-11-21T21:39:49,487 INFO  [main]: conf.HiveConf (HiveConf.java:getLogIdVar(3511)) - Using the default value passed in for log id: f68e433a-94e3-414d-8d22-e4b88a1f8325
2016-11-21T21:39:49,487 INFO  [main]: session.SessionState (SessionState.java:updateThreadName(401)) - Updating thread name to f68e433a-94e3-414d-8d22-e4b88a1f8325 main
2016-11-21T21:39:49,489 INFO  [main]: ql.Driver (:()) - Compiling command(queryId=spiderdt_20161121213949_941a0471-1535-46c4-abd9-2b472a4584f4): msck repair table d_bolome_events 
2016-11-21T21:39:49,497 INFO  [main]: metastore.HiveMetaStore (:()) - 0: get_table : db=model tbl=d_bolome_events
2016-11-21T21:39:49,497 INFO  [main]: HiveMetaStore.audit (:()) - ugi=spiderdt	ip=unknown-ip-addr	cmd=get_table : db=model tbl=d_bolome_events	
2016-11-21T21:39:49,596 INFO  [main]: ql.Driver (:()) - Semantic Analysis Completed
2016-11-21T21:39:49,596 INFO  [main]: ql.Driver (:()) - Returning Hive schema: Schema(fieldSchemas:null, properties:null)
2016-11-21T21:39:49,597 INFO  [main]: ql.Driver (:()) - Completed compiling command(queryId=spiderdt_20161121213949_941a0471-1535-46c4-abd9-2b472a4584f4); Time taken: 0.107 seconds
2016-11-21T21:39:49,597 INFO  [main]: ql.Driver (:()) - Concurrency mode is disabled, not creating a lock manager
2016-11-21T21:39:49,597 INFO  [main]: ql.Driver (:()) - Executing command(queryId=spiderdt_20161121213949_941a0471-1535-46c4-abd9-2b472a4584f4): msck repair table d_bolome_events 
2016-11-21T21:39:49,597 INFO  [main]: ql.Driver (:()) - Starting task [Stage-0:DDL] in serial mode
2016-11-21T21:39:49,598 INFO  [main]: metastore.HiveMetaStore (:()) - 0: get_table : db=model tbl=d_bolome_events
2016-11-21T21:39:49,598 INFO  [main]: HiveMetaStore.audit (:()) - ugi=spiderdt	ip=unknown-ip-addr	cmd=get_table : db=model tbl=d_bolome_events	
2016-11-21T21:39:49,622 INFO  [main]: sqlstd.SQLStdHiveAccessController (:()) - Created SQLStdHiveAccessController for session context : HiveAuthzSessionContext [sessionString=f68e433a-94e3-414d-8d22-e4b88a1f8325, clientType=HIVECLI]
2016-11-21T21:39:49,624 WARN  [f68e433a-94e3-414d-8d22-e4b88a1f8325 main]: session.SessionState (SessionState.java:setAuthorizerV2Config(854)) - METASTORE_FILTER_HOOK will be ignored, since hive.security.authorization.manager is set to instance of HiveAuthorizerFactory.
2016-11-21T21:39:49,624 INFO  [main]: hive.metastore (:()) - Mestastore configuration hive.metastore.filter.hook changed from org.apache.hadoop.hive.metastore.DefaultMetaStoreFilterHookImpl to org.apache.hadoop.hive.ql.security.authorization.plugin.AuthorizationMetaStoreFilterHook
2016-11-21T21:39:49,624 INFO  [main]: metastore.HiveMetaStore (:()) - 0: Metastore shutdown started...
2016-11-21T21:39:49,624 INFO  [main]: HiveMetaStore.audit (:()) - ugi=spiderdt	ip=unknown-ip-addr	cmd=Metastore shutdown started...	
2016-11-21T21:39:49,625 INFO  [main]: metastore.HiveMetaStore (:()) - 0: Metastore shutdown complete.
2016-11-21T21:39:49,625 INFO  [main]: HiveMetaStore.audit (:()) - ugi=spiderdt	ip=unknown-ip-addr	cmd=Metastore shutdown complete.	
2016-11-21T21:39:49,627 INFO  [main]: metastore.HiveMetaStore (:()) - 0: get_partitions_with_auth : db=model tbl=d_bolome_events
2016-11-21T21:39:49,627 INFO  [main]: HiveMetaStore.audit (:()) - ugi=spiderdt	ip=unknown-ip-addr	cmd=get_partitions_with_auth : db=model tbl=d_bolome_events	
2016-11-21T21:39:49,627 INFO  [main]: metastore.HiveMetaStore (:()) - 0: Opening raw store with implementation class:org.apache.hadoop.hive.metastore.ObjectStore
2016-11-21T21:39:49,628 INFO  [main]: metastore.ObjectStore (:()) - ObjectStore, initialize called
2016-11-21T21:39:49,633 INFO  [main]: metastore.MetaStoreDirectSql (:()) - Using direct SQL, underlying DB is MYSQL
2016-11-21T21:39:49,633 INFO  [main]: metastore.ObjectStore (:()) - Initialized ObjectStore
2016-11-21T21:39:51,132 ERROR [main]: metadata.HiveMetaStoreChecker (:()) - java.lang.NullPointerException
2016-11-21T21:39:51,132 WARN  [MSCK-GetPaths-3]: ipc.Client (:()) - interrupted waiting to send rpc request to server
java.lang.InterruptedException
	at java.util.concurrent.FutureTask.awaitDone(FutureTask.java:404)
	at java.util.concurrent.FutureTask.get(FutureTask.java:191)
	at org.apache.hadoop.ipc.Client$Connection.sendRpcRequest(Client.java:1054)
	at org.apache.hadoop.ipc.Client.call(Client.java:1449)
	at org.apache.hadoop.ipc.Client.call(Client.java:1407)
	at org.apache.hadoop.ipc.ProtobufRpcEngine$Invoker.invoke(ProtobufRpcEngine.java:229)
	at com.sun.proxy.$Proxy30.getListing(Unknown Source)
	at org.apache.hadoop.hdfs.protocolPB.ClientNamenodeProtocolTranslatorPB.getListing(ClientNamenodeProtocolTranslatorPB.java:573)
	at sun.reflect.GeneratedMethodAccessor3.invoke(Unknown Source)
	at sun.reflect.DelegatingMethodAccessorImpl.invoke(DelegatingMethodAccessorImpl.java:43)
	at java.lang.reflect.Method.invoke(Method.java:497)
	at org.apache.hadoop.io.retry.RetryInvocationHandler.invokeMethod(RetryInvocationHandler.java:187)
	at org.apache.hadoop.io.retry.RetryInvocationHandler.invoke(RetryInvocationHandler.java:102)
	at com.sun.proxy.$Proxy31.getListing(Unknown Source)
	at org.apache.hadoop.hdfs.DFSClient.listPaths(DFSClient.java:2094)
	at org.apache.hadoop.hdfs.DFSClient.listPaths(DFSClient.java:2077)
	at org.apache.hadoop.hdfs.DistributedFileSystem.listStatusInternal(DistributedFileSystem.java:791)
	at org.apache.hadoop.hdfs.DistributedFileSystem.access$700(DistributedFileSystem.java:106)
	at org.apache.hadoop.hdfs.DistributedFileSystem$18.doCall(DistributedFileSystem.java:853)
	at org.apache.hadoop.hdfs.DistributedFileSystem$18.doCall(DistributedFileSystem.java:849)
	at org.apache.hadoop.fs.FileSystemLinkResolver.resolve(FileSystemLinkResolver.java:81)
	at org.apache.hadoop.hdfs.DistributedFileSystem.listStatus(DistributedFileSystem.java:849)
	at org.apache.hadoop.fs.FileSystem.listStatus(FileSystem.java:1515)
	at org.apache.hadoop.fs.FileSystem.listStatus(FileSystem.java:1555)
	at org.apache.hadoop.hive.ql.metadata.HiveMetaStoreChecker$1.call(HiveMetaStoreChecker.java:421)
	at org.apache.hadoop.hive.ql.metadata.HiveMetaStoreChecker$1.call(HiveMetaStoreChecker.java:418)
	at java.util.concurrent.FutureTask.run(FutureTask.java:266)
	at java.util.concurrent.ThreadPoolExecutor.runWorker(ThreadPoolExecutor.java:1142)
	at java.util.concurrent.ThreadPoolExecutor$Worker.run(ThreadPoolExecutor.java:617)
	at java.lang.Thread.run(Thread.java:745)
2016-11-21T21:39:51,133 WARN  [MSCK-GetPaths-8]: ipc.Client (:()) - interrupted waiting to send rpc request to server
java.lang.InterruptedException
	at java.util.concurrent.FutureTask.awaitDone(FutureTask.java:404)
	at java.util.concurrent.FutureTask.get(FutureTask.java:191)
	at org.apache.hadoop.ipc.Client$Connection.sendRpcRequest(Client.java:1054)
	at org.apache.hadoop.ipc.Client.call(Client.java:1449)
	at org.apache.hadoop.ipc.Client.call(Client.java:1407)
	at org.apache.hadoop.ipc.ProtobufRpcEngine$Invoker.invoke(ProtobufRpcEngine.java:229)
	at com.sun.proxy.$Proxy30.getListing(Unknown Source)
	at org.apache.hadoop.hdfs.protocolPB.ClientNamenodeProtocolTranslatorPB.getListing(ClientNamenodeProtocolTranslatorPB.java:573)
	at sun.reflect.GeneratedMethodAccessor3.invoke(Unknown Source)
	at sun.reflect.DelegatingMethodAccessorImpl.invoke(DelegatingMethodAccessorImpl.java:43)
	at java.lang.reflect.Method.invoke(Method.java:497)
	at org.apache.hadoop.io.retry.RetryInvocationHandler.invokeMethod(RetryInvocationHandler.java:187)
	at org.apache.hadoop.io.retry.RetryInvocationHandler.invoke(RetryInvocationHandler.java:102)
	at com.sun.proxy.$Proxy31.getListing(Unknown Source)
	at org.apache.hadoop.hdfs.DFSClient.listPaths(DFSClient.java:2094)
	at org.apache.hadoop.hdfs.DFSClient.listPaths(DFSClient.java:2077)
	at org.apache.hadoop.hdfs.DistributedFileSystem.listStatusInternal(DistributedFileSystem.java:791)
	at org.apache.hadoop.hdfs.DistributedFileSystem.access$700(DistributedFileSystem.java:106)
	at org.apache.hadoop.hdfs.DistributedFileSystem$18.doCall(DistributedFileSystem.java:853)
	at org.apache.hadoop.hdfs.DistributedFileSystem$18.doCall(DistributedFileSystem.java:849)
	at org.apache.hadoop.fs.FileSystemLinkResolver.resolve(FileSystemLinkResolver.java:81)
	at org.apache.hadoop.hdfs.DistributedFileSystem.listStatus(DistributedFileSystem.java:849)
	at org.apache.hadoop.fs.FileSystem.listStatus(FileSystem.java:1515)
	at org.apache.hadoop.fs.FileSystem.listStatus(FileSystem.java:1555)
	at org.apache.hadoop.hive.ql.metadata.HiveMetaStoreChecker$1.call(HiveMetaStoreChecker.java:421)
	at org.apache.hadoop.hive.ql.metadata.HiveMetaStoreChecker$1.call(HiveMetaStoreChecker.java:418)
	at java.util.concurrent.FutureTask.run(FutureTask.java:266)
	at java.util.concurrent.ThreadPoolExecutor.runWorker(ThreadPoolExecutor.java:1142)
	at java.util.concurrent.ThreadPoolExecutor$Worker.run(ThreadPoolExecutor.java:617)
	at java.lang.Thread.run(Thread.java:745)
2016-11-21T21:39:51,137 WARN  [MSCK-GetPaths-1]: ipc.Client (:()) - interrupted waiting to send rpc request to server
java.lang.InterruptedException
	at java.util.concurrent.FutureTask.awaitDone(FutureTask.java:404)
	at java.util.concurrent.FutureTask.get(FutureTask.java:191)
	at org.apache.hadoop.ipc.Client$Connection.sendRpcRequest(Client.java:1054)
	at org.apache.hadoop.ipc.Client.call(Client.java:1449)
	at org.apache.hadoop.ipc.Client.call(Client.java:1407)
	at org.apache.hadoop.ipc.ProtobufRpcEngine$Invoker.invoke(ProtobufRpcEngine.java:229)
	at com.sun.proxy.$Proxy30.getListing(Unknown Source)
	at org.apache.hadoop.hdfs.protocolPB.ClientNamenodeProtocolTranslatorPB.getListing(ClientNamenodeProtocolTranslatorPB.java:573)
	at sun.reflect.GeneratedMethodAccessor3.invoke(Unknown Source)
	at sun.reflect.DelegatingMethodAccessorImpl.invoke(DelegatingMethodAccessorImpl.java:43)
	at java.lang.reflect.Method.invoke(Method.java:497)
	at org.apache.hadoop.io.retry.RetryInvocationHandler.invokeMethod(RetryInvocationHandler.java:187)
	at org.apache.hadoop.io.retry.RetryInvocationHandler.invoke(RetryInvocationHandler.java:102)
	at com.sun.proxy.$Proxy31.getListing(Unknown Source)
	at org.apache.hadoop.hdfs.DFSClient.listPaths(DFSClient.java:2094)
	at org.apache.hadoop.hdfs.DFSClient.listPaths(DFSClient.java:2077)
	at org.apache.hadoop.hdfs.DistributedFileSystem.listStatusInternal(DistributedFileSystem.java:791)
	at org.apache.hadoop.hdfs.DistributedFileSystem.access$700(DistributedFileSystem.java:106)
	at org.apache.hadoop.hdfs.DistributedFileSystem$18.doCall(DistributedFileSystem.java:853)
	at org.apache.hadoop.hdfs.DistributedFileSystem$18.doCall(DistributedFileSystem.java:849)
	at org.apache.hadoop.fs.FileSystemLinkResolver.resolve(FileSystemLinkResolver.java:81)
	at org.apache.hadoop.hdfs.DistributedFileSystem.listStatus(DistributedFileSystem.java:849)
	at org.apache.hadoop.fs.FileSystem.listStatus(FileSystem.java:1515)
	at org.apache.hadoop.fs.FileSystem.listStatus(FileSystem.java:1555)
	at org.apache.hadoop.hive.ql.metadata.HiveMetaStoreChecker$1.call(HiveMetaStoreChecker.java:421)
	at org.apache.hadoop.hive.ql.metadata.HiveMetaStoreChecker$1.call(HiveMetaStoreChecker.java:418)
	at java.util.concurrent.FutureTask.run(FutureTask.java:266)
	at java.util.concurrent.ThreadPoolExecutor.runWorker(ThreadPoolExecutor.java:1142)
	at java.util.concurrent.ThreadPoolExecutor$Worker.run(ThreadPoolExecutor.java:617)
	at java.lang.Thread.run(Thread.java:745)
2016-11-21T21:39:51,145 WARN  [MSCK-GetPaths-7]: ipc.Client (:()) - interrupted waiting to send rpc request to server
java.lang.InterruptedException
	at java.util.concurrent.FutureTask.awaitDone(FutureTask.java:404)
	at java.util.concurrent.FutureTask.get(FutureTask.java:191)
	at org.apache.hadoop.ipc.Client$Connection.sendRpcRequest(Client.java:1054)
	at org.apache.hadoop.ipc.Client.call(Client.java:1449)
	at org.apache.hadoop.ipc.Client.call(Client.java:1407)
	at org.apache.hadoop.ipc.ProtobufRpcEngine$Invoker.invoke(ProtobufRpcEngine.java:229)
	at com.sun.proxy.$Proxy30.getListing(Unknown Source)
	at org.apache.hadoop.hdfs.protocolPB.ClientNamenodeProtocolTranslatorPB.getListing(ClientNamenodeProtocolTranslatorPB.java:573)
	at sun.reflect.GeneratedMethodAccessor3.invoke(Unknown Source)
	at sun.reflect.DelegatingMethodAccessorImpl.invoke(DelegatingMethodAccessorImpl.java:43)
	at java.lang.reflect.Method.invoke(Method.java:497)
	at org.apache.hadoop.io.retry.RetryInvocationHandler.invokeMethod(RetryInvocationHandler.java:187)
	at org.apache.hadoop.io.retry.RetryInvocationHandler.invoke(RetryInvocationHandler.java:102)
	at com.sun.proxy.$Proxy31.getListing(Unknown Source)
	at org.apache.hadoop.hdfs.DFSClient.listPaths(DFSClient.java:2094)
	at org.apache.hadoop.hdfs.DFSClient.listPaths(DFSClient.java:2077)
	at org.apache.hadoop.hdfs.DistributedFileSystem.listStatusInternal(DistributedFileSystem.java:791)
	at org.apache.hadoop.hdfs.DistributedFileSystem.access$700(DistributedFileSystem.java:106)
	at org.apache.hadoop.hdfs.DistributedFileSystem$18.doCall(DistributedFileSystem.java:853)
	at org.apache.hadoop.hdfs.DistributedFileSystem$18.doCall(DistributedFileSystem.java:849)
	at org.apache.hadoop.fs.FileSystemLinkResolver.resolve(FileSystemLinkResolver.java:81)
	at org.apache.hadoop.hdfs.DistributedFileSystem.listStatus(DistributedFileSystem.java:849)
	at org.apache.hadoop.fs.FileSystem.listStatus(FileSystem.java:1515)
	at org.apache.hadoop.fs.FileSystem.listStatus(FileSystem.java:1555)
	at org.apache.hadoop.hive.ql.metadata.HiveMetaStoreChecker$1.call(HiveMetaStoreChecker.java:421)
	at org.apache.hadoop.hive.ql.metadata.HiveMetaStoreChecker$1.call(HiveMetaStoreChecker.java:418)
	at java.util.concurrent.FutureTask.run(FutureTask.java:266)
	at java.util.concurrent.ThreadPoolExecutor.runWorker(ThreadPoolExecutor.java:1142)
	at java.util.concurrent.ThreadPoolExecutor$Worker.run(ThreadPoolExecutor.java:617)
	at java.lang.Thread.run(Thread.java:745)
2016-11-21T21:39:51,145 WARN  [MSCK-GetPaths-6]: ipc.Client (:()) - interrupted waiting to send rpc request to server
java.lang.InterruptedException
	at java.util.concurrent.FutureTask.awaitDone(FutureTask.java:404)
	at java.util.concurrent.FutureTask.get(FutureTask.java:191)
	at org.apache.hadoop.ipc.Client$Connection.sendRpcRequest(Client.java:1054)
	at org.apache.hadoop.ipc.Client.call(Client.java:1449)
	at org.apache.hadoop.ipc.Client.call(Client.java:1407)
	at org.apache.hadoop.ipc.ProtobufRpcEngine$Invoker.invoke(ProtobufRpcEngine.java:229)
	at com.sun.proxy.$Proxy30.getListing(Unknown Source)
	at org.apache.hadoop.hdfs.protocolPB.ClientNamenodeProtocolTranslatorPB.getListing(ClientNamenodeProtocolTranslatorPB.java:573)
	at sun.reflect.GeneratedMethodAccessor3.invoke(Unknown Source)
	at sun.reflect.DelegatingMethodAccessorImpl.invoke(DelegatingMethodAccessorImpl.java:43)
	at java.lang.reflect.Method.invoke(Method.java:497)
	at org.apache.hadoop.io.retry.RetryInvocationHandler.invokeMethod(RetryInvocationHandler.java:187)
	at org.apache.hadoop.io.retry.RetryInvocationHandler.invoke(RetryInvocationHandler.java:102)
	at com.sun.proxy.$Proxy31.getListing(Unknown Source)
	at org.apache.hadoop.hdfs.DFSClient.listPaths(DFSClient.java:2094)
	at org.apache.hadoop.hdfs.DFSClient.listPaths(DFSClient.java:2077)
	at org.apache.hadoop.hdfs.DistributedFileSystem.listStatusInternal(DistributedFileSystem.java:791)
	at org.apache.hadoop.hdfs.DistributedFileSystem.access$700(DistributedFileSystem.java:106)
	at org.apache.hadoop.hdfs.DistributedFileSystem$18.doCall(DistributedFileSystem.java:853)
	at org.apache.hadoop.hdfs.DistributedFileSystem$18.doCall(DistributedFileSystem.java:849)
	at org.apache.hadoop.fs.FileSystemLinkResolver.resolve(FileSystemLinkResolver.java:81)
	at org.apache.hadoop.hdfs.DistributedFileSystem.listStatus(DistributedFileSystem.java:849)
	at org.apache.hadoop.fs.FileSystem.listStatus(FileSystem.java:1515)
	at org.apache.hadoop.fs.FileSystem.listStatus(FileSystem.java:1555)
	at org.apache.hadoop.hive.ql.metadata.HiveMetaStoreChecker$1.call(HiveMetaStoreChecker.java:421)
	at org.apache.hadoop.hive.ql.metadata.HiveMetaStoreChecker$1.call(HiveMetaStoreChecker.java:418)
	at java.util.concurrent.FutureTask.run(FutureTask.java:266)
	at java.util.concurrent.ThreadPoolExecutor.runWorker(ThreadPoolExecutor.java:1142)
	at java.util.concurrent.ThreadPoolExecutor$Worker.run(ThreadPoolExecutor.java:617)
	at java.lang.Thread.run(Thread.java:745)
2016-11-21T21:39:51,146 WARN  [MSCK-GetPaths-4]: ipc.Client (:()) - interrupted waiting to send rpc request to server
java.lang.InterruptedException
	at java.util.concurrent.FutureTask.awaitDone(FutureTask.java:404)
	at java.util.concurrent.FutureTask.get(FutureTask.java:191)
	at org.apache.hadoop.ipc.Client$Connection.sendRpcRequest(Client.java:1054)
	at org.apache.hadoop.ipc.Client.call(Client.java:1449)
	at org.apache.hadoop.ipc.Client.call(Client.java:1407)
	at org.apache.hadoop.ipc.ProtobufRpcEngine$Invoker.invoke(ProtobufRpcEngine.java:229)
	at com.sun.proxy.$Proxy30.getListing(Unknown Source)
	at org.apache.hadoop.hdfs.protocolPB.ClientNamenodeProtocolTranslatorPB.getListing(ClientNamenodeProtocolTranslatorPB.java:573)
	at sun.reflect.GeneratedMethodAccessor3.invoke(Unknown Source)
	at sun.reflect.DelegatingMethodAccessorImpl.invoke(DelegatingMethodAccessorImpl.java:43)
	at java.lang.reflect.Method.invoke(Method.java:497)
	at org.apache.hadoop.io.retry.RetryInvocationHandler.invokeMethod(RetryInvocationHandler.java:187)
	at org.apache.hadoop.io.retry.RetryInvocationHandler.invoke(RetryInvocationHandler.java:102)
	at com.sun.proxy.$Proxy31.getListing(Unknown Source)
	at org.apache.hadoop.hdfs.DFSClient.listPaths(DFSClient.java:2094)
	at org.apache.hadoop.hdfs.DFSClient.listPaths(DFSClient.java:2077)
	at org.apache.hadoop.hdfs.DistributedFileSystem.listStatusInternal(DistributedFileSystem.java:791)
	at org.apache.hadoop.hdfs.DistributedFileSystem.access$700(DistributedFileSystem.java:106)
	at org.apache.hadoop.hdfs.DistributedFileSystem$18.doCall(DistributedFileSystem.java:853)
	at org.apache.hadoop.hdfs.DistributedFileSystem$18.doCall(DistributedFileSystem.java:849)
	at org.apache.hadoop.fs.FileSystemLinkResolver.resolve(FileSystemLinkResolver.java:81)
	at org.apache.hadoop.hdfs.DistributedFileSystem.listStatus(DistributedFileSystem.java:849)
	at org.apache.hadoop.fs.FileSystem.listStatus(FileSystem.java:1515)
	at org.apache.hadoop.fs.FileSystem.listStatus(FileSystem.java:1555)
	at org.apache.hadoop.hive.ql.metadata.HiveMetaStoreChecker$1.call(HiveMetaStoreChecker.java:421)
	at org.apache.hadoop.hive.ql.metadata.HiveMetaStoreChecker$1.call(HiveMetaStoreChecker.java:418)
	at java.util.concurrent.FutureTask.run(FutureTask.java:266)
	at java.util.concurrent.ThreadPoolExecutor.runWorker(ThreadPoolExecutor.java:1142)
	at java.util.concurrent.ThreadPoolExecutor$Worker.run(ThreadPoolExecutor.java:617)
	at java.lang.Thread.run(Thread.java:745)
2016-11-21T21:39:51,146 WARN  [MSCK-GetPaths-23]: ipc.Client (:()) - interrupted waiting to send rpc request to server
java.lang.InterruptedException
	at java.util.concurrent.FutureTask.awaitDone(FutureTask.java:404)
	at java.util.concurrent.FutureTask.get(FutureTask.java:191)
	at org.apache.hadoop.ipc.Client$Connection.sendRpcRequest(Client.java:1054)
	at org.apache.hadoop.ipc.Client.call(Client.java:1449)
	at org.apache.hadoop.ipc.Client.call(Client.java:1407)
	at org.apache.hadoop.ipc.ProtobufRpcEngine$Invoker.invoke(ProtobufRpcEngine.java:229)
	at com.sun.proxy.$Proxy30.getListing(Unknown Source)
	at org.apache.hadoop.hdfs.protocolPB.ClientNamenodeProtocolTranslatorPB.getListing(ClientNamenodeProtocolTranslatorPB.java:573)
	at sun.reflect.GeneratedMethodAccessor3.invoke(Unknown Source)
	at sun.reflect.DelegatingMethodAccessorImpl.invoke(DelegatingMethodAccessorImpl.java:43)
	at java.lang.reflect.Method.invoke(Method.java:497)
	at org.apache.hadoop.io.retry.RetryInvocationHandler.invokeMethod(RetryInvocationHandler.java:187)
	at org.apache.hadoop.io.retry.RetryInvocationHandler.invoke(RetryInvocationHandler.java:102)
	at com.sun.proxy.$Proxy31.getListing(Unknown Source)
	at org.apache.hadoop.hdfs.DFSClient.listPaths(DFSClient.java:2094)
	at org.apache.hadoop.hdfs.DFSClient.listPaths(DFSClient.java:2077)
	at org.apache.hadoop.hdfs.DistributedFileSystem.listStatusInternal(DistributedFileSystem.java:791)
	at org.apache.hadoop.hdfs.DistributedFileSystem.access$700(DistributedFileSystem.java:106)
	at org.apache.hadoop.hdfs.DistributedFileSystem$18.doCall(DistributedFileSystem.java:853)
	at org.apache.hadoop.hdfs.DistributedFileSystem$18.doCall(DistributedFileSystem.java:849)
	at org.apache.hadoop.fs.FileSystemLinkResolver.resolve(FileSystemLinkResolver.java:81)
	at org.apache.hadoop.hdfs.DistributedFileSystem.listStatus(DistributedFileSystem.java:849)
	at org.apache.hadoop.fs.FileSystem.listStatus(FileSystem.java:1515)
	at org.apache.hadoop.fs.FileSystem.listStatus(FileSystem.java:1555)
	at org.apache.hadoop.hive.ql.metadata.HiveMetaStoreChecker$1.call(HiveMetaStoreChecker.java:421)
	at org.apache.hadoop.hive.ql.metadata.HiveMetaStoreChecker$1.call(HiveMetaStoreChecker.java:418)
	at java.util.concurrent.FutureTask.run(FutureTask.java:266)
	at java.util.concurrent.ThreadPoolExecutor.runWorker(ThreadPoolExecutor.java:1142)
	at java.util.concurrent.ThreadPoolExecutor$Worker.run(ThreadPoolExecutor.java:617)
	at java.lang.Thread.run(Thread.java:745)
2016-11-21T21:39:51,147 WARN  [MSCK-GetPaths-2]: ipc.Client (:()) - interrupted waiting to send rpc request to server
java.lang.InterruptedException
	at java.util.concurrent.FutureTask.awaitDone(FutureTask.java:404)
	at java.util.concurrent.FutureTask.get(FutureTask.java:191)
	at org.apache.hadoop.ipc.Client$Connection.sendRpcRequest(Client.java:1054)
	at org.apache.hadoop.ipc.Client.call(Client.java:1449)
	at org.apache.hadoop.ipc.Client.call(Client.java:1407)
	at org.apache.hadoop.ipc.ProtobufRpcEngine$Invoker.invoke(ProtobufRpcEngine.java:229)
	at com.sun.proxy.$Proxy30.getListing(Unknown Source)
	at org.apache.hadoop.hdfs.protocolPB.ClientNamenodeProtocolTranslatorPB.getListing(ClientNamenodeProtocolTranslatorPB.java:573)
	at sun.reflect.GeneratedMethodAccessor3.invoke(Unknown Source)
	at sun.reflect.DelegatingMethodAccessorImpl.invoke(DelegatingMethodAccessorImpl.java:43)
	at java.lang.reflect.Method.invoke(Method.java:497)
	at org.apache.hadoop.io.retry.RetryInvocationHandler.invokeMethod(RetryInvocationHandler.java:187)
	at org.apache.hadoop.io.retry.RetryInvocationHandler.invoke(RetryInvocationHandler.java:102)
	at com.sun.proxy.$Proxy31.getListing(Unknown Source)
	at org.apache.hadoop.hdfs.DFSClient.listPaths(DFSClient.java:2094)
	at org.apache.hadoop.hdfs.DFSClient.listPaths(DFSClient.java:2077)
	at org.apache.hadoop.hdfs.DistributedFileSystem.listStatusInternal(DistributedFileSystem.java:791)
	at org.apache.hadoop.hdfs.DistributedFileSystem.access$700(DistributedFileSystem.java:106)
	at org.apache.hadoop.hdfs.DistributedFileSystem$18.doCall(DistributedFileSystem.java:853)
	at org.apache.hadoop.hdfs.DistributedFileSystem$18.doCall(DistributedFileSystem.java:849)
	at org.apache.hadoop.fs.FileSystemLinkResolver.resolve(FileSystemLinkResolver.java:81)
	at org.apache.hadoop.hdfs.DistributedFileSystem.listStatus(DistributedFileSystem.java:849)
	at org.apache.hadoop.fs.FileSystem.listStatus(FileSystem.java:1515)
	at org.apache.hadoop.fs.FileSystem.listStatus(FileSystem.java:1555)
	at org.apache.hadoop.hive.ql.metadata.HiveMetaStoreChecker$1.call(HiveMetaStoreChecker.java:421)
	at org.apache.hadoop.hive.ql.metadata.HiveMetaStoreChecker$1.call(HiveMetaStoreChecker.java:418)
	at java.util.concurrent.FutureTask.run(FutureTask.java:266)
	at java.util.concurrent.ThreadPoolExecutor.runWorker(ThreadPoolExecutor.java:1142)
	at java.util.concurrent.ThreadPoolExecutor$Worker.run(ThreadPoolExecutor.java:617)
	at java.lang.Thread.run(Thread.java:745)
2016-11-21T21:39:51,147 WARN  [MSCK-GetPaths-19]: ipc.Client (:()) - interrupted waiting to send rpc request to server
java.lang.InterruptedException
	at java.util.concurrent.FutureTask.awaitDone(FutureTask.java:404)
	at java.util.concurrent.FutureTask.get(FutureTask.java:191)
	at org.apache.hadoop.ipc.Client$Connection.sendRpcRequest(Client.java:1054)
	at org.apache.hadoop.ipc.Client.call(Client.java:1449)
	at org.apache.hadoop.ipc.Client.call(Client.java:1407)
	at org.apache.hadoop.ipc.ProtobufRpcEngine$Invoker.invoke(ProtobufRpcEngine.java:229)
	at com.sun.proxy.$Proxy30.getListing(Unknown Source)
	at org.apache.hadoop.hdfs.protocolPB.ClientNamenodeProtocolTranslatorPB.getListing(ClientNamenodeProtocolTranslatorPB.java:573)
	at sun.reflect.GeneratedMethodAccessor3.invoke(Unknown Source)
	at sun.reflect.DelegatingMethodAccessorImpl.invoke(DelegatingMethodAccessorImpl.java:43)
	at java.lang.reflect.Method.invoke(Method.java:497)
	at org.apache.hadoop.io.retry.RetryInvocationHandler.invokeMethod(RetryInvocationHandler.java:187)
	at org.apache.hadoop.io.retry.RetryInvocationHandler.invoke(RetryInvocationHandler.java:102)
	at com.sun.proxy.$Proxy31.getListing(Unknown Source)
	at org.apache.hadoop.hdfs.DFSClient.listPaths(DFSClient.java:2094)
	at org.apache.hadoop.hdfs.DFSClient.listPaths(DFSClient.java:2077)
	at org.apache.hadoop.hdfs.DistributedFileSystem.listStatusInternal(DistributedFileSystem.java:791)
	at org.apache.hadoop.hdfs.DistributedFileSystem.access$700(DistributedFileSystem.java:106)
	at org.apache.hadoop.hdfs.DistributedFileSystem$18.doCall(DistributedFileSystem.java:853)
	at org.apache.hadoop.hdfs.DistributedFileSystem$18.doCall(DistributedFileSystem.java:849)
	at org.apache.hadoop.fs.FileSystemLinkResolver.resolve(FileSystemLinkResolver.java:81)
	at org.apache.hadoop.hdfs.DistributedFileSystem.listStatus(DistributedFileSystem.java:849)
	at org.apache.hadoop.fs.FileSystem.listStatus(FileSystem.java:1515)
	at org.apache.hadoop.fs.FileSystem.listStatus(FileSystem.java:1555)
	at org.apache.hadoop.hive.ql.metadata.HiveMetaStoreChecker$1.call(HiveMetaStoreChecker.java:421)
	at org.apache.hadoop.hive.ql.metadata.HiveMetaStoreChecker$1.call(HiveMetaStoreChecker.java:418)
	at java.util.concurrent.FutureTask.run(FutureTask.java:266)
	at java.util.concurrent.ThreadPoolExecutor.runWorker(ThreadPoolExecutor.java:1142)
	at java.util.concurrent.ThreadPoolExecutor$Worker.run(ThreadPoolExecutor.java:617)
	at java.lang.Thread.run(Thread.java:745)
2016-11-21T21:39:51,147 WARN  [MSCK-GetPaths-24]: ipc.Client (:()) - interrupted waiting to send rpc request to server
java.lang.InterruptedException
	at java.util.concurrent.FutureTask.awaitDone(FutureTask.java:404)
	at java.util.concurrent.FutureTask.get(FutureTask.java:191)
	at org.apache.hadoop.ipc.Client$Connection.sendRpcRequest(Client.java:1054)
	at org.apache.hadoop.ipc.Client.call(Client.java:1449)
	at org.apache.hadoop.ipc.Client.call(Client.java:1407)
	at org.apache.hadoop.ipc.ProtobufRpcEngine$Invoker.invoke(ProtobufRpcEngine.java:229)
	at com.sun.proxy.$Proxy30.getListing(Unknown Source)
	at org.apache.hadoop.hdfs.protocolPB.ClientNamenodeProtocolTranslatorPB.getListing(ClientNamenodeProtocolTranslatorPB.java:573)
	at sun.reflect.GeneratedMethodAccessor3.invoke(Unknown Source)
	at sun.reflect.DelegatingMethodAccessorImpl.invoke(DelegatingMethodAccessorImpl.java:43)
	at java.lang.reflect.Method.invoke(Method.java:497)
	at org.apache.hadoop.io.retry.RetryInvocationHandler.invokeMethod(RetryInvocationHandler.java:187)
	at org.apache.hadoop.io.retry.RetryInvocationHandler.invoke(RetryInvocationHandler.java:102)
	at com.sun.proxy.$Proxy31.getListing(Unknown Source)
	at org.apache.hadoop.hdfs.DFSClient.listPaths(DFSClient.java:2094)
	at org.apache.hadoop.hdfs.DFSClient.listPaths(DFSClient.java:2077)
	at org.apache.hadoop.hdfs.DistributedFileSystem.listStatusInternal(DistributedFileSystem.java:791)
	at org.apache.hadoop.hdfs.DistributedFileSystem.access$700(DistributedFileSystem.java:106)
	at org.apache.hadoop.hdfs.DistributedFileSystem$18.doCall(DistributedFileSystem.java:853)
	at org.apache.hadoop.hdfs.DistributedFileSystem$18.doCall(DistributedFileSystem.java:849)
	at org.apache.hadoop.fs.FileSystemLinkResolver.resolve(FileSystemLinkResolver.java:81)
	at org.apache.hadoop.hdfs.DistributedFileSystem.listStatus(DistributedFileSystem.java:849)
	at org.apache.hadoop.fs.FileSystem.listStatus(FileSystem.java:1515)
	at org.apache.hadoop.fs.FileSystem.listStatus(FileSystem.java:1555)
	at org.apache.hadoop.hive.ql.metadata.HiveMetaStoreChecker$1.call(HiveMetaStoreChecker.java:421)
	at org.apache.hadoop.hive.ql.metadata.HiveMetaStoreChecker$1.call(HiveMetaStoreChecker.java:418)
	at java.util.concurrent.FutureTask.run(FutureTask.java:266)
	at java.util.concurrent.ThreadPoolExecutor.runWorker(ThreadPoolExecutor.java:1142)
	at java.util.concurrent.ThreadPoolExecutor$Worker.run(ThreadPoolExecutor.java:617)
	at java.lang.Thread.run(Thread.java:745)
2016-11-21T21:39:51,152 WARN  [main]: exec.DDLTask (:()) - Failed to run metacheck: 
org.apache.hadoop.hive.ql.metadata.HiveException: java.lang.NullPointerException
	at org.apache.hadoop.hive.ql.metadata.HiveMetaStoreChecker.getAllLeafDirs(HiveMetaStoreChecker.java:444)
	at org.apache.hadoop.hive.ql.metadata.HiveMetaStoreChecker.getAllLeafDirs(HiveMetaStoreChecker.java:448)
	at org.apache.hadoop.hive.ql.metadata.HiveMetaStoreChecker.getAllLeafDirs(HiveMetaStoreChecker.java:388)
	at org.apache.hadoop.hive.ql.metadata.HiveMetaStoreChecker.findUnknownPartitions(HiveMetaStoreChecker.java:309)
	at org.apache.hadoop.hive.ql.metadata.HiveMetaStoreChecker.checkTable(HiveMetaStoreChecker.java:285)
	at org.apache.hadoop.hive.ql.metadata.HiveMetaStoreChecker.checkTable(HiveMetaStoreChecker.java:230)
	at org.apache.hadoop.hive.ql.metadata.HiveMetaStoreChecker.checkMetastore(HiveMetaStoreChecker.java:109)
	at org.apache.hadoop.hive.ql.exec.DDLTask.msck(DDLTask.java:1814)
	at org.apache.hadoop.hive.ql.exec.DDLTask.execute(DDLTask.java:403)
	at org.apache.hadoop.hive.ql.exec.Task.executeTask(Task.java:197)
	at org.apache.hadoop.hive.ql.exec.TaskRunner.runSequential(TaskRunner.java:100)
	at org.apache.hadoop.hive.ql.Driver.launchTask(Driver.java:1858)
	at org.apache.hadoop.hive.ql.Driver.execute(Driver.java:1562)
	at org.apache.hadoop.hive.ql.Driver.runInternal(Driver.java:1313)
	at org.apache.hadoop.hive.ql.Driver.run(Driver.java:1084)
	at org.apache.hadoop.hive.ql.Driver.run(Driver.java:1072)
	at org.apache.hadoop.hive.cli.CliDriver.processLocalCmd(CliDriver.java:232)
	at org.apache.hadoop.hive.cli.CliDriver.processCmd(CliDriver.java:183)
	at org.apache.hadoop.hive.cli.CliDriver.processLine(CliDriver.java:399)
	at org.apache.hadoop.hive.cli.CliDriver.executeDriver(CliDriver.java:776)
	at org.apache.hadoop.hive.cli.CliDriver.run(CliDriver.java:714)
	at org.apache.hadoop.hive.cli.CliDriver.main(CliDriver.java:641)
	at sun.reflect.NativeMethodAccessorImpl.invoke0(Native Method)
	at sun.reflect.NativeMethodAccessorImpl.invoke(NativeMethodAccessorImpl.java:62)
	at sun.reflect.DelegatingMethodAccessorImpl.invoke(DelegatingMethodAccessorImpl.java:43)
	at java.lang.reflect.Method.invoke(Method.java:497)
	at org.apache.hadoop.util.RunJar.run(RunJar.java:221)
	at org.apache.hadoop.util.RunJar.main(RunJar.java:136)
Caused by: java.lang.NullPointerException
	at java.util.concurrent.ConcurrentHashMap.putVal(ConcurrentHashMap.java:1011)
	at java.util.concurrent.ConcurrentHashMap.put(ConcurrentHashMap.java:1006)
	at org.apache.hadoop.hive.ql.metadata.HiveMetaStoreChecker$1.call(HiveMetaStoreChecker.java:432)
	at org.apache.hadoop.hive.ql.metadata.HiveMetaStoreChecker$1.call(HiveMetaStoreChecker.java:418)
	at java.util.concurrent.FutureTask.run(FutureTask.java:266)
	at java.util.concurrent.ThreadPoolExecutor.runWorker(ThreadPoolExecutor.java:1142)
	at java.util.concurrent.ThreadPoolExecutor$Worker.run(ThreadPoolExecutor.java:617)
	at java.lang.Thread.run(Thread.java:745)
2016-11-21T21:39:51,154 ERROR [main]: ql.Driver (:()) - FAILED: Execution Error, return code 1 from org.apache.hadoop.hive.ql.exec.DDLTask
2016-11-21T21:39:51,155 INFO  [main]: ql.Driver (:()) - Completed executing command(queryId=spiderdt_20161121213949_941a0471-1535-46c4-abd9-2b472a4584f4); Time taken: 1.557 seconds
2016-11-21T21:39:51,156 INFO  [f68e433a-94e3-414d-8d22-e4b88a1f8325 main]: conf.HiveConf (HiveConf.java:getLogIdVar(3511)) - Using the default value passed in for log id: f68e433a-94e3-414d-8d22-e4b88a1f8325
2016-11-21T21:39:51,156 INFO  [f68e433a-94e3-414d-8d22-e4b88a1f8325 main]: session.SessionState (SessionState.java:resetThreadName(412)) - Resetting thread name to  main
