ERROR - 2017-08-07 14:26:05.815; [c:gettingstarted s:shard2 r:core_node3 x:gettingstarted_shard2_replica1] org.apache.solr.common.SolrException; null:org.apache.solr.common.SolrException: Error handling 'reload' action
	at org.apache.solr.handler.admin.CoreAdminOperation$3.call(CoreAdminOperation.java:162)
	at org.apache.solr.handler.admin.CoreAdminHandler$CallInfo.call(CoreAdminHandler.java:354)
	at org.apache.solr.handler.admin.CoreAdminHandler.handleRequestBody(CoreAdminHandler.java:153)
	at org.apache.solr.handler.RequestHandlerBase.handleRequest(RequestHandlerBase.java:155)
	at org.apache.solr.servlet.HttpSolrCall.handleAdminRequest(HttpSolrCall.java:657)
	at org.apache.solr.servlet.HttpSolrCall.call(HttpSolrCall.java:439)
	at org.apache.solr.servlet.SolrDispatchFilter.doFilter(SolrDispatchFilter.java:229)
	at org.apache.solr.servlet.SolrDispatchFilter.doFilter(SolrDispatchFilter.java:184)
	at org.eclipse.jetty.servlet.ServletHandler$CachedChain.doFilter(ServletHandler.java:1652)
	at org.eclipse.jetty.servlet.ServletHandler.doHandle(ServletHandler.java:585)
	at org.eclipse.jetty.server.handler.ScopedHandler.handle(ScopedHandler.java:143)
	at org.eclipse.jetty.security.SecurityHandler.handle(SecurityHandler.java:577)
	at org.eclipse.jetty.server.session.SessionHandler.doHandle(SessionHandler.java:223)
	at org.eclipse.jetty.server.handler.ContextHandler.doHandle(ContextHandler.java:1127)
	at org.eclipse.jetty.servlet.ServletHandler.doScope(ServletHandler.java:515)
	at org.eclipse.jetty.server.session.SessionHandler.doScope(SessionHandler.java:185)
	at org.eclipse.jetty.server.handler.ContextHandler.doScope(ContextHandler.java:1061)
	at org.eclipse.jetty.server.handler.ScopedHandler.handle(ScopedHandler.java:141)
	at org.eclipse.jetty.server.handler.ContextHandlerCollection.handle(ContextHandlerCollection.java:215)
	at org.eclipse.jetty.server.handler.HandlerCollection.handle(HandlerCollection.java:110)
	at org.eclipse.jetty.server.handler.HandlerWrapper.handle(HandlerWrapper.java:97)
	at org.eclipse.jetty.server.Server.handle(Server.java:499)
	at org.eclipse.jetty.server.HttpChannel.handle(HttpChannel.java:310)
	at org.eclipse.jetty.server.HttpConnection.onFillable(HttpConnection.java:257)
	at org.eclipse.jetty.io.AbstractConnection$2.run(AbstractConnection.java:540)
	at org.eclipse.jetty.util.thread.QueuedThreadPool.runJob(QueuedThreadPool.java:635)
	at org.eclipse.jetty.util.thread.QueuedThreadPool$3.run(QueuedThreadPool.java:555)
	at java.lang.Thread.run(Thread.java:745)
Caused by: org.apache.solr.common.SolrException: Unable to reload core [gettingstarted_shard2_replica1]
	at org.apache.solr.core.CoreContainer.reload(CoreContainer.java:922)
	at org.apache.solr.handler.admin.CoreAdminOperation$3.call(CoreAdminOperation.java:160)
	... 27 more
Caused by: org.apache.solr.common.SolrException: Error opening new searcher
	at org.apache.solr.core.SolrCore.<init>(SolrCore.java:820)
	at org.apache.solr.core.SolrCore.reload(SolrCore.java:461)
	at org.apache.solr.core.CoreContainer.reload(CoreContainer.java:917)
	... 28 more
Caused by: org.apache.solr.common.SolrException: Error opening new searcher
	at org.apache.solr.core.SolrCore.openNewSearcher(SolrCore.java:1676)
	at org.apache.solr.core.SolrCore.getSearcher(SolrCore.java:1787)
	at org.apache.solr.core.SolrCore.initSearcher(SolrCore.java:914)
	at org.apache.solr.core.SolrCore.<init>(SolrCore.java:793)
	... 30 more
Caused by: org.apache.lucene.index.CorruptIndexException: file mismatch, expected suffix=1l, got=1m (resource=BufferedChecksumIndexInput(MMapIndexInput(path="/Users/larluo/work/git/solr-clj/solr-5.5.1/solr/example/cloud/node1/solr/gettingstarted_shard2_replica1/data/index/segments_1l")))
	at org.apache.lucene.codecs.CodecUtil.checkIndexHeaderSuffix(CodecUtil.java:279)
	at org.apache.lucene.index.SegmentInfos.readCommit(SegmentInfos.java:308)
	at org.apache.lucene.index.IndexFileDeleter.<init>(IndexFileDeleter.java:171)
	at org.apache.lucene.index.IndexWriter.<init>(IndexWriter.java:950)
	at org.apache.solr.update.SolrIndexWriter.<init>(SolrIndexWriter.java:78)
	at org.apache.solr.update.SolrIndexWriter.create(SolrIndexWriter.java:65)
	at org.apache.solr.update.DefaultSolrCoreState.createMainIndexWriter(DefaultSolrCoreState.java:237)
	at org.apache.solr.update.DefaultSolrCoreState.getIndexWriter(DefaultSolrCoreState.java:111)
	at org.apache.solr.core.SolrCore.openNewSearcher(SolrCore.java:1645)
	... 33 more

