INFO  - 2017-06-04 09:22:38.232; [   ] org.eclipse.jetty.util.log.Log; Logging initialized @338ms
INFO  - 2017-06-04 09:22:38.464; [   ] org.eclipse.jetty.server.Server; jetty-9.3.14.v20161028
INFO  - 2017-06-04 09:22:38.504; [   ] org.eclipse.jetty.deploy.providers.ScanningAppProvider; Deployment monitor [file:///Users/larluo/work/git/cluster-dev/.clojurians-org/tarball/solr-6.5.1/server/contexts/] at interval 0
INFO  - 2017-06-04 09:22:38.832; [   ] org.eclipse.jetty.webapp.StandardDescriptorProcessor; NO JSP Support for /solr, did not find org.apache.jasper.servlet.JspServlet
INFO  - 2017-06-04 09:22:38.877; [   ] org.apache.solr.servlet.SolrDispatchFilter;  ___      _       Welcome to Apache Solr™ version 6.5.1
INFO  - 2017-06-04 09:22:38.877; [   ] org.apache.solr.servlet.SolrDispatchFilter; / __| ___| |_ _   Starting in cloud mode on port 8983
INFO  - 2017-06-04 09:22:38.877; [   ] org.apache.solr.servlet.SolrDispatchFilter; \__ \/ _ \ | '_|  Install dir: /Users/larluo/work/git/cluster-dev/.clojurians-org/tarball/solr-6.5.1
INFO  - 2017-06-04 09:22:38.900; [   ] org.apache.solr.servlet.SolrDispatchFilter; |___/\___/_|_|    Start time: 2017-06-04T09:22:38.879Z
INFO  - 2017-06-04 09:22:38.927; [   ] org.apache.solr.core.SolrResourceLoader; Using system property solr.solr.home: /Users/larluo/work/git/cluster-dev/.clojurians-org/tarball/solr-6.5.1/example/cloud/node1/solr
INFO  - 2017-06-04 09:22:38.934; [   ] org.apache.solr.core.SolrXmlConfig; Loading container configuration from /Users/larluo/work/git/cluster-dev/.clojurians-org/tarball/solr-6.5.1/example/cloud/node1/solr/solr.xml
INFO  - 2017-06-04 09:22:39.325; [   ] org.apache.solr.update.UpdateShardHandler; Creating UpdateShardHandler HTTP client with params: socketTimeout=600000&connTimeout=60000&retry=true
INFO  - 2017-06-04 09:22:39.338; [   ] org.apache.solr.cloud.SolrZkServerProps; Reading configuration from: /Users/larluo/work/git/cluster-dev/.clojurians-org/tarball/solr-6.5.1/example/cloud/node1/solr/zoo.cfg
INFO  - 2017-06-04 09:22:39.339; [   ] org.apache.solr.cloud.SolrZkServer; STARTING EMBEDDED STANDALONE ZOOKEEPER SERVER at port 9983
INFO  - 2017-06-04 09:22:39.842; [   ] org.apache.solr.core.ZkContainer; Zookeeper client=localhost:9983
WARN  - 2017-06-04 09:22:40.767; [   ] org.apache.zookeeper.server.NIOServerCnxn; Exception causing close of session 0x0 due to java.io.IOException: ZooKeeperServer not running
INFO  - 2017-06-04 09:22:41.151; [   ] org.apache.solr.cloud.Overseer; Overseer (id=null) closing
INFO  - 2017-06-04 09:22:41.154; [   ] org.apache.solr.cloud.OverseerElectionContext; I am going to be the leader 192.168.22.103:8983_solr
INFO  - 2017-06-04 09:22:41.159; [   ] org.apache.solr.cloud.Overseer; Overseer (id=98079090986975232-192.168.22.103:8983_solr-n_0000000004) starting
INFO  - 2017-06-04 09:22:41.248; [   ] org.apache.solr.cloud.ZkController; Register node as live in ZooKeeper:/live_nodes/192.168.22.103:8983_solr
INFO  - 2017-06-04 09:22:41.257; [   ] org.apache.solr.common.cloud.ZkStateReader; Updated live nodes from ZooKeeper... (0) -> (1)
INFO  - 2017-06-04 09:22:41.532; [   ] org.apache.solr.core.CorePropertiesLocator; Found 2 core definitions underneath /Users/larluo/work/git/cluster-dev/.clojurians-org/tarball/solr-6.5.1/example/cloud/node1/solr
INFO  - 2017-06-04 09:22:41.534; [   ] org.apache.solr.core.CorePropertiesLocator; Cores are: [gettingstarted_shard1_replica1, gettingstarted_shard2_replica1]
INFO  - 2017-06-04 09:22:41.623; [c:gettingstarted s:shard1 r:core_node2 x:gettingstarted_shard1_replica1] org.apache.solr.core.RequestParams; conf resource params.json loaded . version : 0 
INFO  - 2017-06-04 09:22:41.623; [c:gettingstarted s:shard2 r:core_node1 x:gettingstarted_shard2_replica1] org.apache.solr.core.RequestParams; conf resource params.json loaded . version : 0 
INFO  - 2017-06-04 09:22:41.628; [c:gettingstarted s:shard2 r:core_node1 x:gettingstarted_shard2_replica1] org.apache.solr.core.RequestParams; request params refreshed to version 0
INFO  - 2017-06-04 09:22:41.628; [c:gettingstarted s:shard1 r:core_node2 x:gettingstarted_shard1_replica1] org.apache.solr.core.RequestParams; request params refreshed to version 0
INFO  - 2017-06-04 09:22:41.643; [   ] org.eclipse.jetty.server.handler.ContextHandler; Started o.e.j.w.WebAppContext@2781e022{/solr,file:///Users/larluo/work/git/cluster-dev/.clojurians-org/tarball/solr-6.5.1/server/solr-webapp/webapp/,AVAILABLE}{/Users/larluo/work/git/cluster-dev/.clojurians-org/tarball/solr-6.5.1/server/solr-webapp/webapp}
INFO  - 2017-06-04 09:22:41.645; [c:gettingstarted s:shard1 r:core_node2 x:gettingstarted_shard1_replica1] org.apache.solr.core.SolrResourceLoader; [gettingstarted_shard1_replica1] Added 51 libs to classloader, from paths: [/Users/larluo/work/git/cluster-dev/.clojurians-org/tarball/solr-6.5.1/contrib/clustering/lib, /Users/larluo/work/git/cluster-dev/.clojurians-org/tarball/solr-6.5.1/contrib/extraction/lib, /Users/larluo/work/git/cluster-dev/.clojurians-org/tarball/solr-6.5.1/contrib/langid/lib, /Users/larluo/work/git/cluster-dev/.clojurians-org/tarball/solr-6.5.1/contrib/velocity/lib, /Users/larluo/work/git/cluster-dev/.clojurians-org/tarball/solr-6.5.1/dist]
INFO  - 2017-06-04 09:22:41.645; [c:gettingstarted s:shard2 r:core_node1 x:gettingstarted_shard2_replica1] org.apache.solr.core.SolrResourceLoader; [gettingstarted_shard2_replica1] Added 51 libs to classloader, from paths: [/Users/larluo/work/git/cluster-dev/.clojurians-org/tarball/solr-6.5.1/contrib/clustering/lib, /Users/larluo/work/git/cluster-dev/.clojurians-org/tarball/solr-6.5.1/contrib/extraction/lib, /Users/larluo/work/git/cluster-dev/.clojurians-org/tarball/solr-6.5.1/contrib/langid/lib, /Users/larluo/work/git/cluster-dev/.clojurians-org/tarball/solr-6.5.1/contrib/velocity/lib, /Users/larluo/work/git/cluster-dev/.clojurians-org/tarball/solr-6.5.1/dist]
INFO  - 2017-06-04 09:22:41.650; [   ] org.eclipse.jetty.server.AbstractConnector; Started ServerConnector@52064a45{HTTP/1.1,[http/1.1]}{0.0.0.0:8983}
INFO  - 2017-06-04 09:22:41.650; [   ] org.eclipse.jetty.server.Server; Started @3758ms
INFO  - 2017-06-04 09:22:41.668; [   ] org.apache.solr.common.cloud.ZkStateReader$StateWatcher; A cluster state change: [WatchedEvent state:SyncConnected type:NodeDataChanged path:/collections/gettingstarted/state.json] for collection [gettingstarted] has occurred - updating... (live nodes size: [1])
INFO  - 2017-06-04 09:22:41.946; [c:gettingstarted s:shard1 r:core_node2 x:gettingstarted_shard1_replica1] org.apache.solr.core.SolrConfig; Using Lucene MatchVersion: 6.5.1
INFO  - 2017-06-04 09:22:41.946; [c:gettingstarted s:shard2 r:core_node1 x:gettingstarted_shard2_replica1] org.apache.solr.core.SolrConfig; Using Lucene MatchVersion: 6.5.1
INFO  - 2017-06-04 09:22:42.257; [c:gettingstarted s:shard1 r:core_node2 x:gettingstarted_shard1_replica1] org.apache.solr.schema.IndexSchema; [gettingstarted_shard1_replica1] Schema name=example-data-driven-schema
INFO  - 2017-06-04 09:22:42.259; [c:gettingstarted s:shard2 r:core_node1 x:gettingstarted_shard2_replica1] org.apache.solr.schema.IndexSchema; [gettingstarted_shard2_replica1] Schema name=example-data-driven-schema
WARN  - 2017-06-04 09:22:42.488; [c:gettingstarted s:shard1 r:core_node2 x:gettingstarted_shard1_replica1] org.apache.solr.core.SolrResourceLoader; Solr loaded a deprecated plugin/analysis class [solr.SynonymFilterFactory]. Please consult documentation how to replace it accordingly.
WARN  - 2017-06-04 09:22:42.506; [c:gettingstarted s:shard2 r:core_node1 x:gettingstarted_shard2_replica1] org.apache.solr.core.SolrResourceLoader; Solr loaded a deprecated plugin/analysis class [solr.WordDelimiterFilterFactory]. Please consult documentation how to replace it accordingly.
INFO  - 2017-06-04 09:22:43.179; [   ] org.apache.solr.servlet.HttpSolrCall; [admin] webapp=null path=/admin/info/system params={wt=json} status=0 QTime=96
INFO  - 2017-06-04 09:22:43.271; [   ] org.apache.solr.handler.admin.CollectionsHandler; Invoked Collection Action :clusterstatus with params action=CLUSTERSTATUS&wt=json and sendToOCPQueue=true
INFO  - 2017-06-04 09:22:43.278; [   ] org.apache.solr.servlet.HttpSolrCall; [admin] webapp=null path=/admin/collections params={action=CLUSTERSTATUS&wt=json} status=0 QTime=6
INFO  - 2017-06-04 09:22:43.296; [c:gettingstarted s:shard1 r:core_node2 x:gettingstarted_shard1_replica1] org.apache.solr.schema.IndexSchema; Loaded schema example-data-driven-schema/1.6 with uniqueid field id
INFO  - 2017-06-04 09:22:43.296; [c:gettingstarted s:shard2 r:core_node1 x:gettingstarted_shard2_replica1] org.apache.solr.schema.IndexSchema; Loaded schema example-data-driven-schema/1.6 with uniqueid field id
INFO  - 2017-06-04 09:22:43.431; [c:gettingstarted s:shard2 r:core_node1 x:gettingstarted_shard2_replica1] org.apache.solr.core.CoreContainer; Creating SolrCore 'gettingstarted_shard2_replica1' using configuration from collection gettingstarted
INFO  - 2017-06-04 09:22:43.445; [c:gettingstarted s:shard1 r:core_node2 x:gettingstarted_shard1_replica1] org.apache.solr.core.CoreContainer; Creating SolrCore 'gettingstarted_shard1_replica1' using configuration from collection gettingstarted
INFO  - 2017-06-04 09:22:43.469; [c:gettingstarted s:shard1 r:core_node2 x:gettingstarted_shard1_replica1] org.apache.solr.core.SolrCore; solr.RecoveryStrategy.Builder
INFO  - 2017-06-04 09:22:43.469; [c:gettingstarted s:shard2 r:core_node1 x:gettingstarted_shard2_replica1] org.apache.solr.core.SolrCore; solr.RecoveryStrategy.Builder
INFO  - 2017-06-04 09:22:43.484; [c:gettingstarted s:shard1 r:core_node2 x:gettingstarted_shard1_replica1] org.apache.solr.core.SolrCore; [[gettingstarted_shard1_replica1] ] Opening new SolrCore at [/Users/larluo/work/git/cluster-dev/.clojurians-org/tarball/solr-6.5.1/example/cloud/node1/solr/gettingstarted_shard1_replica1], dataDir=[/Users/larluo/work/git/cluster-dev/.clojurians-org/tarball/solr-6.5.1/example/cloud/node1/solr/gettingstarted_shard1_replica1/data/]
INFO  - 2017-06-04 09:22:43.484; [c:gettingstarted s:shard2 r:core_node1 x:gettingstarted_shard2_replica1] org.apache.solr.core.SolrCore; [[gettingstarted_shard2_replica1] ] Opening new SolrCore at [/Users/larluo/work/git/cluster-dev/.clojurians-org/tarball/solr-6.5.1/example/cloud/node1/solr/gettingstarted_shard2_replica1], dataDir=[/Users/larluo/work/git/cluster-dev/.clojurians-org/tarball/solr-6.5.1/example/cloud/node1/solr/gettingstarted_shard2_replica1/data/]
INFO  - 2017-06-04 09:22:43.493; [c:gettingstarted s:shard1 r:core_node2 x:gettingstarted_shard1_replica1] org.apache.solr.core.JmxMonitoredMap; JMX monitoring is enabled. Adding Solr mbeans to JMX Server: com.sun.jmx.mbeanserver.JmxMBeanServer@43cbb76
INFO  - 2017-06-04 09:22:43.493; [c:gettingstarted s:shard2 r:core_node1 x:gettingstarted_shard2_replica1] org.apache.solr.core.JmxMonitoredMap; JMX monitoring is enabled. Adding Solr mbeans to JMX Server: com.sun.jmx.mbeanserver.JmxMBeanServer@43cbb76
INFO  - 2017-06-04 09:22:43.613; [c:gettingstarted s:shard1 r:core_node2 x:gettingstarted_shard1_replica1] org.apache.solr.response.XSLTResponseWriter; xsltCacheLifetimeSeconds=5
INFO  - 2017-06-04 09:22:43.613; [c:gettingstarted s:shard2 r:core_node1 x:gettingstarted_shard2_replica1] org.apache.solr.response.XSLTResponseWriter; xsltCacheLifetimeSeconds=5
INFO  - 2017-06-04 09:22:44.353; [c:gettingstarted s:shard2 r:core_node1 x:gettingstarted_shard2_replica1] org.apache.solr.update.UpdateHandler; Using UpdateLog implementation: org.apache.solr.update.UpdateLog
INFO  - 2017-06-04 09:22:44.354; [c:gettingstarted s:shard2 r:core_node1 x:gettingstarted_shard2_replica1] org.apache.solr.update.UpdateLog; Initializing UpdateLog: dataDir= defaultSyncLevel=FLUSH numRecordsToKeep=100 maxNumLogsToKeep=10 numVersionBuckets=65536
INFO  - 2017-06-04 09:22:44.357; [c:gettingstarted s:shard1 r:core_node2 x:gettingstarted_shard1_replica1] org.apache.solr.update.UpdateHandler; Using UpdateLog implementation: org.apache.solr.update.UpdateLog
INFO  - 2017-06-04 09:22:44.358; [c:gettingstarted s:shard1 r:core_node2 x:gettingstarted_shard1_replica1] org.apache.solr.update.UpdateLog; Initializing UpdateLog: dataDir= defaultSyncLevel=FLUSH numRecordsToKeep=100 maxNumLogsToKeep=10 numVersionBuckets=65536
INFO  - 2017-06-04 09:22:44.368; [c:gettingstarted s:shard2 r:core_node1 x:gettingstarted_shard2_replica1] org.apache.solr.update.CommitTracker; Hard AutoCommit: if uncommited for 15000ms; 
INFO  - 2017-06-04 09:22:44.369; [c:gettingstarted s:shard2 r:core_node1 x:gettingstarted_shard2_replica1] org.apache.solr.update.CommitTracker; Soft AutoCommit: if uncommited for 3000ms; 
INFO  - 2017-06-04 09:22:44.369; [c:gettingstarted s:shard1 r:core_node2 x:gettingstarted_shard1_replica1] org.apache.solr.update.CommitTracker; Hard AutoCommit: if uncommited for 15000ms; 
INFO  - 2017-06-04 09:22:44.370; [c:gettingstarted s:shard1 r:core_node2 x:gettingstarted_shard1_replica1] org.apache.solr.update.CommitTracker; Soft AutoCommit: if uncommited for 3000ms; 
INFO  - 2017-06-04 09:22:44.492; [c:gettingstarted s:shard2 r:core_node1 x:gettingstarted_shard2_replica1] org.apache.solr.search.SolrIndexSearcher; Opening [Searcher@3900eed4[gettingstarted_shard2_replica1] main]
INFO  - 2017-06-04 09:22:44.494; [c:gettingstarted s:shard1 r:core_node2 x:gettingstarted_shard1_replica1] org.apache.solr.search.SolrIndexSearcher; Opening [Searcher@47111715[gettingstarted_shard1_replica1] main]
INFO  - 2017-06-04 09:22:44.512; [c:gettingstarted s:shard1 r:core_node2 x:gettingstarted_shard1_replica1] org.apache.solr.rest.ManagedResourceStorage$ZooKeeperStorageIO; Configured ZooKeeperStorageIO with znodeBase: /configs/gettingstarted
INFO  - 2017-06-04 09:22:44.512; [c:gettingstarted s:shard2 r:core_node1 x:gettingstarted_shard2_replica1] org.apache.solr.rest.ManagedResourceStorage$ZooKeeperStorageIO; Configured ZooKeeperStorageIO with znodeBase: /configs/gettingstarted
INFO  - 2017-06-04 09:22:44.534; [c:gettingstarted s:shard1 r:core_node2 x:gettingstarted_shard1_replica1] org.apache.solr.rest.ManagedResourceStorage; Loaded null at path _rest_managed.json using ZooKeeperStorageIO:path=/configs/gettingstarted
INFO  - 2017-06-04 09:22:44.534; [c:gettingstarted s:shard2 r:core_node1 x:gettingstarted_shard2_replica1] org.apache.solr.rest.ManagedResourceStorage; Loaded null at path _rest_managed.json using ZooKeeperStorageIO:path=/configs/gettingstarted
INFO  - 2017-06-04 09:22:44.536; [c:gettingstarted s:shard1 r:core_node2 x:gettingstarted_shard1_replica1] org.apache.solr.schema.ZkIndexSchemaReader; Creating ZooKeeper watch for the managed schema at /configs/gettingstarted/managed-schema
INFO  - 2017-06-04 09:22:44.537; [c:gettingstarted s:shard2 r:core_node1 x:gettingstarted_shard2_replica1] org.apache.solr.schema.ZkIndexSchemaReader; Creating ZooKeeper watch for the managed schema at /configs/gettingstarted/managed-schema
INFO  - 2017-06-04 09:22:44.539; [c:gettingstarted s:shard2 r:core_node1 x:gettingstarted_shard2_replica1] org.apache.solr.schema.ZkIndexSchemaReader; Current schema version 0 is already the latest
INFO  - 2017-06-04 09:22:44.539; [c:gettingstarted s:shard1 r:core_node2 x:gettingstarted_shard1_replica1] org.apache.solr.schema.ZkIndexSchemaReader; Current schema version 0 is already the latest
INFO  - 2017-06-04 09:22:44.549; [c:gettingstarted s:shard2 r:core_node1 x:gettingstarted_shard2_replica1] org.apache.solr.handler.component.SpellCheckComponent; Initializing spell checkers
INFO  - 2017-06-04 09:22:44.551; [c:gettingstarted s:shard1 r:core_node2 x:gettingstarted_shard1_replica1] org.apache.solr.handler.component.SpellCheckComponent; Initializing spell checkers
INFO  - 2017-06-04 09:22:44.560; [c:gettingstarted s:shard2 r:core_node1 x:gettingstarted_shard2_replica1] org.apache.solr.spelling.DirectSolrSpellChecker; init: {name=default,field=_text_,classname=solr.DirectSolrSpellChecker,distanceMeasure=internal,accuracy=0.5,maxEdits=2,minPrefix=1,maxInspections=5,minQueryLength=4,maxQueryFrequency=0.01}
INFO  - 2017-06-04 09:22:44.566; [c:gettingstarted s:shard1 r:core_node2 x:gettingstarted_shard1_replica1] org.apache.solr.spelling.DirectSolrSpellChecker; init: {name=default,field=_text_,classname=solr.DirectSolrSpellChecker,distanceMeasure=internal,accuracy=0.5,maxEdits=2,minPrefix=1,maxInspections=5,minQueryLength=4,maxQueryFrequency=0.01}
INFO  - 2017-06-04 09:22:44.579; [c:gettingstarted s:shard2 r:core_node1 x:gettingstarted_shard2_replica1] org.apache.solr.handler.ReplicationHandler; Commits will be reserved for  10000
INFO  - 2017-06-04 09:22:44.579; [c:gettingstarted s:shard1 r:core_node2 x:gettingstarted_shard1_replica1] org.apache.solr.handler.ReplicationHandler; Commits will be reserved for  10000
INFO  - 2017-06-04 09:22:44.650; [c:gettingstarted s:shard1 r:core_node2 x:gettingstarted_shard1_replica1] org.apache.solr.core.QuerySenderListener; QuerySenderListener sending requests to Searcher@47111715[gettingstarted_shard1_replica1] main{ExitableDirectoryReader(UninvertingDirectoryReader())}
INFO  - 2017-06-04 09:22:44.650; [c:gettingstarted s:shard1 r:core_node2 x:gettingstarted_shard1_replica1] org.apache.solr.core.QuerySenderListener; QuerySenderListener done.
INFO  - 2017-06-04 09:22:44.650; [c:gettingstarted s:shard1 r:core_node2 x:gettingstarted_shard1_replica1] org.apache.solr.handler.component.SpellCheckComponent$SpellCheckerListener; Loading spell index for spellchecker: default
INFO  - 2017-06-04 09:22:44.650; [c:gettingstarted s:shard2 r:core_node1 x:gettingstarted_shard2_replica1] org.apache.solr.core.QuerySenderListener; QuerySenderListener sending requests to Searcher@3900eed4[gettingstarted_shard2_replica1] main{ExitableDirectoryReader(UninvertingDirectoryReader())}
INFO  - 2017-06-04 09:22:44.651; [c:gettingstarted s:shard2 r:core_node1 x:gettingstarted_shard2_replica1] org.apache.solr.core.QuerySenderListener; QuerySenderListener done.
INFO  - 2017-06-04 09:22:44.651; [c:gettingstarted s:shard2 r:core_node1 x:gettingstarted_shard2_replica1] org.apache.solr.handler.component.SpellCheckComponent$SpellCheckerListener; Loading spell index for spellchecker: default
INFO  - 2017-06-04 09:22:44.653; [c:gettingstarted s:shard1 r:core_node2 x:gettingstarted_shard1_replica1] org.apache.solr.core.SolrCore; [gettingstarted_shard1_replica1] Registered new searcher Searcher@47111715[gettingstarted_shard1_replica1] main{ExitableDirectoryReader(UninvertingDirectoryReader())}
INFO  - 2017-06-04 09:22:44.654; [c:gettingstarted s:shard2 r:core_node1 x:gettingstarted_shard2_replica1] org.apache.solr.core.SolrCore; [gettingstarted_shard2_replica1] Registered new searcher Searcher@3900eed4[gettingstarted_shard2_replica1] main{ExitableDirectoryReader(UninvertingDirectoryReader())}
INFO  - 2017-06-04 09:22:44.665; [c:gettingstarted s:shard1 r:core_node2 x:gettingstarted_shard1_replica1] org.apache.solr.update.UpdateLog; Could not find max version in index or recent updates, using new clock 1569265459831767040
INFO  - 2017-06-04 09:22:44.667; [c:gettingstarted s:shard2 r:core_node1 x:gettingstarted_shard2_replica1] org.apache.solr.update.UpdateLog; Could not find max version in index or recent updates, using new clock 1569265459833864192
INFO  - 2017-06-04 09:22:44.695; [c:gettingstarted s:shard2 r:core_node1 x:gettingstarted_shard2_replica1] org.apache.solr.cloud.ShardLeaderElectionContext; Waiting until we see more replicas up for shard shard2: total=2 found=1 timeoutin=179999ms
INFO  - 2017-06-04 09:22:44.695; [c:gettingstarted s:shard1 r:core_node2 x:gettingstarted_shard1_replica1] org.apache.solr.cloud.ShardLeaderElectionContext; Waiting until we see more replicas up for shard shard1: total=2 found=1 timeoutin=179999ms
INFO  - 2017-06-04 09:22:44.703; [   ] org.apache.solr.common.cloud.ZkStateReader$StateWatcher; A cluster state change: [WatchedEvent state:SyncConnected type:NodeDataChanged path:/collections/gettingstarted/state.json] for collection [gettingstarted] has occurred - updating... (live nodes size: [1])
INFO  - 2017-06-04 09:22:44.819; [   ] org.apache.solr.common.cloud.ZkStateReader$StateWatcher; A cluster state change: [WatchedEvent state:SyncConnected type:NodeDataChanged path:/collections/gettingstarted/state.json] for collection [gettingstarted] has occurred - updating... (live nodes size: [1])
INFO  - 2017-06-04 09:22:47.082; [   ] org.apache.solr.common.cloud.ZkStateReader$StateWatcher; A cluster state change: [WatchedEvent state:SyncConnected type:NodeDataChanged path:/collections/gettingstarted/state.json] for collection [gettingstarted] has occurred - updating... (live nodes size: [1])
INFO  - 2017-06-04 09:22:47.087; [   ] org.apache.solr.common.cloud.ZkStateReader; Updated live nodes from ZooKeeper... (1) -> (2)
INFO  - 2017-06-04 09:22:47.496; [   ] org.apache.solr.common.cloud.ZkStateReader$StateWatcher; A cluster state change: [WatchedEvent state:SyncConnected type:NodeDataChanged path:/collections/gettingstarted/state.json] for collection [gettingstarted] has occurred - updating... (live nodes size: [2])
INFO  - 2017-06-04 09:22:48.441; [   ] org.apache.solr.handler.admin.CollectionsHandler; Invoked Collection Action :list with params action=list&wt=json and sendToOCPQueue=true
INFO  - 2017-06-04 09:22:48.442; [   ] org.apache.solr.servlet.HttpSolrCall; [admin] webapp=null path=/admin/collections params={action=list&wt=json} status=0 QTime=1
INFO  - 2017-06-04 09:22:52.241; [c:gettingstarted s:shard1 r:core_node2 x:gettingstarted_shard1_replica1] org.apache.solr.cloud.ShardLeaderElectionContext; Enough replicas found to continue.
INFO  - 2017-06-04 09:22:52.242; [c:gettingstarted s:shard1 r:core_node2 x:gettingstarted_shard1_replica1] org.apache.solr.cloud.ShardLeaderElectionContext; I may be the new leader - try and sync
INFO  - 2017-06-04 09:22:52.242; [c:gettingstarted s:shard1 r:core_node2 x:gettingstarted_shard1_replica1] org.apache.solr.cloud.SyncStrategy; Sync replicas to http://192.168.22.103:8983/solr/gettingstarted_shard1_replica1/
INFO  - 2017-06-04 09:22:52.241; [c:gettingstarted s:shard2 r:core_node1 x:gettingstarted_shard2_replica1] org.apache.solr.cloud.ShardLeaderElectionContext; Enough replicas found to continue.
INFO  - 2017-06-04 09:22:52.242; [c:gettingstarted s:shard2 r:core_node1 x:gettingstarted_shard2_replica1] org.apache.solr.cloud.ShardLeaderElectionContext; I may be the new leader - try and sync
INFO  - 2017-06-04 09:22:52.242; [c:gettingstarted s:shard2 r:core_node1 x:gettingstarted_shard2_replica1] org.apache.solr.cloud.SyncStrategy; Sync replicas to http://192.168.22.103:8983/solr/gettingstarted_shard2_replica1/
INFO  - 2017-06-04 09:22:52.255; [c:gettingstarted s:shard2 r:core_node1 x:gettingstarted_shard2_replica1] org.apache.solr.update.PeerSync; PeerSync: core=gettingstarted_shard2_replica1 url=http://192.168.22.103:8983/solr START replicas=[http://192.168.22.103:7574/solr/gettingstarted_shard2_replica2/] nUpdates=100
INFO  - 2017-06-04 09:22:52.255; [c:gettingstarted s:shard1 r:core_node2 x:gettingstarted_shard1_replica1] org.apache.solr.update.PeerSync; PeerSync: core=gettingstarted_shard1_replica1 url=http://192.168.22.103:8983/solr START replicas=[http://192.168.22.103:7574/solr/gettingstarted_shard1_replica2/] nUpdates=100
INFO  - 2017-06-04 09:22:52.270; [c:gettingstarted s:shard2 r:core_node1 x:gettingstarted_shard2_replica1] org.apache.solr.update.PeerSync; PeerSync: core=gettingstarted_shard2_replica1 url=http://192.168.22.103:8983/solr DONE.  We have no versions.  sync failed.
INFO  - 2017-06-04 09:22:52.271; [c:gettingstarted s:shard1 r:core_node2 x:gettingstarted_shard1_replica1] org.apache.solr.update.PeerSync; PeerSync: core=gettingstarted_shard1_replica1 url=http://192.168.22.103:8983/solr DONE.  We have no versions.  sync failed.
INFO  - 2017-06-04 09:22:52.406; [c:gettingstarted s:shard2 r:core_node1 x:gettingstarted_shard2_replica1] org.apache.solr.cloud.SyncStrategy; Leader's attempt to sync with shard failed, moving to the next candidate
INFO  - 2017-06-04 09:22:52.406; [c:gettingstarted s:shard1 r:core_node2 x:gettingstarted_shard1_replica1] org.apache.solr.cloud.SyncStrategy; Leader's attempt to sync with shard failed, moving to the next candidate
INFO  - 2017-06-04 09:22:52.411; [c:gettingstarted s:shard2 r:core_node1 x:gettingstarted_shard2_replica1] org.apache.solr.cloud.ShardLeaderElectionContext; We failed sync, but we have no versions - we can't sync in that case - we were active before, so become leader anyway
INFO  - 2017-06-04 09:22:52.411; [c:gettingstarted s:shard1 r:core_node2 x:gettingstarted_shard1_replica1] org.apache.solr.cloud.ShardLeaderElectionContext; We failed sync, but we have no versions - we can't sync in that case - we were active before, so become leader anyway
INFO  - 2017-06-04 09:22:52.412; [c:gettingstarted s:shard2 r:core_node1 x:gettingstarted_shard2_replica1] org.apache.solr.cloud.ShardLeaderElectionContext; Found all replicas participating in election, clear LIR
INFO  - 2017-06-04 09:22:52.412; [c:gettingstarted s:shard1 r:core_node2 x:gettingstarted_shard1_replica1] org.apache.solr.cloud.ShardLeaderElectionContext; Found all replicas participating in election, clear LIR
INFO  - 2017-06-04 09:22:52.445; [c:gettingstarted s:shard1 r:core_node2 x:gettingstarted_shard1_replica1] org.apache.solr.cloud.ShardLeaderElectionContext; I am the new leader: http://192.168.22.103:8983/solr/gettingstarted_shard1_replica1/ shard1
INFO  - 2017-06-04 09:22:52.445; [c:gettingstarted s:shard2 r:core_node1 x:gettingstarted_shard2_replica1] org.apache.solr.cloud.ShardLeaderElectionContext; I am the new leader: http://192.168.22.103:8983/solr/gettingstarted_shard2_replica1/ shard2
INFO  - 2017-06-04 09:22:52.449; [   ] org.apache.solr.common.cloud.ZkStateReader$StateWatcher; A cluster state change: [WatchedEvent state:SyncConnected type:NodeDataChanged path:/collections/gettingstarted/state.json] for collection [gettingstarted] has occurred - updating... (live nodes size: [2])
INFO  - 2017-06-04 09:22:52.498; [c:gettingstarted s:shard1 r:core_node2 x:gettingstarted_shard1_replica1] org.apache.solr.cloud.ZkController; I am the leader, no recovery necessary
INFO  - 2017-06-04 09:22:52.617; [   ] org.apache.solr.common.cloud.ZkStateReader$StateWatcher; A cluster state change: [WatchedEvent state:SyncConnected type:NodeDataChanged path:/collections/gettingstarted/state.json] for collection [gettingstarted] has occurred - updating... (live nodes size: [2])
INFO  - 2017-06-04 09:22:52.647; [c:gettingstarted s:shard1 r:core_node2 x:gettingstarted_shard1_replica1] org.apache.solr.cloud.ZkController; Persisted config data to node /configs/gettingstarted/configoverlay.json 
INFO  - 2017-06-04 09:22:52.648; [c:gettingstarted s:shard1 r:core_node2 x:gettingstarted_shard1_replica1] org.apache.solr.handler.SolrConfigHandler$Command; Executed config commands successfully and persisted to ZK [{"set-property":{"updateHandler.autoSoftCommit.maxTime":"3000"}}]
INFO  - 2017-06-04 09:22:52.650; [   ] org.apache.solr.core.SolrCore; config update listener called for core gettingstarted_shard2_replica1
INFO  - 2017-06-04 09:22:52.651; [   ] org.apache.solr.core.SolrCore; core reload gettingstarted_shard2_replica1
INFO  - 2017-06-04 09:22:52.666; [c:gettingstarted s:shard2 r:core_node1 x:gettingstarted_shard2_replica1] org.apache.solr.cloud.ZkController; I am the leader, no recovery necessary
INFO  - 2017-06-04 09:22:52.666; [c:gettingstarted s:shard1 r:core_node2 x:gettingstarted_shard1_replica1] org.apache.solr.handler.SolrConfigHandler; Waiting up to 30 secs for 1 replicas to set the property overlay to be of version 1 for collection gettingstarted
INFO  - 2017-06-04 09:22:52.681; [c:gettingstarted s:shard1 r:core_node2 x:gettingstarted_shard1_replica1] org.apache.solr.handler.SolrConfigHandler$PerReplicaCallable; Time elapsed : 0 secs, maxWait 30
INFO  - 2017-06-04 09:22:52.723; [   ] org.apache.solr.core.RequestParams; conf resource params.json loaded . version : 0 
INFO  - 2017-06-04 09:22:52.723; [   ] org.apache.solr.core.RequestParams; request params refreshed to version 0
INFO  - 2017-06-04 09:22:52.727; [   ] org.apache.solr.core.SolrResourceLoader; [gettingstarted_shard2_replica1] Added 51 libs to classloader, from paths: [/Users/larluo/work/git/cluster-dev/.clojurians-org/tarball/solr-6.5.1/contrib/clustering/lib, /Users/larluo/work/git/cluster-dev/.clojurians-org/tarball/solr-6.5.1/contrib/extraction/lib, /Users/larluo/work/git/cluster-dev/.clojurians-org/tarball/solr-6.5.1/contrib/langid/lib, /Users/larluo/work/git/cluster-dev/.clojurians-org/tarball/solr-6.5.1/contrib/velocity/lib, /Users/larluo/work/git/cluster-dev/.clojurians-org/tarball/solr-6.5.1/dist]
INFO  - 2017-06-04 09:22:52.760; [   ] org.apache.solr.core.SolrConfig; Using Lucene MatchVersion: 6.5.1
INFO  - 2017-06-04 09:22:52.803; [   ] org.apache.solr.common.cloud.ZkStateReader$StateWatcher; A cluster state change: [WatchedEvent state:SyncConnected type:NodeDataChanged path:/collections/gettingstarted/state.json] for collection [gettingstarted] has occurred - updating... (live nodes size: [2])
INFO  - 2017-06-04 09:22:52.891; [c:gettingstarted s:shard1 r:core_node2 x:gettingstarted_shard1_replica1] org.apache.solr.handler.SolrConfigHandler$Command; expecting overlay version 1 but my version is 0
INFO  - 2017-06-04 09:22:52.893; [c:gettingstarted s:shard1 r:core_node2 x:gettingstarted_shard1_replica1] org.apache.solr.core.SolrCore; [gettingstarted_shard1_replica1]  webapp=/solr path=/config/znodeVersion params={overlay=1&wt=javabin&version=2} status=0 QTime=1
INFO  - 2017-06-04 09:22:52.893; [c:gettingstarted s:shard1 r:core_node2 x:gettingstarted_shard1_replica1] org.apache.solr.handler.SolrConfigHandler$Command; Trying to update my configs
INFO  - 2017-06-04 09:22:52.893; [c:gettingstarted s:shard1 r:core_node2 x:gettingstarted_shard1_replica1] org.apache.solr.core.SolrCore; config update listener called for core gettingstarted_shard1_replica1
INFO  - 2017-06-04 09:22:52.894; [c:gettingstarted s:shard1 r:core_node2 x:gettingstarted_shard1_replica1] org.apache.solr.core.SolrCore; core reload gettingstarted_shard1_replica1
INFO  - 2017-06-04 09:22:52.896; [c:gettingstarted s:shard1 r:core_node2 x:gettingstarted_shard1_replica1] org.apache.solr.handler.SolrConfigHandler$PerReplicaCallable; Could not get expectedVersion 1 from http://192.168.22.103:8983/solr/gettingstarted_shard1_replica1/ for prop overlay   after 1 attempts
INFO  - 2017-06-04 09:22:52.896; [c:gettingstarted s:shard1 r:core_node2 x:gettingstarted_shard1_replica1] org.apache.solr.handler.SolrConfigHandler$PerReplicaCallable; Time elapsed : 0 secs, maxWait 30
INFO  - 2017-06-04 09:22:52.931; [   ] org.apache.solr.schema.IndexSchema; [gettingstarted_shard2_replica1] Schema name=example-data-driven-schema
INFO  - 2017-06-04 09:22:53.105; [c:gettingstarted s:shard1 r:core_node2 x:gettingstarted_shard1_replica1] org.apache.solr.core.RequestParams; conf resource params.json loaded . version : 0 
INFO  - 2017-06-04 09:22:53.105; [c:gettingstarted s:shard1 r:core_node2 x:gettingstarted_shard1_replica1] org.apache.solr.core.RequestParams; request params refreshed to version 0
INFO  - 2017-06-04 09:22:53.124; [c:gettingstarted s:shard1 r:core_node2 x:gettingstarted_shard1_replica1] org.apache.solr.handler.SolrConfigHandler$Command; expecting overlay version 1 but my version is 0
INFO  - 2017-06-04 09:22:53.125; [c:gettingstarted s:shard1 r:core_node2 x:gettingstarted_shard1_replica1] org.apache.solr.handler.SolrConfigHandler$Command; Another reload is in progress . Not doing anything
INFO  - 2017-06-04 09:22:53.125; [c:gettingstarted s:shard1 r:core_node2 x:gettingstarted_shard1_replica1] org.apache.solr.core.SolrCore; [gettingstarted_shard1_replica1]  webapp=/solr path=/config/znodeVersion params={overlay=1&wt=javabin&version=2} status=0 QTime=1
INFO  - 2017-06-04 09:22:53.191; [c:gettingstarted s:shard1 r:core_node2 x:gettingstarted_shard1_replica1] org.apache.solr.handler.SolrConfigHandler$PerReplicaCallable; Could not get expectedVersion 1 from http://192.168.22.103:8983/solr/gettingstarted_shard1_replica1/ for prop overlay   after 2 attempts
INFO  - 2017-06-04 09:22:53.192; [c:gettingstarted s:shard1 r:core_node2 x:gettingstarted_shard1_replica1] org.apache.solr.handler.SolrConfigHandler$PerReplicaCallable; Time elapsed : 0 secs, maxWait 30
INFO  - 2017-06-04 09:22:53.193; [c:gettingstarted s:shard1 r:core_node2 x:gettingstarted_shard1_replica1] org.apache.solr.core.SolrResourceLoader; [gettingstarted_shard1_replica1] Added 51 libs to classloader, from paths: [/Users/larluo/work/git/cluster-dev/.clojurians-org/tarball/solr-6.5.1/contrib/clustering/lib, /Users/larluo/work/git/cluster-dev/.clojurians-org/tarball/solr-6.5.1/contrib/extraction/lib, /Users/larluo/work/git/cluster-dev/.clojurians-org/tarball/solr-6.5.1/contrib/langid/lib, /Users/larluo/work/git/cluster-dev/.clojurians-org/tarball/solr-6.5.1/contrib/velocity/lib, /Users/larluo/work/git/cluster-dev/.clojurians-org/tarball/solr-6.5.1/dist]
INFO  - 2017-06-04 09:22:53.228; [c:gettingstarted s:shard1 r:core_node2 x:gettingstarted_shard1_replica1] org.apache.solr.core.SolrConfig; Using Lucene MatchVersion: 6.5.1
INFO  - 2017-06-04 09:22:53.240; [   ] org.apache.solr.handler.admin.PrepRecoveryOp; Going to wait for coreNodeName: core_node4, state: recovering, checkLive: true, onlyIfLeader: true, onlyIfLeaderActive: true
INFO  - 2017-06-04 09:22:53.240; [   ] org.apache.solr.handler.admin.PrepRecoveryOp; Going to wait for coreNodeName: core_node3, state: recovering, checkLive: true, onlyIfLeader: true, onlyIfLeaderActive: true
INFO  - 2017-06-04 09:22:53.258; [   ] org.apache.solr.handler.admin.PrepRecoveryOp; Will wait a max of 183 seconds to see gettingstarted_shard1_replica1 (shard1 of gettingstarted) have state: recovering
INFO  - 2017-06-04 09:22:53.259; [   ] org.apache.solr.handler.admin.PrepRecoveryOp; In WaitForState(recovering): collection=gettingstarted, shard=shard1, thisCore=gettingstarted_shard1_replica1, leaderDoesNotNeedRecovery=false, isLeader? true, live=true, checkLive=true, currentState=down, localState=active, nodeName=192.168.22.103:7574_solr, coreNodeName=core_node4, onlyIfActiveCheckResult=false, nodeProps: core_node4:{"core":"gettingstarted_shard1_replica2","base_url":"http://192.168.22.103:7574/solr","node_name":"192.168.22.103:7574_solr","state":"down"}
INFO  - 2017-06-04 09:22:53.259; [   ] org.apache.solr.handler.admin.PrepRecoveryOp; Will wait a max of 183 seconds to see gettingstarted_shard2_replica1 (shard2 of gettingstarted) have state: recovering
INFO  - 2017-06-04 09:22:53.260; [   ] org.apache.solr.handler.admin.PrepRecoveryOp; In WaitForState(recovering): collection=gettingstarted, shard=shard2, thisCore=gettingstarted_shard2_replica1, leaderDoesNotNeedRecovery=false, isLeader? true, live=true, checkLive=true, currentState=down, localState=active, nodeName=192.168.22.103:7574_solr, coreNodeName=core_node3, onlyIfActiveCheckResult=false, nodeProps: core_node3:{"core":"gettingstarted_shard2_replica2","base_url":"http://192.168.22.103:7574/solr","node_name":"192.168.22.103:7574_solr","state":"down"}
INFO  - 2017-06-04 09:22:53.364; [c:gettingstarted s:shard1 r:core_node2 x:gettingstarted_shard1_replica1] org.apache.solr.handler.SolrConfigHandler$Command; expecting overlay version 1 but my version is 0
INFO  - 2017-06-04 09:22:53.371; [   ] org.apache.solr.common.cloud.ZkStateReader$StateWatcher; A cluster state change: [WatchedEvent state:SyncConnected type:NodeDataChanged path:/collections/gettingstarted/state.json] for collection [gettingstarted] has occurred - updating... (live nodes size: [2])
INFO  - 2017-06-04 09:22:53.372; [c:gettingstarted s:shard1 r:core_node2 x:gettingstarted_shard1_replica1] org.apache.solr.handler.SolrConfigHandler$Command; Another reload is in progress . Not doing anything
INFO  - 2017-06-04 09:22:53.372; [c:gettingstarted s:shard1 r:core_node2 x:gettingstarted_shard1_replica1] org.apache.solr.core.SolrCore; [gettingstarted_shard1_replica1]  webapp=/solr path=/config/znodeVersion params={overlay=1&wt=javabin&version=2} status=0 QTime=8
INFO  - 2017-06-04 09:22:53.381; [c:gettingstarted s:shard1 r:core_node2 x:gettingstarted_shard1_replica1] org.apache.solr.handler.SolrConfigHandler$PerReplicaCallable; Could not get expectedVersion 1 from http://192.168.22.103:8983/solr/gettingstarted_shard1_replica1/ for prop overlay   after 3 attempts
INFO  - 2017-06-04 09:22:53.381; [c:gettingstarted s:shard1 r:core_node2 x:gettingstarted_shard1_replica1] org.apache.solr.handler.SolrConfigHandler$PerReplicaCallable; Time elapsed : 0 secs, maxWait 30
INFO  - 2017-06-04 09:22:53.392; [c:gettingstarted s:shard1 r:core_node2 x:gettingstarted_shard1_replica1] org.apache.solr.schema.IndexSchema; [gettingstarted_shard1_replica1] Schema name=example-data-driven-schema
INFO  - 2017-06-04 09:22:53.488; [c:gettingstarted s:shard1 r:core_node2 x:gettingstarted_shard1_replica1] org.apache.solr.handler.SolrConfigHandler$Command; expecting overlay version 1 but my version is 0
INFO  - 2017-06-04 09:22:53.489; [c:gettingstarted s:shard1 r:core_node2 x:gettingstarted_shard1_replica1] org.apache.solr.handler.SolrConfigHandler$Command; Another reload is in progress . Not doing anything
INFO  - 2017-06-04 09:22:53.489; [c:gettingstarted s:shard1 r:core_node2 x:gettingstarted_shard1_replica1] org.apache.solr.core.SolrCore; [gettingstarted_shard1_replica1]  webapp=/solr path=/config/znodeVersion params={overlay=1&wt=javabin&version=2} status=0 QTime=1
INFO  - 2017-06-04 09:22:53.499; [c:gettingstarted s:shard1 r:core_node2 x:gettingstarted_shard1_replica1] org.apache.solr.handler.SolrConfigHandler$PerReplicaCallable; Could not get expectedVersion 1 from http://192.168.22.103:8983/solr/gettingstarted_shard1_replica1/ for prop overlay   after 4 attempts
INFO  - 2017-06-04 09:22:53.499; [c:gettingstarted s:shard1 r:core_node2 x:gettingstarted_shard1_replica1] org.apache.solr.handler.SolrConfigHandler$PerReplicaCallable; Time elapsed : 0 secs, maxWait 30
INFO  - 2017-06-04 09:22:53.603; [c:gettingstarted s:shard1 r:core_node2 x:gettingstarted_shard1_replica1] org.apache.solr.handler.SolrConfigHandler$Command; expecting overlay version 1 but my version is 0
INFO  - 2017-06-04 09:22:53.604; [c:gettingstarted s:shard1 r:core_node2 x:gettingstarted_shard1_replica1] org.apache.solr.handler.SolrConfigHandler$Command; Another reload is in progress . Not doing anything
INFO  - 2017-06-04 09:22:53.604; [c:gettingstarted s:shard1 r:core_node2 x:gettingstarted_shard1_replica1] org.apache.solr.core.SolrCore; [gettingstarted_shard1_replica1]  webapp=/solr path=/config/znodeVersion params={overlay=1&wt=javabin&version=2} status=0 QTime=1
INFO  - 2017-06-04 09:22:53.606; [c:gettingstarted s:shard1 r:core_node2 x:gettingstarted_shard1_replica1] org.apache.solr.handler.SolrConfigHandler$PerReplicaCallable; Could not get expectedVersion 1 from http://192.168.22.103:8983/solr/gettingstarted_shard1_replica1/ for prop overlay   after 5 attempts
INFO  - 2017-06-04 09:22:53.606; [c:gettingstarted s:shard1 r:core_node2 x:gettingstarted_shard1_replica1] org.apache.solr.handler.SolrConfigHandler$PerReplicaCallable; Time elapsed : 0 secs, maxWait 30
INFO  - 2017-06-04 09:22:53.713; [c:gettingstarted s:shard1 r:core_node2 x:gettingstarted_shard1_replica1] org.apache.solr.handler.SolrConfigHandler$Command; expecting overlay version 1 but my version is 0
INFO  - 2017-06-04 09:22:53.714; [c:gettingstarted s:shard1 r:core_node2 x:gettingstarted_shard1_replica1] org.apache.solr.core.SolrCore; [gettingstarted_shard1_replica1]  webapp=/solr path=/config/znodeVersion params={overlay=1&wt=javabin&version=2} status=0 QTime=1
INFO  - 2017-06-04 09:22:53.714; [c:gettingstarted s:shard1 r:core_node2 x:gettingstarted_shard1_replica1] org.apache.solr.handler.SolrConfigHandler$Command; Another reload is in progress . Not doing anything
INFO  - 2017-06-04 09:22:53.716; [c:gettingstarted s:shard1 r:core_node2 x:gettingstarted_shard1_replica1] org.apache.solr.handler.SolrConfigHandler$PerReplicaCallable; Could not get expectedVersion 1 from http://192.168.22.103:8983/solr/gettingstarted_shard1_replica1/ for prop overlay   after 6 attempts
INFO  - 2017-06-04 09:22:53.716; [c:gettingstarted s:shard1 r:core_node2 x:gettingstarted_shard1_replica1] org.apache.solr.handler.SolrConfigHandler$PerReplicaCallable; Time elapsed : 1 secs, maxWait 30
INFO  - 2017-06-04 09:22:53.792; [   ] org.apache.solr.schema.IndexSchema; Loaded schema example-data-driven-schema/1.6 with uniqueid field id
INFO  - 2017-06-04 09:22:53.819; [c:gettingstarted s:shard1 r:core_node2 x:gettingstarted_shard1_replica1] org.apache.solr.handler.SolrConfigHandler$Command; expecting overlay version 1 but my version is 0
INFO  - 2017-06-04 09:22:53.820; [c:gettingstarted s:shard1 r:core_node2 x:gettingstarted_shard1_replica1] org.apache.solr.core.SolrCore; [gettingstarted_shard1_replica1]  webapp=/solr path=/config/znodeVersion params={overlay=1&wt=javabin&version=2} status=0 QTime=1
INFO  - 2017-06-04 09:22:53.820; [c:gettingstarted s:shard1 r:core_node2 x:gettingstarted_shard1_replica1] org.apache.solr.handler.SolrConfigHandler$Command; Another reload is in progress . Not doing anything
INFO  - 2017-06-04 09:22:53.822; [c:gettingstarted s:shard1 r:core_node2 x:gettingstarted_shard1_replica1] org.apache.solr.handler.SolrConfigHandler$PerReplicaCallable; Could not get expectedVersion 1 from http://192.168.22.103:8983/solr/gettingstarted_shard1_replica1/ for prop overlay   after 7 attempts
INFO  - 2017-06-04 09:22:53.822; [c:gettingstarted s:shard1 r:core_node2 x:gettingstarted_shard1_replica1] org.apache.solr.handler.SolrConfigHandler$PerReplicaCallable; Time elapsed : 1 secs, maxWait 30
INFO  - 2017-06-04 09:22:53.855; [   ] org.apache.solr.core.CoreContainer; Reloading SolrCore 'gettingstarted_shard2_replica1' using configuration from collection gettingstarted
INFO  - 2017-06-04 09:22:53.870; [c:gettingstarted s:shard2 r:core_node1 x:gettingstarted_shard2_replica1] org.apache.solr.core.SolrCore; [[gettingstarted_shard2_replica1] ] Opening new SolrCore at [/Users/larluo/work/git/cluster-dev/.clojurians-org/tarball/solr-6.5.1/example/cloud/node1/solr/gettingstarted_shard2_replica1], dataDir=[/Users/larluo/work/git/cluster-dev/.clojurians-org/tarball/solr-6.5.1/example/cloud/node1/solr/gettingstarted_shard2_replica1/data/]
INFO  - 2017-06-04 09:22:53.878; [c:gettingstarted s:shard2 r:core_node1 x:gettingstarted_shard2_replica1] org.apache.solr.core.JmxMonitoredMap; JMX monitoring is enabled. Adding Solr mbeans to JMX Server: com.sun.jmx.mbeanserver.JmxMBeanServer@43cbb76
INFO  - 2017-06-04 09:22:53.880; [c:gettingstarted s:shard2 r:core_node1 x:gettingstarted_shard2_replica1] org.apache.solr.response.XSLTResponseWriter; xsltCacheLifetimeSeconds=5
INFO  - 2017-06-04 09:22:53.926; [c:gettingstarted s:shard1 r:core_node2 x:gettingstarted_shard1_replica1] org.apache.solr.handler.SolrConfigHandler$Command; expecting overlay version 1 but my version is 0
INFO  - 2017-06-04 09:22:53.927; [c:gettingstarted s:shard1 r:core_node2 x:gettingstarted_shard1_replica1] org.apache.solr.core.SolrCore; [gettingstarted_shard1_replica1]  webapp=/solr path=/config/znodeVersion params={overlay=1&wt=javabin&version=2} status=0 QTime=1
INFO  - 2017-06-04 09:22:53.927; [c:gettingstarted s:shard1 r:core_node2 x:gettingstarted_shard1_replica1] org.apache.solr.handler.SolrConfigHandler$Command; Another reload is in progress . Not doing anything
INFO  - 2017-06-04 09:22:53.928; [c:gettingstarted s:shard1 r:core_node2 x:gettingstarted_shard1_replica1] org.apache.solr.handler.SolrConfigHandler$PerReplicaCallable; Could not get expectedVersion 1 from http://192.168.22.103:8983/solr/gettingstarted_shard1_replica1/ for prop overlay   after 8 attempts
INFO  - 2017-06-04 09:22:53.929; [c:gettingstarted s:shard1 r:core_node2 x:gettingstarted_shard1_replica1] org.apache.solr.handler.SolrConfigHandler$PerReplicaCallable; Time elapsed : 1 secs, maxWait 30
INFO  - 2017-06-04 09:22:53.983; [c:gettingstarted s:shard1 r:core_node2 x:gettingstarted_shard1_replica1] org.apache.solr.schema.IndexSchema; Loaded schema example-data-driven-schema/1.6 with uniqueid field id
INFO  - 2017-06-04 09:22:54.009; [c:gettingstarted s:shard2 r:core_node1 x:gettingstarted_shard2_replica1] org.apache.solr.update.CommitTracker; Hard AutoCommit: if uncommited for 15000ms; 
INFO  - 2017-06-04 09:22:54.011; [c:gettingstarted s:shard2 r:core_node1 x:gettingstarted_shard2_replica1] org.apache.solr.update.CommitTracker; Soft AutoCommit: if uncommited for 3000ms; 
INFO  - 2017-06-04 09:22:54.058; [c:gettingstarted s:shard2 r:core_node1 x:gettingstarted_shard2_replica1] org.apache.solr.search.SolrIndexSearcher; Opening [Searcher@7567b3d[gettingstarted_shard2_replica1] main]
INFO  - 2017-06-04 09:22:54.062; [c:gettingstarted s:shard1 r:core_node2 x:gettingstarted_shard1_replica1] org.apache.solr.handler.SolrConfigHandler$Command; expecting overlay version 1 but my version is 0
INFO  - 2017-06-04 09:22:54.063; [c:gettingstarted s:shard1 r:core_node2 x:gettingstarted_shard1_replica1] org.apache.solr.core.SolrCore; [gettingstarted_shard1_replica1]  webapp=/solr path=/config/znodeVersion params={overlay=1&wt=javabin&version=2} status=0 QTime=1
INFO  - 2017-06-04 09:22:54.063; [c:gettingstarted s:shard1 r:core_node2 x:gettingstarted_shard1_replica1] org.apache.solr.handler.SolrConfigHandler$Command; Another reload is in progress . Not doing anything
INFO  - 2017-06-04 09:22:54.064; [c:gettingstarted s:shard1 r:core_node2 x:gettingstarted_shard1_replica1] org.apache.solr.handler.SolrConfigHandler$PerReplicaCallable; Could not get expectedVersion 1 from http://192.168.22.103:8983/solr/gettingstarted_shard1_replica1/ for prop overlay   after 9 attempts
INFO  - 2017-06-04 09:22:54.064; [c:gettingstarted s:shard1 r:core_node2 x:gettingstarted_shard1_replica1] org.apache.solr.handler.SolrConfigHandler$PerReplicaCallable; Time elapsed : 1 secs, maxWait 30
INFO  - 2017-06-04 09:22:54.072; [c:gettingstarted s:shard2 r:core_node1 x:gettingstarted_shard2_replica1] org.apache.solr.rest.ManagedResourceStorage$ZooKeeperStorageIO; Configured ZooKeeperStorageIO with znodeBase: /configs/gettingstarted
INFO  - 2017-06-04 09:22:54.078; [c:gettingstarted s:shard1 r:core_node2 x:gettingstarted_shard1_replica1] org.apache.solr.core.CoreContainer; Reloading SolrCore 'gettingstarted_shard1_replica1' using configuration from collection gettingstarted
INFO  - 2017-06-04 09:22:54.089; [c:gettingstarted s:shard1 r:core_node2 x:gettingstarted_shard1_replica1] org.apache.solr.core.SolrCore; [[gettingstarted_shard1_replica1] ] Opening new SolrCore at [/Users/larluo/work/git/cluster-dev/.clojurians-org/tarball/solr-6.5.1/example/cloud/node1/solr/gettingstarted_shard1_replica1], dataDir=[/Users/larluo/work/git/cluster-dev/.clojurians-org/tarball/solr-6.5.1/example/cloud/node1/solr/gettingstarted_shard1_replica1/data/]
INFO  - 2017-06-04 09:22:54.093; [c:gettingstarted s:shard1 r:core_node2 x:gettingstarted_shard1_replica1] org.apache.solr.core.JmxMonitoredMap; JMX monitoring is enabled. Adding Solr mbeans to JMX Server: com.sun.jmx.mbeanserver.JmxMBeanServer@43cbb76
INFO  - 2017-06-04 09:22:54.094; [c:gettingstarted s:shard2 r:core_node1 x:gettingstarted_shard2_replica1] org.apache.solr.rest.ManagedResourceStorage; Loaded null at path _rest_managed.json using ZooKeeperStorageIO:path=/configs/gettingstarted
INFO  - 2017-06-04 09:22:54.094; [c:gettingstarted s:shard2 r:core_node1 x:gettingstarted_shard2_replica1] org.apache.solr.schema.ZkIndexSchemaReader; Creating ZooKeeper watch for the managed schema at /configs/gettingstarted/managed-schema
INFO  - 2017-06-04 09:22:54.096; [c:gettingstarted s:shard1 r:core_node2 x:gettingstarted_shard1_replica1] org.apache.solr.response.XSLTResponseWriter; xsltCacheLifetimeSeconds=5
INFO  - 2017-06-04 09:22:54.097; [c:gettingstarted s:shard2 r:core_node1 x:gettingstarted_shard2_replica1] org.apache.solr.schema.ZkIndexSchemaReader; Current schema version 0 is already the latest
INFO  - 2017-06-04 09:22:54.097; [c:gettingstarted s:shard2 r:core_node1 x:gettingstarted_shard2_replica1] org.apache.solr.handler.component.SpellCheckComponent; Initializing spell checkers
INFO  - 2017-06-04 09:22:54.097; [c:gettingstarted s:shard2 r:core_node1 x:gettingstarted_shard2_replica1] org.apache.solr.spelling.DirectSolrSpellChecker; init: {name=default,field=_text_,classname=solr.DirectSolrSpellChecker,distanceMeasure=internal,accuracy=0.5,maxEdits=2,minPrefix=1,maxInspections=5,minQueryLength=4,maxQueryFrequency=0.01}
INFO  - 2017-06-04 09:22:54.101; [c:gettingstarted s:shard2 r:core_node1 x:gettingstarted_shard2_replica1] org.apache.solr.handler.ReplicationHandler; Commits will be reserved for  10000
INFO  - 2017-06-04 09:22:54.102; [c:gettingstarted s:shard2 r:core_node1 x:gettingstarted_shard2_replica1] org.apache.solr.core.QuerySenderListener; QuerySenderListener sending requests to Searcher@7567b3d[gettingstarted_shard2_replica1] main{ExitableDirectoryReader(UninvertingDirectoryReader())}
INFO  - 2017-06-04 09:22:54.102; [c:gettingstarted s:shard2 r:core_node1 x:gettingstarted_shard2_replica1] org.apache.solr.core.QuerySenderListener; QuerySenderListener done.
INFO  - 2017-06-04 09:22:54.102; [c:gettingstarted s:shard2 r:core_node1 x:gettingstarted_shard2_replica1] org.apache.solr.handler.component.SpellCheckComponent$SpellCheckerListener; Loading spell index for spellchecker: default
INFO  - 2017-06-04 09:22:54.103; [c:gettingstarted s:shard2 r:core_node1 x:gettingstarted_shard2_replica1] org.apache.solr.core.SolrCore; [gettingstarted_shard2_replica1] Registered new searcher Searcher@7567b3d[gettingstarted_shard2_replica1] main{ExitableDirectoryReader(UninvertingDirectoryReader())}
INFO  - 2017-06-04 09:22:54.115; [c:gettingstarted s:shard2 r:core_node1 x:gettingstarted_shard2_replica1] org.apache.solr.update.UpdateLog; Could not find max version in index or recent updates, using new clock 1569265469740810240
INFO  - 2017-06-04 09:22:54.184; [c:gettingstarted s:shard1 r:core_node2 x:gettingstarted_shard1_replica1] org.apache.solr.handler.SolrConfigHandler$Command; expecting overlay version 1 but my version is 0
INFO  - 2017-06-04 09:22:54.185; [c:gettingstarted s:shard1 r:core_node2 x:gettingstarted_shard1_replica1] org.apache.solr.handler.SolrConfigHandler$Command; Another reload is in progress . Not doing anything
INFO  - 2017-06-04 09:22:54.185; [c:gettingstarted s:shard1 r:core_node2 x:gettingstarted_shard1_replica1] org.apache.solr.core.SolrCore; [gettingstarted_shard1_replica1]  webapp=/solr path=/config/znodeVersion params={overlay=1&wt=javabin&version=2} status=0 QTime=1
INFO  - 2017-06-04 09:22:54.187; [c:gettingstarted s:shard1 r:core_node2 x:gettingstarted_shard1_replica1] org.apache.solr.handler.SolrConfigHandler$PerReplicaCallable; Could not get expectedVersion 1 from http://192.168.22.103:8983/solr/gettingstarted_shard1_replica1/ for prop overlay   after 10 attempts
INFO  - 2017-06-04 09:22:54.187; [c:gettingstarted s:shard1 r:core_node2 x:gettingstarted_shard1_replica1] org.apache.solr.handler.SolrConfigHandler$PerReplicaCallable; Time elapsed : 1 secs, maxWait 30
INFO  - 2017-06-04 09:22:54.273; [   ] org.apache.solr.handler.admin.PrepRecoveryOp; In WaitForState(recovering): collection=gettingstarted, shard=shard2, thisCore=gettingstarted_shard2_replica1, leaderDoesNotNeedRecovery=false, isLeader? true, live=true, checkLive=true, currentState=recovering, localState=active, nodeName=192.168.22.103:7574_solr, coreNodeName=core_node3, onlyIfActiveCheckResult=false, nodeProps: core_node3:{"core":"gettingstarted_shard2_replica2","base_url":"http://192.168.22.103:7574/solr","node_name":"192.168.22.103:7574_solr","state":"recovering"}
INFO  - 2017-06-04 09:22:54.273; [   ] org.apache.solr.handler.admin.PrepRecoveryOp; In WaitForState(recovering): collection=gettingstarted, shard=shard1, thisCore=gettingstarted_shard1_replica1, leaderDoesNotNeedRecovery=false, isLeader? true, live=true, checkLive=true, currentState=recovering, localState=active, nodeName=192.168.22.103:7574_solr, coreNodeName=core_node4, onlyIfActiveCheckResult=false, nodeProps: core_node4:{"core":"gettingstarted_shard1_replica2","base_url":"http://192.168.22.103:7574/solr","node_name":"192.168.22.103:7574_solr","state":"recovering"}
INFO  - 2017-06-04 09:22:54.273; [   ] org.apache.solr.handler.admin.PrepRecoveryOp; Waited coreNodeName: core_node3, state: recovering, checkLive: true, onlyIfLeader: true for: 1 seconds.
INFO  - 2017-06-04 09:22:54.273; [   ] org.apache.solr.handler.admin.PrepRecoveryOp; Waited coreNodeName: core_node4, state: recovering, checkLive: true, onlyIfLeader: true for: 1 seconds.
INFO  - 2017-06-04 09:22:54.283; [   ] org.apache.solr.servlet.HttpSolrCall; [admin] webapp=null path=/admin/cores params={nodeName=192.168.22.103:7574_solr&onlyIfLeaderActive=true&core=gettingstarted_shard2_replica1&coreNodeName=core_node3&action=PREPRECOVERY&checkLive=true&state=recovering&onlyIfLeader=true&wt=javabin&version=2} status=0 QTime=1043
INFO  - 2017-06-04 09:22:54.289; [   ] org.apache.solr.servlet.HttpSolrCall; [admin] webapp=null path=/admin/cores params={nodeName=192.168.22.103:7574_solr&onlyIfLeaderActive=true&core=gettingstarted_shard1_replica1&coreNodeName=core_node4&action=PREPRECOVERY&checkLive=true&state=recovering&onlyIfLeader=true&wt=javabin&version=2} status=0 QTime=1049
INFO  - 2017-06-04 09:22:54.292; [c:gettingstarted s:shard1 r:core_node2 x:gettingstarted_shard1_replica1] org.apache.solr.handler.SolrConfigHandler$Command; expecting overlay version 1 but my version is 0
INFO  - 2017-06-04 09:22:54.293; [c:gettingstarted s:shard1 r:core_node2 x:gettingstarted_shard1_replica1] org.apache.solr.core.SolrCore; [gettingstarted_shard1_replica1]  webapp=/solr path=/config/znodeVersion params={overlay=1&wt=javabin&version=2} status=0 QTime=1
INFO  - 2017-06-04 09:22:54.293; [c:gettingstarted s:shard1 r:core_node2 x:gettingstarted_shard1_replica1] org.apache.solr.handler.SolrConfigHandler$Command; Another reload is in progress . Not doing anything
INFO  - 2017-06-04 09:22:54.295; [c:gettingstarted s:shard1 r:core_node2 x:gettingstarted_shard1_replica1] org.apache.solr.handler.SolrConfigHandler$PerReplicaCallable; Could not get expectedVersion 1 from http://192.168.22.103:8983/solr/gettingstarted_shard1_replica1/ for prop overlay   after 11 attempts
INFO  - 2017-06-04 09:22:54.295; [c:gettingstarted s:shard1 r:core_node2 x:gettingstarted_shard1_replica1] org.apache.solr.handler.SolrConfigHandler$PerReplicaCallable; Time elapsed : 1 secs, maxWait 30
INFO  - 2017-06-04 09:22:54.330; [c:gettingstarted s:shard2 r:core_node1 x:gettingstarted_shard2_replica1] org.apache.solr.update.DefaultSolrCoreState; New IndexWriter is ready to be used.
INFO  - 2017-06-04 09:22:54.331; [c:gettingstarted s:shard2 r:core_node1 x:gettingstarted_shard2_replica1] org.apache.solr.search.SolrIndexSearcher; Opening [Searcher@31d90bc8[gettingstarted_shard2_replica1] main]
INFO  - 2017-06-04 09:22:54.331; [c:gettingstarted s:shard1 r:core_node2 x:gettingstarted_shard1_replica1] org.apache.solr.update.CommitTracker; Hard AutoCommit: if uncommited for 15000ms; 
INFO  - 2017-06-04 09:22:54.332; [c:gettingstarted s:shard1 r:core_node2 x:gettingstarted_shard1_replica1] org.apache.solr.update.CommitTracker; Soft AutoCommit: if uncommited for 3000ms; 
INFO  - 2017-06-04 09:22:54.333; [c:gettingstarted s:shard2 r:core_node1 x:gettingstarted_shard2_replica1] org.apache.solr.core.SolrCore; [gettingstarted_shard2_replica1]  CLOSING SolrCore org.apache.solr.core.SolrCore@472b181a
INFO  - 2017-06-04 09:22:54.348; [c:gettingstarted s:shard2 r:core_node1 x:gettingstarted_shard2_replica1] org.apache.solr.core.QuerySenderListener; QuerySenderListener sending requests to Searcher@31d90bc8[gettingstarted_shard2_replica1] main{ExitableDirectoryReader(UninvertingDirectoryReader())}
INFO  - 2017-06-04 09:22:54.348; [c:gettingstarted s:shard2 r:core_node1 x:gettingstarted_shard2_replica1] org.apache.solr.core.QuerySenderListener; QuerySenderListener done.
INFO  - 2017-06-04 09:22:54.350; [c:gettingstarted s:shard2 r:core_node1 x:gettingstarted_shard2_replica1] org.apache.solr.core.SolrCore; [gettingstarted_shard2_replica1] Registered new searcher Searcher@31d90bc8[gettingstarted_shard2_replica1] main{ExitableDirectoryReader(UninvertingDirectoryReader())}
INFO  - 2017-06-04 09:22:54.401; [c:gettingstarted s:shard1 r:core_node2 x:gettingstarted_shard1_replica1] org.apache.solr.handler.SolrConfigHandler$Command; expecting overlay version 1 but my version is 0
INFO  - 2017-06-04 09:22:54.402; [c:gettingstarted s:shard1 r:core_node2 x:gettingstarted_shard1_replica1] org.apache.solr.handler.SolrConfigHandler$Command; Another reload is in progress . Not doing anything
INFO  - 2017-06-04 09:22:54.402; [c:gettingstarted s:shard1 r:core_node2 x:gettingstarted_shard1_replica1] org.apache.solr.core.SolrCore; [gettingstarted_shard1_replica1]  webapp=/solr path=/config/znodeVersion params={overlay=1&wt=javabin&version=2} status=0 QTime=1
INFO  - 2017-06-04 09:22:54.403; [c:gettingstarted s:shard1 r:core_node2 x:gettingstarted_shard1_replica1] org.apache.solr.handler.SolrConfigHandler$PerReplicaCallable; Could not get expectedVersion 1 from http://192.168.22.103:8983/solr/gettingstarted_shard1_replica1/ for prop overlay   after 12 attempts
INFO  - 2017-06-04 09:22:54.403; [c:gettingstarted s:shard1 r:core_node2 x:gettingstarted_shard1_replica1] org.apache.solr.handler.SolrConfigHandler$PerReplicaCallable; Time elapsed : 1 secs, maxWait 30
INFO  - 2017-06-04 09:22:54.414; [c:gettingstarted s:shard1 r:core_node2 x:gettingstarted_shard1_replica1] org.apache.solr.search.SolrIndexSearcher; Opening [Searcher@32e152a9[gettingstarted_shard1_replica1] main]
INFO  - 2017-06-04 09:22:54.416; [c:gettingstarted s:shard1 r:core_node2 x:gettingstarted_shard1_replica1] org.apache.solr.rest.ManagedResourceStorage$ZooKeeperStorageIO; Configured ZooKeeperStorageIO with znodeBase: /configs/gettingstarted
INFO  - 2017-06-04 09:22:54.424; [c:gettingstarted s:shard1 r:core_node2 x:gettingstarted_shard1_replica1] org.apache.solr.rest.ManagedResourceStorage; Loaded null at path _rest_managed.json using ZooKeeperStorageIO:path=/configs/gettingstarted
INFO  - 2017-06-04 09:22:54.425; [c:gettingstarted s:shard1 r:core_node2 x:gettingstarted_shard1_replica1] org.apache.solr.schema.ZkIndexSchemaReader; Creating ZooKeeper watch for the managed schema at /configs/gettingstarted/managed-schema
INFO  - 2017-06-04 09:22:54.437; [c:gettingstarted s:shard1 r:core_node2 x:gettingstarted_shard1_replica1] org.apache.solr.schema.ZkIndexSchemaReader; Current schema version 0 is already the latest
INFO  - 2017-06-04 09:22:54.437; [c:gettingstarted s:shard1 r:core_node2 x:gettingstarted_shard1_replica1] org.apache.solr.handler.component.SpellCheckComponent; Initializing spell checkers
INFO  - 2017-06-04 09:22:54.438; [c:gettingstarted s:shard1 r:core_node2 x:gettingstarted_shard1_replica1] org.apache.solr.spelling.DirectSolrSpellChecker; init: {name=default,field=_text_,classname=solr.DirectSolrSpellChecker,distanceMeasure=internal,accuracy=0.5,maxEdits=2,minPrefix=1,maxInspections=5,minQueryLength=4,maxQueryFrequency=0.01}
INFO  - 2017-06-04 09:22:54.440; [c:gettingstarted s:shard1 r:core_node2 x:gettingstarted_shard1_replica1] org.apache.solr.handler.ReplicationHandler; Commits will be reserved for  10000
INFO  - 2017-06-04 09:22:54.441; [c:gettingstarted s:shard1 r:core_node2 x:gettingstarted_shard1_replica1] org.apache.solr.core.QuerySenderListener; QuerySenderListener sending requests to Searcher@32e152a9[gettingstarted_shard1_replica1] main{ExitableDirectoryReader(UninvertingDirectoryReader())}
INFO  - 2017-06-04 09:22:54.441; [c:gettingstarted s:shard1 r:core_node2 x:gettingstarted_shard1_replica1] org.apache.solr.core.QuerySenderListener; QuerySenderListener done.
INFO  - 2017-06-04 09:22:54.441; [c:gettingstarted s:shard1 r:core_node2 x:gettingstarted_shard1_replica1] org.apache.solr.handler.component.SpellCheckComponent$SpellCheckerListener; Loading spell index for spellchecker: default
INFO  - 2017-06-04 09:22:54.443; [c:gettingstarted s:shard1 r:core_node2 x:gettingstarted_shard1_replica1] org.apache.solr.core.SolrCore; [gettingstarted_shard1_replica1] Registered new searcher Searcher@32e152a9[gettingstarted_shard1_replica1] main{ExitableDirectoryReader(UninvertingDirectoryReader())}
INFO  - 2017-06-04 09:22:54.445; [c:gettingstarted s:shard1 r:core_node2 x:gettingstarted_shard1_replica1] org.apache.solr.update.UpdateLog; Could not find max version in index or recent updates, using new clock 1569265470086840320
INFO  - 2017-06-04 09:22:54.514; [c:gettingstarted s:shard1 r:core_node2 x:gettingstarted_shard1_replica1] org.apache.solr.update.DefaultSolrCoreState; New IndexWriter is ready to be used.
INFO  - 2017-06-04 09:22:54.521; [c:gettingstarted s:shard1 r:core_node2 x:gettingstarted_shard1_replica1] org.apache.solr.handler.SolrConfigHandler$Command; expecting overlay version 1 but my version is 0
INFO  - 2017-06-04 09:22:54.521; [c:gettingstarted s:shard1 r:core_node2 x:gettingstarted_shard1_replica1] org.apache.solr.search.SolrIndexSearcher; Opening [Searcher@1dd711b7[gettingstarted_shard1_replica1] main]
INFO  - 2017-06-04 09:22:54.522; [c:gettingstarted s:shard1 r:core_node2 x:gettingstarted_shard1_replica1] org.apache.solr.core.SolrCore; [gettingstarted_shard1_replica1]  webapp=/solr path=/config/znodeVersion params={overlay=1&wt=javabin&version=2} status=0 QTime=1
INFO  - 2017-06-04 09:22:54.522; [c:gettingstarted s:shard1 r:core_node2 x:gettingstarted_shard1_replica1] org.apache.solr.handler.SolrConfigHandler$Command; Another reload is in progress . Not doing anything
INFO  - 2017-06-04 09:22:54.529; [c:gettingstarted s:shard1 r:core_node2 x:gettingstarted_shard1_replica1] org.apache.solr.core.QuerySenderListener; QuerySenderListener sending requests to Searcher@1dd711b7[gettingstarted_shard1_replica1] main{ExitableDirectoryReader(UninvertingDirectoryReader())}
INFO  - 2017-06-04 09:22:54.529; [c:gettingstarted s:shard1 r:core_node2 x:gettingstarted_shard1_replica1] org.apache.solr.core.QuerySenderListener; QuerySenderListener done.
INFO  - 2017-06-04 09:22:54.530; [c:gettingstarted s:shard1 r:core_node2 x:gettingstarted_shard1_replica1] org.apache.solr.handler.SolrConfigHandler$PerReplicaCallable; Could not get expectedVersion 1 from http://192.168.22.103:8983/solr/gettingstarted_shard1_replica1/ for prop overlay   after 13 attempts
INFO  - 2017-06-04 09:22:54.530; [c:gettingstarted s:shard1 r:core_node2 x:gettingstarted_shard1_replica1] org.apache.solr.handler.SolrConfigHandler$PerReplicaCallable; Time elapsed : 1 secs, maxWait 30
INFO  - 2017-06-04 09:22:54.560; [c:gettingstarted s:shard1 r:core_node2 x:gettingstarted_shard1_replica1] org.apache.solr.core.SolrCore; [gettingstarted_shard1_replica1] Registered new searcher Searcher@1dd711b7[gettingstarted_shard1_replica1] main{ExitableDirectoryReader(UninvertingDirectoryReader())}
INFO  - 2017-06-04 09:22:54.566; [c:gettingstarted s:shard2 r:core_node1 x:gettingstarted_shard2_replica1] org.apache.solr.metrics.SolrMetricManager; Closing metric reporters for: solr.core.gettingstarted.shard2.replica1
INFO  - 2017-06-04 09:22:54.567; [c:gettingstarted s:shard2 r:core_node1 x:gettingstarted_shard2_replica1] org.apache.solr.core.SolrCore; config update listener called for core gettingstarted_shard1_replica1
INFO  - 2017-06-04 09:22:54.645; [c:gettingstarted s:shard1 r:core_node2 x:gettingstarted_shard1_replica1] org.apache.solr.handler.SolrConfigHandler$Command; I already have the expected version 1 of config
INFO  - 2017-06-04 09:22:54.645; [c:gettingstarted s:shard1 r:core_node2 x:gettingstarted_shard1_replica1] org.apache.solr.handler.SolrConfigHandler$Command; isStale false , resourceloader org.apache.solr.cloud.ZkSolrResourceLoader
INFO  - 2017-06-04 09:22:54.646; [c:gettingstarted s:shard1 r:core_node2 x:gettingstarted_shard1_replica1] org.apache.solr.core.SolrCore; [gettingstarted_shard1_replica1]  webapp=/solr path=/config/znodeVersion params={overlay=1&wt=javabin&version=2} status=0 QTime=8
INFO  - 2017-06-04 09:22:54.650; [c:gettingstarted s:shard1 r:core_node2 x:gettingstarted_shard1_replica1] org.apache.solr.handler.SolrConfigHandler; Took 2000.0ms to set the property overlay to be of version 1 for collection gettingstarted
INFO  - 2017-06-04 09:22:54.651; [c:gettingstarted s:shard1 r:core_node2 x:gettingstarted_shard1_replica1] org.apache.solr.core.SolrCore; [gettingstarted_shard1_replica1]  webapp=/solr path=/config params={wt=javabin&version=2} status=0 QTime=2032
INFO  - 2017-06-04 09:22:54.651; [c:gettingstarted s:shard1 r:core_node2 x:gettingstarted_shard1_replica1] org.apache.solr.core.SolrCore; [gettingstarted_shard1_replica1]  CLOSING SolrCore org.apache.solr.core.SolrCore@5919b60b
INFO  - 2017-06-04 09:22:54.702; [c:gettingstarted s:shard1 r:core_node2 x:gettingstarted_shard1_replica1] org.apache.solr.metrics.SolrMetricManager; Closing metric reporters for: solr.core.gettingstarted.shard1.replica1
INFO  - 2017-06-04 09:22:56.938; [c:gettingstarted s:shard2 r:core_node1 x:gettingstarted_shard2_replica1] org.apache.solr.update.IndexFingerprint; IndexFingerprint millis:12.0 result:{maxVersionSpecified=9223372036854775807, maxVersionEncountered=0, maxInHash=0, versionsHash=0, numVersions=0, numDocs=0, maxDoc=0}
INFO  - 2017-06-04 09:22:56.938; [c:gettingstarted s:shard1 r:core_node2 x:gettingstarted_shard1_replica1] org.apache.solr.update.IndexFingerprint; IndexFingerprint millis:12.0 result:{maxVersionSpecified=9223372036854775807, maxVersionEncountered=0, maxInHash=0, versionsHash=0, numVersions=0, numDocs=0, maxDoc=0}
INFO  - 2017-06-04 09:22:56.940; [c:gettingstarted s:shard2 r:core_node1 x:gettingstarted_shard2_replica1] org.apache.solr.core.SolrCore; [gettingstarted_shard2_replica1]  webapp=/solr path=/get params={distrib=false&qt=/get&getFingerprint=9223372036854775807&wt=javabin&version=2} status=0 QTime=18
INFO  - 2017-06-04 09:22:56.940; [c:gettingstarted s:shard1 r:core_node2 x:gettingstarted_shard1_replica1] org.apache.solr.core.SolrCore; [gettingstarted_shard1_replica1]  webapp=/solr path=/get params={distrib=false&qt=/get&getFingerprint=9223372036854775807&wt=javabin&version=2} status=0 QTime=19
INFO  - 2017-06-04 09:22:57.011; [   ] org.apache.solr.common.cloud.ZkStateReader$StateWatcher; A cluster state change: [WatchedEvent state:SyncConnected type:NodeDataChanged path:/collections/gettingstarted/state.json] for collection [gettingstarted] has occurred - updating... (live nodes size: [2])
INFO  - 2017-06-04 09:22:57.136; [   ] org.apache.solr.common.cloud.ZkStateReader$StateWatcher; A cluster state change: [WatchedEvent state:SyncConnected type:NodeDataChanged path:/collections/gettingstarted/state.json] for collection [gettingstarted] has occurred - updating... (live nodes size: [2])
INFO  - 2017-06-04 09:23:08.430; [   ] org.apache.solr.servlet.HttpSolrCall; [admin] webapp=null path=/admin/cores params={indexInfo=false&wt=json&_=1496568188426} status=0 QTime=0
INFO  - 2017-06-04 09:23:08.480; [   ] org.apache.solr.servlet.HttpSolrCall; [admin] webapp=null path=/admin/info/system params={wt=json&_=1496568188457} status=0 QTime=18
INFO  - 2017-06-04 09:23:08.543; [   ] org.apache.solr.servlet.HttpSolrCall; [admin] webapp=null path=/admin/zookeeper params={wt=json&_=1496568188505} status=0 QTime=35
INFO  - 2017-06-04 09:23:08.577; [   ] org.apache.solr.servlet.HttpSolrCall; [admin] webapp=null path=/admin/zookeeper params={wt=json&_=1496568188547} status=0 QTime=27
INFO  - 2017-06-04 09:27:20.748; [   ] org.apache.solr.servlet.HttpSolrCall; [admin] webapp=null path=/admin/cores params={indexInfo=false&wt=json&_=1496568440744} status=0 QTime=0
INFO  - 2017-06-04 09:27:20.821; [   ] org.apache.solr.servlet.HttpSolrCall; [admin] webapp=null path=/admin/info/system params={wt=json&_=1496568440772} status=0 QTime=47
INFO  - 2017-06-04 09:27:20.878; [   ] org.apache.solr.servlet.HttpSolrCall; [admin] webapp=null path=/admin/zookeeper params={wt=json&_=1496568440838} status=0 QTime=36
INFO  - 2017-06-04 09:27:20.917; [   ] org.apache.solr.servlet.HttpSolrCall; [admin] webapp=null path=/admin/zookeeper params={wt=json&_=1496568440889} status=0 QTime=24
