==> solr-5.5.1/solr/example/cloud/node1/logs/solr.log <==
INFO  - 2017-07-03 13:23:34.919; [c:gettingstarted s:shard1 r:core_node2 x:gettingstarted_shard1_replica1] org.apache.solr.core.SolrCore; [larluo]{wt=javabin&version=2}
INFO  - 2017-07-03 13:23:34.920; [c:gettingstarted s:shard1 r:core_node2 x:gettingstarted_shard1_replica1] org.apache.solr.update.processor.LogUpdateProcessorFactory$LogUpdateProcessor; [gettingstarted_shard1_replica1]  webapp=/solr path=/update params={wt=javabin&version=2}{} 0 1
ERROR - 2017-07-03 13:23:34.921; [c:gettingstarted s:shard1 r:core_node2 x:gettingstarted_shard1_replica1] org.apache.solr.common.SolrException; org.apache.solr.common.SolrException: [doc=null] missing required field: id
	at org.apache.solr.update.DocumentBuilder.toDocument(DocumentBuilder.java:197)
	at org.apache.solr.update.AddUpdateCommand$1.next(AddUpdateCommand.java:190)
	at org.apache.solr.update.AddUpdateCommand$1.next(AddUpdateCommand.java:165)
	at org.apache.lucene.index.DocumentsWriterPerThread.updateDocuments(DocumentsWriterPerThread.java:259)
	at org.apache.lucene.index.DocumentsWriter.updateDocuments(DocumentsWriter.java:413)
	at org.apache.lucene.index.IndexWriter.updateDocuments(IndexWriter.java:1318)
	at org.apache.solr.update.DirectUpdateHandler2.doNormalUpdate(DirectUpdateHandler2.java:278)
	at org.apache.solr.update.DirectUpdateHandler2.addDoc0(DirectUpdateHandler2.java:214)
	at org.apache.solr.update.DirectUpdateHandler2.addDoc(DirectUpdateHandler2.java:169)
	at org.apache.solr.update.processor.RunUpdateProcessor.processAdd(RunUpdateProcessorFactory.java:68)
	at org.apache.solr.update.processor.UpdateRequestProcessor.processAdd(UpdateRequestProcessor.java:48)
	at org.apache.solr.update.processor.AddSchemaFieldsUpdateProcessorFactory$AddSchemaFieldsUpdateProcessor.processAdd(AddSchemaFieldsUpdateProcessorFactory.java:335)
	at org.apache.solr.update.processor.UpdateRequestProcessor.processAdd(UpdateRequestProcessor.java:48)
	at org.apache.solr.update.processor.FieldMutatingUpdateProcessor.processAdd(FieldMutatingUpdateProcessor.java:117)
	at org.apache.solr.update.processor.UpdateRequestProcessor.processAdd(UpdateRequestProcessor.java:48)
	at org.apache.solr.update.processor.FieldMutatingUpdateProcessor.processAdd(FieldMutatingUpdateProcessor.java:117)
	at org.apache.solr.update.processor.UpdateRequestProcessor.processAdd(UpdateRequestProcessor.java:48)
	at org.apache.solr.update.processor.FieldMutatingUpdateProcessor.processAdd(FieldMutatingUpdateProcessor.java:117)
	at org.apache.solr.update.processor.UpdateRequestProcessor.processAdd(UpdateRequestProcessor.java:48)
	at org.apache.solr.update.processor.FieldMutatingUpdateProcessor.processAdd(FieldMutatingUpdateProcessor.java:117)
	at org.apache.solr.update.processor.UpdateRequestProcessor.processAdd(UpdateRequestProcessor.java:48)
	at org.apache.solr.update.processor.FieldNameMutatingUpdateProcessorFactory$1.processAdd(FieldNameMutatingUpdateProcessorFactory.java:74)
	at org.apache.solr.update.processor.UpdateRequestProcessor.processAdd(UpdateRequestProcessor.java:48)
	at org.apache.solr.update.processor.FieldMutatingUpdateProcessor.processAdd(FieldMutatingUpdateProcessor.java:117)
	at org.apache.solr.update.processor.UpdateRequestProcessor.processAdd(UpdateRequestProcessor.java:48)
	at org.apache.solr.update.processor.DistributedUpdateProcessor.doLocalAdd(DistributedUpdateProcessor.java:934)
	at org.apache.solr.update.processor.DistributedUpdateProcessor.versionAdd(DistributedUpdateProcessor.java:1089)
	at org.apache.solr.update.processor.DistributedUpdateProcessor.processAdd(DistributedUpdateProcessor.java:712)
	at org.apache.solr.update.processor.LogUpdateProcessorFactory$LogUpdateProcessor.processAdd(LogUpdateProcessorFactory.java:103)
	at org.apache.solr.update.processor.UpdateRequestProcessor.processAdd(UpdateRequestProcessor.java:48)
	at org.apache.solr.update.processor.AbstractDefaultValueUpdateProcessorFactory$DefaultValueUpdateProcessor.processAdd(AbstractDefaultValueUpdateProcessorFactory.java:93)
	at org.apache.solr.handler.loader.JavabinLoader$1.update(JavabinLoader.java:97)
	at org.apache.solr.client.solrj.request.JavaBinUpdateRequestCodec$1.readOuterMostDocIterator(JavaBinUpdateRequestCodec.java:179)
	at org.apache.solr.client.solrj.request.JavaBinUpdateRequestCodec$1.readIterator(JavaBinUpdateRequestCodec.java:135)
	at org.apache.solr.common.util.JavaBinCodec.readVal(JavaBinCodec.java:260)
	at org.apache.solr.client.solrj.request.JavaBinUpdateRequestCodec$1.readNamedList(JavaBinUpdateRequestCodec.java:121)
	at org.apache.solr.common.util.JavaBinCodec.readVal(JavaBinCodec.java:225)
	at org.apache.solr.common.util.JavaBinCodec.unmarshal(JavaBinCodec.java:145)
	at org.apache.solr.client.solrj.request.JavaBinUpdateRequestCodec.unmarshal(JavaBinUpdateRequestCodec.java:186)
	at org.apache.solr.handler.loader.JavabinLoader.parseAndLoadDocs(JavabinLoader.java:107)
	at org.apache.solr.handler.loader.JavabinLoader.load(JavabinLoader.java:54)
	at org.apache.solr.handler.UpdateRequestHandler$1.load(UpdateRequestHandler.java:94)
	at org.apache.solr.handler.ContentStreamHandlerBase.handleRequestBody(ContentStreamHandlerBase.java:69)
	at org.apache.solr.handler.RequestHandlerBase.handleRequest(RequestHandlerBase.java:155)
	at org.apache.solr.core.SolrCore.execute(SolrCore.java:2083)
	at org.apache.solr.servlet.HttpSolrCall.execute(HttpSolrCall.java:651)
	at org.apache.solr.servlet.HttpSolrCall.call(HttpSolrCall.java:458)
	at org.apache.solr.servlet.SolrDispatchFilter.doFilter(SolrDispatchFilter.java:229)
	at org.apache.solr.servlet.SolrDispatchFilter.doFilter(SolrDispatchFilter.java:184)
	at org.eclipse.jetty.servlet.ServletHandler$CachedChain.doFilter(ServletHandler.java:1652)
	at org.eclipse.jetty.servlet.ServletHandler.doHandle(ServletHandler.java:585)
	at org.eclipse.jetty.server.handler.ScopedHandler.handle(ScopedHandler.java:143)
	at org.eclipse.jetty.security.SecurityHandler.handle(SecurityHandler.java:577)
	at org.eclipse.jetty.server.session.SessionHandler.doHandle(SessionHandler.java:223)
	at org.eclipse.jetty.server.handler.ContextHandler.doHandle(ContextHandler.java:1127)
	at org.eclipse.jetty.servlet.ServletHandler.doScope(ServletHandler.java:515)
	at org.eclipse.jetty.server.session.SessionHandler.doScope(SessionHandler.java:185)
	at org.eclipse.jetty.server.handler.ContextHandler.doScope(ContextHandler.java:1061)
	at org.eclipse.jetty.server.handler.ScopedHandler.handle(ScopedHandler.java:141)
	at org.eclipse.jetty.server.handler.ContextHandlerCollection.handle(ContextHandlerCollection.java:215)
	at org.eclipse.jetty.server.handler.HandlerCollection.handle(HandlerCollection.java:110)
	at org.eclipse.jetty.server.handler.HandlerWrapper.handle(HandlerWrapper.java:97)
	at org.eclipse.jetty.server.Server.handle(Server.java:499)
	at org.eclipse.jetty.server.HttpChannel.handle(HttpChannel.java:310)
	at org.eclipse.jetty.server.HttpConnection.onFillable(HttpConnection.java:257)
	at org.eclipse.jetty.io.AbstractConnection$2.run(AbstractConnection.java:540)
	at org.eclipse.jetty.util.thread.QueuedThreadPool.runJob(QueuedThreadPool.java:635)
	at org.eclipse.jetty.util.thread.QueuedThreadPool$3.run(QueuedThreadPool.java:555)
	at java.lang.Thread.run(Thread.java:745)

